# Bundle file v0.3
44 314
5.3200000000e+02 0.0000000000e+00 0.0000000000e+00
9.2756682116e-01 -1.6797774496e-02 3.7327955618e-01
-3.5796260866e-02 9.9039956105e-01 1.3351905178e-01
-3.7193873151e-01 -1.3720985479e-01 9.1806047500e-01
-3.8307883980e-01 1.3058423502e-01 7.6129024123e-01
5.3200000000e+02 0.0000000000e+00 0.0000000000e+00
9.2764845963e-01 -1.2189281270e-02 3.7325561855e-01
-3.6943566344e-02 9.9156962493e-01 1.2419682696e-01
-3.7162280374e-01 -1.2900038893e-01 9.1937771965e-01
-3.8716269248e-01 1.2959880341e-01 7.4937788274e-01
5.3200000000e+02 0.0000000000e+00 0.0000000000e+00
9.1159523231e-01 -1.9405691376e-02 4.1063067539e-01
-4.1978380854e-02 9.8926936084e-01 1.3994265698e-01
-4.0894002980e-01 -1.4480866978e-01 9.0099861331e-01
-4.6444656546e-01 1.1065334053e-01 7.8478999946e-01
5.3200000000e+02 0.0000000000e+00 0.0000000000e+00
-9.4952254514e-01 6.7861202183e-02 -3.0627078463e-01
-8.2206707199e-02 -9.9602933989e-01 3.4170328866e-02
-3.0273584784e-01 5.7623010349e-02 9.5133095982e-01
1.2617085061e-01 -6.8756666617e-01 -6.6852104045e+00
5.3200000000e+02 0.0000000000e+00 0.0000000000e+00
-9.3306994114e-01 8.7859021877e-02 -3.4879976664e-01
-1.0635350094e-01 -9.9374032426e-01 3.4192115689e-02
-3.4361230737e-01 6.8999711684e-02 9.3657334044e-01
2.7105698403e-01 -6.8269331349e-01 -6.6300967365e+00
5.3200000000e+02 0.0000000000e+00 0.0000000000e+00
8.2003636368e-01 -9.5322298301e-02 5.6431730585e-01
-3.8063927314e-03 9.8510167254e-01 1.7193081788e-01
-5.7229876254e-01 -1.4313753599e-01 8.0745635930e-01
-9.6574442194e-01 -2.8523357056e-02 9.6377112039e-01
5.3200000000e+02 0.0000000000e+00 0.0000000000e+00
-9.0751178055e-01 9.4414521472e-02 -4.0927773736e-01
-1.0103755325e-01 -9.9486759617e-01 -5.4661613894e-03
-4.0769324374e-01 3.6391815328e-02 9.1239347586e-01
4.9888765934e-01 -5.5421217935e-01 -6.6320036899e+00
5.3200000000e+02 0.0000000000e+00 0.0000000000e+00
-8.9753205061e-01 8.8220282406e-02 -4.3203402633e-01
-1.0012635121e-01 -9.9496296213e-01 4.8391924885e-03
-4.2943093965e-01 4.7601321010e-02 9.0184432266e-01
5.4763710836e-01 -6.3292849592e-01 -6.5953899162e+00
5.3200000000e+02 0.0000000000e+00 0.0000000000e+00
-8.7758987024e-01 1.0180423940e-01 -4.6847829885e-01
-1.2533871914e-01 -9.9192742867e-01 1.9240107552e-02
-4.6273774985e-01 7.5603393414e-02 8.8326547638e-01
6.6176294226e-01 -7.7766201320e-01 -6.5219056879e+00
5.3200000000e+02 0.0000000000e+00 0.0000000000e+00
7.5779547282e-01 -1.2492169257e-01 6.4042219832e-01
2.3227301721e-02 9.8604428603e-01 1.6485496185e-01
-6.5207861016e-01 -1.1005106413e-01 7.5012148979e-01
-1.2753060408e+00 7.8522250703e-02 1.0273991707e+00
5.3200000000e+02 0.0000000000e+00 0.0000000000e+00
-8.3539640141e-01 1.1965567866e-01 -5.3646562898e-01
-1.5397776141e-01 -9.8788314013e-01 1.9435802868e-02
-5.2763974594e-01 9.8840376398e-02 8.4369833382e-01
9.0024107081e-01 -7.1457190335e-01 -6.4102835679e+00
5.3200000000e+02 0.0000000000e+00 0.0000000000e+00
-8.1339493967e-01 1.2420752925e-01 -5.6829671986e-01
-1.6286558533e-01 -9.8649308860e-01 1.7498207271e-02
-5.5844737732e-01 1.0678893117e-01 8.2263761824e-01
1.0101209804e+00 -7.0194454137e-01 -6.3657800531e+00
5.3200000000e+02 0.0000000000e+00 0.0000000000e+00
-7.7512528604e-01 1.5261963572e-01 -6.1309708671e-01
-1.9788389740e-01 -9.8020601274e-01 6.1754134354e-03
-6.0001896144e-01 1.2610876011e-01 7.8998343434e-01
1.1683535346e+00 -6.8598495555e-01 -6.3114702492e+00
5.3200000000e+02 0.0000000000e+00 0.0000000000e+00
-7.0978634841e-01 1.6395311179e-01 -6.8507132238e-01
-2.0147645188e-01 -9.7915902402e-01 -2.5589939734e-02
-6.7498931766e-01 1.1986234944e-01 7.2802639941e-01
1.4717343828e+00 -5.9873981059e-01 -6.2138033280e+00
5.3200000000e+02 0.0000000000e+00 0.0000000000e+00
5.4895807987e-01 -1.6382691515e-01 8.1963758358e-01
3.0795470252e-02 9.8390223090e-01 1.7603419850e-01
-8.3528238672e-01 -7.1394270775e-02 5.4516620635e-01
-1.9798124604e+00 3.8986549217e-03 1.5910743754e+00
5.3200000000e+02 0.0000000000e+00 0.0000000000e+00
-5.9169883262e-01 2.0337455989e-01 -7.8008414922e-01
-2.1901678839e-01 -9.7181366532e-01 -8.7234433017e-02
-7.7583770074e-01 1.1923501286e-01 6.1956345424e-01
1.8286000754e+00 -3.8875642536e-01 -6.0110568405e+00
5.3200000000e+02 0.0000000000e+00 0.0000000000e+00
-5.4262751380e-01 2.0028611586e-01 -8.1574558108e-01
-2.2436595579e-01 -9.7043061731e-01 -8.9018733243e-02
-8.0945370414e-01 1.3472152308e-01 5.7151973901e-01
1.9988348198e+00 -3.7814418616e-01 -5.9019202406e+00
5.3200000000e+02 0.0000000000e+00 0.0000000000e+00
-5.0076334750e-01 2.0534658741e-01 -8.4087386024e-01
-2.1135263719e-01 -9.7105546814e-01 -1.1127147232e-01
-8.3938437712e-01 1.2200023294e-01 5.2966952962e-01
2.0909498878e+00 -2.9945849451e-01 -5.7952663472e+00
5.3200000000e+02 0.0000000000e+00 0.0000000000e+00
-4.4741913239e-01 2.3504063793e-01 -8.6288586644e-01
-2.7532358158e-01 -9.5418690263e-01 -1.1715067338e-01
-8.5088956122e-01 1.8515737460e-01 4.9163370636e-01
2.1866074118e+00 -3.6028715070e-01 -5.6724562748e+00
5.3200000000e+02 0.0000000000e+00 0.0000000000e+00
-3.8391619205e-01 2.5145166816e-01 -8.8847083017e-01
-2.8005053418e-01 -9.4859303923e-01 -1.4745488879e-01
-8.7987502282e-01 1.9220641118e-01 4.3459940142e-01
2.3677983192e+00 -2.3355283130e-01 -5.5419387070e+00
5.3200000000e+02 0.0000000000e+00 0.0000000000e+00
-3.2718470672e-01 2.4776761544e-01 -9.1189987193e-01
-2.7049009988e-01 -9.4919050400e-01 -1.6084928652e-01
-9.0541994320e-01 1.9403246080e-01 3.7757930372e-01
2.4785847987e+00 -1.7799567996e-01 -5.4051616002e+00
5.3200000000e+02 0.0000000000e+00 0.0000000000e+00
-2.6054254051e-01 2.7744708236e-01 -9.2473817974e-01
-2.8555265026e-01 -9.3711096658e-01 -2.0070555607e-01
-9.2226746040e-01 2.1176910256e-01 3.2338302165e-01
2.5085682916e+00 -7.3611438587e-02 -5.2810952611e+00
0 0 0
0 0 0
0 0 0
0 0 0
0 0 0
5.3200000000e+02 0.0000000000e+00 0.0000000000e+00
-1.3795408819e-01 3.0842832086e-01 -9.4119107542e-01
-2.7585488278e-01 -9.2464060182e-01 -2.6257159236e-01
-9.5124799774e-01 2.2340932917e-01 2.1263940942e-01
2.6452629074e+00 1.3994973907e-01 -4.9568386738e+00
0 0 0
0 0 0
0 0 0
0 0 0
0 0 0
5.3200000000e+02 0.0000000000e+00 0.0000000000e+00
-4.0104494755e-02 3.1434715689e-01 -9.4846059194e-01
-2.9665105897e-01 -9.1017118242e-01 -2.8911341701e-01
-9.5414347910e-01 2.6976709147e-01 1.2975337239e-01
2.7762743302e+00 1.4410580501e-01 -4.5594416030e+00
5.3200000000e+02 0.0000000000e+00 0.0000000000e+00
-2.3029822203e-03 3.2595110259e-01 -9.4538382417e-01
-3.1316189015e-01 -8.9806799040e-01 -3.0887459457e-01
-9.4969696579e-01 2.9534685259e-01 1.0414369800e-01
2.7854113363e+00 1.9079132072e-01 -4.3923347254e+00
0 0 0
0 0 0
0 0 0
0 0 0
0 0 0
0 0 0
0 0 0
0 0 0
0 0 0
0 0 0
0 0 0
0 0 0
0 0 0
0 0 0
0 0 0
0 0 0
0 0 0
0 0 0
0 0 0
0 0 0
0 0 0
0 0 0
0 0 0
0 0 0
0 0 0
0 0 0
0 0 0
0 0 0
0 0 0
0 0 0
0 0 0
0 0 0
0 0 0
0 0 0
0 0 0
0 0 0
0 0 0
0 0 0
0 0 0
0 0 0
0 0 0
0 0 0
0 0 0
0 0 0
0 0 0
0 0 0
0 0 0
0 0 0
0 0 0
0 0 0
0 0 0
0 0 0
0 0 0
0 0 0
0 0 0
0 0 0
0 0 0
0 0 0
0 0 0
0 0 0
0 0 0
0 0 0
0 0 0
0 0 0
0 0 0
0 0 0
0 0 0
0 0 0
0 0 0
0 0 0
0 0 0
0 0 0
0 0 0
0 0 0
0 0 0
0 0 0
0 0 0
0 0 0
0 0 0
0 0 0
0 0 0
0 0 0
0 0 0
0 0 0
0 0 0
-3.0821236955e-01 -5.3586456913e-01 3.1595317397e+00
202 172 110
6 0 0 -73.4500 -5.6400 1 0 -73.4300 -1.9000 2 0 -77.6700 -6.0000 3 0 -83.0200 -3.2900 4 0 -84.9300 0.0500 6 0 -84.7700 1.5200
-8.6286342708e-01 -5.8264505135e-01 2.9040841550e+00
46 18 5
25 0 1 15.9200 10.1100 1 1 16.9300 13.8700 2 1 10.0200 8.9200 3 1 3.1900 12.0100 4 2 1.9000 14.2500 5 1 0.2200 17.9400 6 1 5.5000 14.6600 7 0 1.9400 7.6200 8 0 -0.6000 -4.7000 9 0 1.7400 8.5000 10 0 -1.7400 6.5900 11 1 -2.6100 8.1200 12 0 -5.5000 8.7900 13 0 -1.1300 8.4700 14 0 -1.4200 13.3400 15 0 -7.1700 12.9800 16 0 -3.4100 14.3300 17 0 -6.3000 15.3200 18 0 -10.7500 9.8300 19 0 -4.6300 15.3300 20 0 -5.0100 17.1100 21 0 -17.0400 16.4400 23 1 -22.3600 20.4300 25 0 -20.2600 13.3700 26 0 -24.0500 13.1500
-8.6286342708e-01 -5.8264505135e-01 2.9040841550e+00
46 18 5
25 0 2 15.9200 10.1100 1 2 16.9300 13.8700 2 2 10.0200 8.9200 3 2 3.1900 12.0100 4 3 1.9000 14.2500 5 2 0.2200 17.9400 6 2 5.5000 14.6600 7 1 1.9400 7.6200 8 1 -0.6000 -4.7000 9 1 1.7400 8.5000 10 1 -1.7400 6.5900 11 2 -2.6100 8.1200 12 1 -5.5000 8.7900 13 1 -1.1300 8.4700 14 1 -1.4200 13.3400 15 1 -7.1700 12.9800 16 1 -3.4100 14.3300 17 1 -6.3000 15.3200 18 1 -10.7500 9.8300 19 1 -4.6300 15.3300 20 1 -5.0100 17.1100 21 1 -17.0400 16.4400 23 2 -22.3600 20.4300 25 1 -20.2600 13.3700 26 1 -24.0500 13.1500
-3.3766549257e-01 -1.6602203762e-01 3.4624170576e+00
182 151 87
8 0 3 -77.5800 -60.5300 1 3 -77.2200 -55.7300 2 3 -85.1900 -60.7700 5 3 -100.7200 -54.9300 6 3 -97.5900 -57.9400 7 2 -103.8200 -64.8500 10 2 -111.6900 -65.9900 11 3 -113.4200 -65.9900
-6.9663309381e-01 -4.7810774197e-01 2.9738560230e+00
25 23 20
4 0 5 -11.3400 -11.4000 1 5 -10.3600 -7.0900 2 6 -18.5200 -11.2500 3 7 -24.4100 -7.6400
-4.1667093814e-01 9.7523873720e-02 2.9922058739e+00
156 90 40
7 0 6 -50.4600 -93.7300 1 6 -49.7000 -89.7100 2 7 -55.7300 -94.2400 3 8 -56.0800 -93.2700 4 5 -54.2300 -90.7700 5 5 -54.6800 -86.1300 6 7 -48.6000 -89.3500
-7.4648558490e-02 8.7491839481e-02 3.6868903636e+00
173 144 83
3 0 7 -118.1600 -90.2800 1 7 -117.6300 -86.4300 2 8 -126.1100 -93.3800
-5.2085455974e-01 -1.8736036353e-01 3.2688514045e+00
24 22 23
22 0 8 -50.0400 -55.0000 1 8 -49.3400 -51.1200 2 9 -56.2800 -55.7700 3 6 -61.0400 -55.9100 4 6 -63.0800 -54.2400 5 4 -64.1600 -50.0400 6 4 -59.3500 -53.0700 7 3 -63.3800 -59.6100 8 2 -66.2300 -73.0300 9 2 -62.9700 -60.8700 10 3 -67.4200 -61.2900 11 5 -68.4700 -58.9500 12 2 -70.3800 -58.6600 13 2 -62.9100 -58.0200 14 3 -62.2700 -52.8600 15 3 -64.9400 -52.7100 16 3 -61.7200 -51.3600 17 3 -63.2900 -51.0700 18 2 -64.5900 -58.9800 19 2 -56.4000 -54.2300 20 2 -55.9000 -52.5200 21 2 -63.9900 -55.1400
-7.6942769063e-01 -2.6020556815e-01 3.0462385790e+00
110 101 91
5 0 9 -5.8200 -42.0800 1 9 -4.9100 -38.0100 2 4 -12.8400 -42.4400 3 9 -13.9500 -39.8500 6 5 -11.4200 -34.7500
-7.1281780580e-01 -2.5825592016e-01 2.9136677829e+00
110 101 91
15 0 10 -5.8200 -42.0800 1 10 -4.9100 -38.0100 2 5 -12.8400 -42.4400 3 10 -13.9500 -39.8500 4 7 -14.3800 -36.3100 5 6 -15.5100 -31.9400 6 6 -11.4200 -34.7500 7 4 -15.0900 -41.7800 8 3 -16.1000 -55.1500 9 3 -11.8900 -41.7300 11 6 -15.3800 -41.1100 12 3 -16.7900 -39.8600 16 6 -6.6800 -31.5900 23 10 -10.2700 -25.9600 25 4 -5.8000 -36.3900
-6.2403704263e-01 -5.5556806622e-01 3.1165018544e+00
202 173 107
20 0 11 -31.8800 -0.1400 1 13 -28.6900 2.8400 2 12 -35.8100 -1.7300 3 11 -44.5400 1.4400 4 14 -41.9800 1.9200 5 18 -42.7800 5.6200 6 16 -38.3500 3.4900 7 10 -42.4400 -2.4900 8 5 -48.3500 -12.8100 9 7 -42.3400 -2.6900 10 10 -46.3100 -3.2500 11 14 -46.0900 -2.4600 12 7 -49.9500 -0.8100 13 12 -42.9200 -2.8000 14 16 -44.2200 3.3600 15 8 -50.1400 3.6700 16 15 -44.2600 3.3600 17 10 -48.7600 5.5000 18 5 -56.1400 0.9900 20 12 -46.6000 5.5900
-7.6917617001e-01 -8.1217627204e-01 2.8356614769e+00
18 13 9
18 0 12 5.0800 39.0700 1 14 4.4200 43.2500 2 13 -1.9900 38.5500 5 12 -11.7000 48.7400 7 9 -8.4900 38.8100 8 8 -10.3800 26.4500 9 5 -8.3700 40.3300 10 6 -11.0000 38.8500 11 9 -11.1500 40.5200 12 4 -13.0300 41.3000 14 9 -5.8600 46.1700 17 7 -8.0500 47.2500 19 8 -6.7900 46.5900 20 8 -6.5700 47.3900 21 11 -18.8700 46.1900 23 7 -24.6400 46.5900 25 6 -22.0300 37.7100 26 4 -25.6600 37.4300
-2.3704072897e-01 1.9432921242e-01 3.3778259584e+00
177 143 82
3 0 14 -88.8500 -105.9200 1 16 -88.4400 -101.7900 2 14 -95.8500 -107.5400
-3.3481289480e-01 8.9927402001e-02 3.7859733753e+00
41 23 15
3 0 15 -87.7000 -90.2000 1 17 -87.6400 -85.8700 2 16 -96.4500 -91.5700
-5.6174341293e-01 -3.3637380084e-01 3.1964293765e+00
44 40 43
12 0 16 -39.5000 -32.1700 1 19 -38.5100 -27.9800 2 17 -45.8700 -32.7400 3 17 -51.6500 -31.2000 4 13 -53.4000 -29.1000 5 11 -55.3100 -24.8600 6 13 -50.3300 -27.9300 7 8 -55.0800 -34.5600 8 7 -57.9400 -47.5800 9 4 -55.1400 -35.6200 10 4 -59.6500 -37.0000 11 8 -60.2600 -34.2500
3.2054959163e-01 -1.6026034477e-01 2.2004177622e+00
25 14 10
2 0 18 -146.2700 -50.3600 1 18 -145.9900 -46.2000
-7.6922355681e-01 -5.9367212150e-01 2.7700315273e+00
138 71 29
25 0 19 7.2900 7.9000 1 21 8.3000 11.8200 2 19 1.7800 7.0000 3 24 -3.5000 10.5300 4 19 -3.4500 14.0600 5 19 -4.4100 18.0100 6 21 1.8600 14.9700 7 13 -0.9200 7.6700 8 13 -2.3200 -4.6000 9 10 1.0100 9.3200 10 12 -1.8400 7.6000 11 20 -1.4600 9.2100 12 10 -3.4500 10.4400 13 13 2.9300 10.6600 14 25 4.2600 16.1500 15 21 -0.0700 16.2500 16 19 4.9100 17.3700 17 22 3.1200 18.4000 18 21 0.2500 12.7400 19 28 7.2600 18.8200 20 32 8.0500 20.1800 21 26 -2.3700 20.0500 23 46 -4.6300 23.3200 25 50 0.5600 14.9300 26 40 -2.0600 14.9200
-6.6529238257e-01 -6.9367681674e-01 2.9288530132e+00
13 3 1
11 0 20 -14.1000 20.0300 1 22 -13.3100 23.2100 2 20 -19.7500 19.6200 3 25 -26.3400 22.4600 4 15 -27.3200 25.5700 5 15 -28.6100 29.9200 6 17 -23.0900 26.3800 7 11 -26.3800 19.4500 8 9 -28.8300 7.0400 9 8 -26.5600 20.1600 10 5 -29.9100 18.3600
-3.3019470895e-01 1.3930094044e-01 3.5291079649e+00
64 34 10
3 0 22 -81.1500 -97.1000 1 24 -80.8100 -93.0500 2 21 -88.6800 -99.0900
-3.0019819405e-01 7.7366020633e-02 3.2119585880e+00
165 130 75
4 0 23 -74.4200 -89.9700 1 25 -74.8300 -85.8900 2 22 -81.5000 -91.5500 3 21 -85.2300 -95.0400
-3.9089041031e-01 4.7566991061e-02 3.0523093078e+00
192 123 74
4 0 24 -56.5800 -86.4000 1 26 -55.7100 -82.0200 2 23 -62.0500 -87.0100 3 26 -63.5300 -86.5400
1.5112928828e-01 3.6805127887e-02 3.6119183026e+00
162 130 69
2 0 25 -146.2700 -85.2900 1 27 -146.1400 -80.8300
1.5112928828e-01 3.6805127887e-02 3.6119183026e+00
162 130 69
2 0 26 -146.2700 -85.2900 1 28 -146.1400 -80.8300
2.7466964362e-01 -6.3818138991e-02 2.8515474314e+00
174 140 74
2 0 27 -151.6900 -70.9500 1 29 -151.4700 -66.6200
-6.3272009078e-01 -4.4934061133e-01 3.1618740978e+00
58 49 50
16 0 28 -28.5200 -15.8000 1 20 -27.6100 -12.2400 2 25 -34.8100 -16.2600 3 27 -41.5300 -14.3200 4 18 -43.0200 -12.2400 5 17 -44.7700 -7.7500 6 20 -39.8700 -10.9500 7 12 -44.2400 -17.3800 8 10 -47.2900 -30.4800 9 9 -45.2000 -17.3600 10 11 -49.0500 -18.0600 11 13 -50.0200 -15.7700 12 6 -53.5700 -16.9800 13 4 -48.8200 -17.9400 14 15 -47.3100 -9.5400 16 11 -49.8700 -11.4600
-4.3032544577e-01 2.0049769331e-01 2.9296317161e+00
14 3 1
19 0 32 -45.0200 -108.0500 1 51 -45.3000 -103.2100 2 73 -51.7200 -107.6300 5 25 -47.0600 -99.9200 7 30 -44.5600 -110.9000 9 25 -38.0400 -113.1500 11 22 -39.9900 -112.7000 12 20 -37.6200 -112.1300 13 26 -27.9300 -111.7300 14 54 -24.1400 -105.0800 15 38 -22.8900 -103.9500 16 47 -16.4100 -102.1700 17 34 -15.8000 -101.9700 18 26 -13.9700 -108.8500 19 37 -2.0000 -102.2400 20 63 -0.8000 -99.8400 21 45 -4.1800 -99.4900 25 55 12.2400 -108.7700 26 43 13.5800 -111.9200
-4.6718831600e-01 1.8386549671e-01 2.8553282684e+00
11 7 7
24 0 33 -37.3700 -106.2200 1 31 -36.4600 -102.0600 2 27 -42.2400 -106.6600 3 29 -41.2600 -104.8700 4 24 -38.1300 -101.7800 5 26 -37.8400 -96.9300 6 28 -31.3100 -100.2200 7 20 -34.6400 -108.1900 9 12 -27.6700 -109.8600 10 20 -30.8000 -111.3600 11 23 -29.5300 -109.1600 12 13 -27.2500 -108.1100 13 15 -17.2800 -107.4200 14 28 -12.4200 -100.6600 15 24 -11.9500 -99.0100 16 26 -5.4700 -97.2700 17 23 -5.1800 -96.5100 18 18 -3.6100 -102.7300 19 19 7.9500 -95.9700 20 27 10.0100 -93.6100 21 23 6.1800 -92.4400 23 28 10.9600 -87.7500 25 23 21.0900 -100.1700 26 18 22.0600 -102.3300
-4.1747423667e-01 1.6247725350e-01 2.9061489828e+00
147 91 43
22 0 34 -46.6600 -101.9400 1 32 -45.7800 -97.7400 2 28 -51.3900 -102.6300 3 30 -51.1600 -101.2100 4 25 -48.2300 -98.5100 5 27 -47.9600 -93.7800 6 29 -41.3700 -97.0400 7 21 -44.9700 -105.2100 9 17 -38.3100 -107.1800 10 21 -41.4100 -109.0000 11 24 -40.0200 -106.8900 12 14 -37.7200 -106.1500 13 16 -27.4900 -105.8800 14 42 -22.5700 -99.6400 15 25 -22.0900 -98.1300 16 35 -15.1700 -96.7800 17 24 -14.9600 -96.0300 18 28 -13.0800 -102.7900 19 20 -1.3200 -96.2700 20 38 1.6400 -94.1800 23 39 3.0300 -89.6100 25 35 13.0900 -102.9600
-2.2246811346e-01 1.2783767636e-01 3.5348114927e+00
169 139 84
3 0 35 -94.9100 -96.8400 1 40 -94.8300 -92.1200 2 48 -103.0400 -96.9700
-4.1576695039e-01 -1.6460986060e-01 3.3075390714e+00
190 163 102
7 0 36 -63.1000 -56.8600 1 42 -62.2300 -52.8000 2 29 -70.0400 -57.4200 3 33 -76.1900 -57.9400 4 27 -78.3500 -56.4000 5 50 -80.0700 -53.6100 7 25 -82.1400 -62.6800
-6.2315515304e-01 -7.1745090562e-01 2.9669608059e+00
200 174 116
11 0 39 -21.3100 22.6100 1 34 -20.2900 26.8100 2 30 -27.1600 22.1500 3 35 -33.9800 24.4700 4 29 -35.2100 27.5500 5 33 -36.9200 31.9300 6 33 -31.2200 28.9300 7 27 -34.3800 22.5100 8 26 -37.4000 9.9800 9 22 -35.4000 23.1500 10 29 -39.0000 22.1800
-8.0398797786e-01 -7.3174841200e-01 2.7365866737e+00
12 4 1
13 0 40 12.1100 28.4600 1 36 13.6000 32.0700 2 31 7.3500 27.2100 3 36 1.1200 30.6500 5 43 0.3000 38.0600 6 43 6.2400 35.2900 7 28 4.0700 28.0600 8 33 2.0400 15.8800 9 23 5.5600 29.2500 10 30 3.1800 27.6500 11 36 3.0700 29.4800 12 26 1.2200 30.1700 21 98 0.9900 34.7500
5.2018927140e-01 -5.8421887673e-02 3.9787684926e-01
168 139 84
2 0 44 -141.0700 -60.6700 1 33 -139.6700 -58.2500
-6.6783855084e-01 -2.4258856809e-01 2.9158730870e+00
119 113 91
25 0 45 -12.5500 -44.5800 1 43 -12.6000 -41.0300 2 38 -18.1700 -44.8700 3 44 -21.4100 -42.3900 4 35 -20.9200 -39.0400 5 36 -22.0100 -34.9200 6 38 -16.1300 -37.6700 7 36 -19.2200 -44.7900 8 24 -20.8900 -58.1600 9 19 -16.4600 -44.8400 10 37 -20.0800 -46.3600 11 26 -20.3200 -44.6400 12 16 -20.5700 -43.6200 13 19 -13.7800 -43.3200 14 33 -11.5300 -37.0800 15 28 -14.5800 -36.6300 16 29 -9.6600 -35.0800 17 26 -10.9700 -34.2900 18 19 -12.6200 -40.5300 19 25 -4.2200 -34.4600 20 29 -2.9700 -32.8200 21 24 -11.1500 -33.2400 23 30 -11.6600 -29.9800 25 24 -5.6900 -40.6800 26 20 -7.1800 -42.0000
2.5967589582e-01 -2.6967736458e-01 2.9544857413e+00
19 11 2
2 0 46 -150.3000 -38.7300 1 45 -150.1000 -34.3300
-6.9368136585e-01 -6.2928189790e-01 2.8959516610e+00
197 133 91
24 0 48 -9.6700 11.9600 1 48 -8.6000 15.9500 2 42 -15.0500 11.2900 3 34 -20.8800 13.8600 4 28 -21.0500 16.9900 5 32 -22.0100 21.1700 6 27 -15.9400 17.9900 7 19 -18.9600 11.0100 8 21 -21.0600 -1.6400 9 14 -18.3300 11.6300 10 17 -21.4900 10.1100 11 21 -21.7500 11.8400 12 11 -24.0300 12.6000 13 14 -17.8900 12.1700 14 26 -16.6900 17.3900 15 22 -20.8800 16.7600 16 20 -15.9300 17.8900 17 15 -17.6700 18.5500 19 12 -13.6500 17.8100 20 17 -12.7100 19.1000 21 19 -23.1200 18.3900 23 19 -25.0200 21.2400 25 17 -20.1400 12.4300 26 15 -23.0400 11.8300
-6.5202540199e-01 -7.9590055967e-01 2.8986084736e+00
202 175 122
4 0 49 -15.0200 35.0000 1 50 -13.8700 38.8800 2 45 -20.7100 34.2900 3 69 -28.0100 36.3000
-3.1729247073e-01 8.2413467255e-02 3.4779901448e+00
0 0 255
0
-4.1960074822e-01 -3.9706464267e-02 3.3663532134e+00
181 157 113
18 0 54 -68.1800 -76.1300 1 84 -67.1300 -72.0700 2 55 -74.5700 -76.5500 3 57 -78.5600 -76.9000 4 44 -79.5300 -74.8200 5 72 -80.6700 -71.0000 6 37 -77.0000 -73.7100 7 63 -81.1800 -81.0500 8 53 -84.6600 -95.3300 9 57 -80.5800 -83.8600 10 46 -86.1400 -84.9200 11 62 -86.6900 -83.1700 12 58 -88.2400 -84.1300 13 65 -82.3800 -85.4200 14 76 -80.9300 -80.9700 15 73 -83.9000 -82.3800 16 72 -80.0200 -81.4300 17 66 -82.6100 -81.9700
9.8117601548e-02 -1.3236924795e-01 4.0321467156e+00
17 9 0
3 0 55 -145.3900 -64.0400 1 57 -145.1100 -59.6700 2 56 -155.3700 -64.9800
-6.3634314719e-01 -3.3149141620e-01 3.0545377952e+00
144 134 116
18 0 58 -24.3900 -31.9700 1 46 -22.8900 -27.9900 2 41 -29.6500 -32.4500 3 63 -34.9400 -30.7400 4 37 -34.6400 -27.6500 5 38 -36.2200 -23.4600 6 40 -31.1000 -26.5800 7 38 -34.5200 -33.4600 9 20 -32.7400 -33.9800 10 39 -37.2700 -35.2200 12 22 -38.7800 -32.9200 13 32 -32.5100 -33.1300 16 55 -30.7400 -26.4700 17 40 -31.9900 -25.6900 18 56 -34.6500 -32.7500 21 55 -34.2200 -27.1400 23 66 -35.0000 -24.8300 26 34 -32.4700 -37.5400
-6.3199436256e-01 -6.1422464878e-01 2.9982441672e+00
165 140 99
11 0 60 -20.5600 8.8700 1 109 -19.5800 12.9400 2 62 -26.5100 8.4100 3 67 -33.1300 10.7400 4 49 -34.7500 13.1900 5 53 -36.5100 17.1800 6 60 -31.2800 14.0500 7 51 -35.0000 7.3200 8 45 -37.8800 -5.6300 9 45 -35.7700 7.3300 10 53 -39.4900 5.8700
-7.3868941664e-01 -6.0948451487e-01 2.7838474702e+00
173 104 63
18 0 61 1.5600 9.8300 1 110 3.0800 13.5400 2 88 -3.4500 8.9100 3 99 -8.8700 12.0500 6 93 -3.3800 16.6300 8 73 -7.5500 -3.0300 9 83 -4.0100 10.4800 10 90 -6.7200 8.9600 11 88 -6.5800 10.8700 12 76 -8.1900 11.8200 13 85 -1.5700 11.8900 14 96 -0.2200 17.4000 15 156 -4.4000 17.4400 16 102 1.3600 18.1500 17 92 -0.1100 18.9900 19 164 3.9000 19.5800 20 93 5.2600 20.7000 21 93 -5.1000 20.5300
-7.2625813993e-01 -6.1914427737e-01 2.7284295328e+00
47 16 1
3 0 62 3.8800 13.7300 1 61 5.3000 17.6000 2 63 -0.8000 12.8500
-8.1446848755e-01 -6.7285851412e-01 2.7727918467e+00
98 53 31
8 0 63 11.9600 19.4700 1 62 13.9500 22.4500 2 64 7.0700 18.3700 5 96 0.4500 29.4900 9 85 4.8900 21.3800 10 92 2.2100 19.6800 11 91 2.7700 21.0500 13 87 6.8000 22.4900
-6.8504056110e-01 -6.8648225274e-01 2.8291064260e+00
39 5 2
15 0 64 -7.6400 19.4100 1 63 -6.5300 23.3400 2 65 -13.0400 18.6100 3 68 -19.1800 22.0200 4 50 -19.3600 25.0500 5 54 -20.2000 29.8700 6 41 -14.1200 25.8300 7 39 -16.7500 18.7500 8 29 -18.5100 6.1400 11 33 -17.4200 19.8000 16 41 -10.4600 26.5200 20 42 -6.4300 28.8400 23 49 -17.9600 31.4000 25 29 -13.2300 22.8500 26 25 -15.9900 22.7700
-6.8802234028e-01 -7.2717200321e-01 2.8309108113e+00
186 137 97
19 0 66 -7.8700 24.9900 1 65 -6.7100 29.0000 3 47 -19.1200 27.0000 4 51 -19.7000 30.1200 5 55 -20.5400 34.4200 6 62 -14.7300 31.2600 7 41 -16.9600 24.4600 8 31 -18.8100 11.9600 9 31 -16.0700 25.6300 10 43 -18.4300 24.1700 12 24 -20.2300 26.6700 13 36 -13.8500 26.5600 14 48 -12.6000 31.7000 15 41 -16.4400 31.3000 16 58 -11.0800 32.2200 19 44 -8.9100 32.9600 21 60 -17.9100 33.4500 23 70 -19.4300 36.5500 26 41 -17.2800 28.4900
-6.8851855876e-01 -7.2668515557e-01 2.8318781406e+00
186 137 97
21 0 67 -7.8700 24.9900 1 66 -6.7100 29.0000 2 44 -12.7400 24.1900 3 48 -19.1200 27.0000 4 52 -19.7000 30.1200 5 56 -20.5400 34.4200 6 63 -14.7300 31.2600 7 42 -16.9600 24.4600 8 32 -18.8100 11.9600 9 32 -16.0700 25.6300 10 44 -18.4300 24.1700 11 35 -18.5000 26.0600 12 25 -20.2300 26.6700 13 37 -13.8500 26.5600 14 49 -12.6000 31.7000 15 42 -16.4400 31.3000 16 59 -11.0800 32.2200 19 45 -8.9100 32.9600 21 61 -17.9100 33.4500 23 71 -19.4300 36.5500 26 42 -17.2800 28.4900
-7.5821385965e-01 -7.5004792175e-01 2.7439897906e+00
116 66 37
24 0 68 5.8000 30.7200 1 67 7.1300 34.4800 2 67 0.6400 29.9600 4 53 -5.5200 36.0400 5 57 -6.0700 40.4300 6 64 0.0700 37.2300 7 52 -2.2800 30.2200 8 46 -3.9700 17.7700 9 48 -0.9300 31.6000 10 56 -3.3200 29.9200 11 49 -2.7100 31.3600 12 44 -4.9500 32.2500 13 52 1.3500 32.3000 14 63 2.6500 37.4500 15 60 -1.8800 37.1100 16 60 3.0800 38.1000 17 57 1.1000 39.1400 18 61 -2.1500 33.1700 19 59 4.4700 39.2500 20 58 5.4100 40.6800 21 63 -5.7400 40.1000 23 114 -8.0500 43.5400 25 99 -2.9200 35.9000 26 62 -5.5900 35.8800
-3.8252169664e-02 2.6668081979e-01 4.0420972889e+00
23 4 0
3 0 70 -129.7100 -112.0100 1 70 -129.5900 -107.6200 2 71 -139.6700 -113.4200
-3.8252169664e-02 2.6668081979e-01 4.0420972889e+00
23 4 0
3 0 71 -129.7100 -112.0100 1 71 -129.5900 -107.6200 2 72 -139.6700 -113.4200
-4.4960510203e-01 2.2650014355e-01 3.9863537967e+00
177 149 125
2 0 73 -79.6900 -105.4000 1 73 -79.7500 -101.2400
-3.7109722189e-01 1.1236655819e-01 4.1611269061e+00
18 5 0
2 0 76 -93.0100 -91.6500 1 78 -93.0800 -87.4000
-1.2617778179e-01 6.5211250954e-02 3.3182744716e+00
180 161 131
2 0 77 -101.9600 -88.9000 1 81 -101.7200 -84.7000
-1.9255039398e-01 7.5522602681e-02 3.6509926910e+00
180 161 131
3 0 78 -101.9600 -88.9000 1 82 -101.7200 -84.7000 2 126 -110.0400 -90.9300
-2.4504963467e-01 2.4039995943e-02 3.3941504351e+00
170 138 94
4 0 79 -87.9200 -83.5000 1 83 -87.5400 -79.2700 3 55 -105.0200 -88.4900 4 107 -109.9300 -89.9900
3.1427854845e-01 -7.1871799893e-02 2.7450038321e+00
171 155 110
2 0 80 -156.6000 -69.4900 1 85 -156.2500 -65.1500
3.1427854845e-01 -7.1871799893e-02 2.7450038321e+00
171 155 110
2 0 81 -156.6000 -69.4900 1 86 -156.2500 -65.1500
2.2940027052e-01 -8.9175407158e-02 3.0536680216e+00
183 157 118
2 0 82 -147.9100 -67.3000 1 87 -147.6700 -62.9300
2.2940027052e-01 -8.9175407158e-02 3.0536680216e+00
183 157 118
2 0 83 -147.9100 -67.3000 1 88 -147.6700 -62.9300
7.4780955351e-02 -1.8250474018e-01 4.0697183521e+00
160 137 112
3 0 84 -143.1400 -57.5700 1 90 -142.6400 -53.7800 2 147 -152.8800 -59.6100
3.9742219480e-01 -9.8539297402e-02 1.4367368861e+00
160 137 112
2 0 85 -143.1400 -57.5700 1 91 -142.6400 -53.7800
-7.4674931840e-01 -2.2145336019e-01 2.8210939255e+00
150 142 129
19 0 86 2.7700 -46.9500 1 93 3.4900 -42.9800 2 81 -2.7300 -47.3500 3 81 -5.2300 -43.9400 4 70 -4.6300 -40.3900 5 76 -5.2600 -35.7600 6 78 0.2300 -38.8500 7 67 -2.5700 -46.1400 9 62 0.5200 -45.4000 10 74 -2.5900 -47.2000 11 69 -2.3400 -45.2200 12 62 -3.2600 -43.6300 14 82 5.9900 -36.9200 15 135 2.4200 -35.6400 18 72 4.9600 -38.9500 20 138 13.2100 -30.5500 23 97 3.7000 -26.4900 25 84 10.0300 -36.6100 26 84 7.7100 -37.4700
-7.4674931840e-01 -2.2145336019e-01 2.8210939255e+00
150 142 129
19 0 87 2.7700 -46.9500 1 94 3.4900 -42.9800 2 82 -2.7300 -47.3500 3 82 -5.2300 -43.9400 4 71 -4.6300 -40.3900 5 77 -5.2600 -35.7600 6 79 0.2300 -38.8500 7 68 -2.5700 -46.1400 9 63 0.5200 -45.4000 10 75 -2.5900 -47.2000 11 70 -2.3400 -45.2200 12 63 -3.2600 -43.6300 14 83 5.9900 -36.9200 15 136 2.4200 -35.6400 18 73 4.9600 -38.9500 20 139 13.2100 -30.5500 23 98 3.7000 -26.4900 25 85 10.0300 -36.6100 26 85 7.7100 -37.4700
-6.2880476215e-01 -2.3521595138e-01 2.9742129807e+00
130 117 111
19 0 88 -20.8100 -45.7600 1 173 -20.3800 -42.3700 2 155 -26.5800 -46.6500 5 74 -30.7900 -36.7800 6 77 -25.0300 -39.8400 7 130 -29.0200 -47.4400 9 61 -26.2700 -47.9800 10 72 -29.8200 -48.8600 11 68 -29.9000 -47.1100 14 56 -21.0900 -39.7800 15 51 -23.9600 -39.4000 16 153 -18.7600 -38.9200 17 47 -20.5000 -37.3500 18 71 -22.0600 -44.4400 20 52 -11.9700 -36.2200 21 53 -20.0200 -36.8100 23 63 -19.8900 -34.2200 25 41 -13.9800 -44.7200 26 32 -15.6000 -46.6400
2.9389543864e-01 -2.3969401405e-01 2.8199638406e+00
83 93 83
2 0 90 -153.6700 -42.1000 1 95 -153.4700 -37.7200
2.9389543864e-01 -2.3969401405e-01 2.8199638406e+00
83 93 83
2 0 91 -153.6700 -42.1000 1 96 -153.4700 -37.7200
-6.7201873441e-01 -2.7856468767e-01 2.9431022472e+00
33 29 18
25 0 93 -13.1700 -39.1200 1 97 -12.4300 -35.2500 2 159 -18.9200 -39.7900 3 88 -22.9400 -37.0700 4 72 -22.5200 -34.0300 5 81 -23.6000 -29.6700 6 82 -17.9900 -32.7800 7 70 -21.3900 -39.9900 8 58 -23.2600 -53.0500 9 68 -19.2300 -39.9700 10 78 -22.6900 -41.3500 11 73 -22.9100 -39.4000 12 66 -23.6900 -38.6900 13 73 -16.7000 -38.3900 14 88 -15.1200 -32.6200 15 82 -18.1600 -32.2700 16 89 -13.5000 -30.8100 17 75 -14.9400 -29.9800 18 78 -16.6700 -36.0500 19 147 -8.4700 -30.4800 20 85 -7.5400 -28.7800 21 148 -16.2200 -29.4400 23 100 -16.5900 -26.3000 25 83 -11.3300 -36.8500 26 83 -13.0400 -38.2100
-6.7669992003e-01 -5.2646864750e-01 2.9223475195e+00
29 16 6
3 0 95 -12.6200 -3.2800 1 104 -11.5600 0.4800 2 61 -18.2200 -3.7300
-6.8449234746e-01 -5.9047456993e-01 2.9052657297e+00
121 94 67
7 0 96 -10.7500 5.7800 1 106 -9.5800 9.8800 2 86 -16.2700 5.2300 3 66 -22.0800 7.8300 4 48 -22.6200 11.0700 5 52 -23.6500 15.4000 6 59 -17.7200 12.4100
-6.9678766464e-01 -5.9485828166e-01 2.8404883207e+00
47 5 0
14 0 97 -7.1400 6.9800 1 108 -6.0300 11.0400 2 87 -12.4400 6.4300 3 97 -17.5100 9.1000 4 83 -17.4300 12.3600 5 95 -17.9200 16.6600 6 92 -11.9000 13.4700 7 78 -14.7100 6.5000 8 44 -16.2200 -6.2200 9 44 -12.9000 7.3400 10 52 -15.7300 5.7500 11 48 -15.2900 7.6100 12 43 -16.7800 8.4400 14 62 -7.8200 13.6400
-7.1529596310e-01 -8.3023734240e-01 2.8669248260e+00
25 12 1
8 0 99 -5.3300 39.8800 1 113 -4.3500 44.0400 2 91 -10.8600 39.3000 3 102 -17.9300 42.0200 4 54 -18.7800 45.0500 5 97 -20.2600 49.2000 6 158 -14.9300 45.8600 7 81 -17.2700 39.5300
-8.2946860915e-01 -8.7625471492e-01 2.8066749424e+00
184 158 120
13 0 100 14.0900 47.5800 1 115 15.2800 51.5200 2 92 8.4000 46.5800 3 103 0.4200 49.8600 4 85 -1.2000 52.7700 5 98 -2.6000 56.8100 8 75 -2.7400 34.6500 9 87 -0.8500 48.8100 10 94 -3.2900 47.2600 11 156 -3.8800 48.9100 12 142 -6.9300 49.6400 13 89 -1.7500 49.5900 14 166 -1.8200 54.5500
-8.3690898767e-01 -9.1008631688e-01 2.8930657793e+00
198 172 124
3 0 101 9.0500 48.9000 1 116 9.8700 53.0500 2 93 2.9900 48.1600
-1.4476845597e+00 3.3687523141e-01 3.6892969395e+00
93 75 51
2 0 102 40.5200 -115.7300 1 120 41.1000 -111.8300
-3.6574480485e-01 3.0078885592e-01 3.9348433191e+00
27 23 22
2 0 104 -88.1600 -115.1000 1 121 -88.1300 -110.8600
-3.5858450961e-01 2.0533214614e-01 3.0114962390e+00
120 91 78
14 0 108 -59.9700 -108.2700 1 124 -59.3300 -104.1200 2 99 -65.2300 -109.0100 4 91 -62.1700 -106.2900 5 104 -62.1000 -101.8900 6 99 -55.8800 -105.2700 7 83 -59.7500 -113.1800 9 92 -53.3500 -116.3300 11 93 -55.5900 -116.0000 12 80 -53.2700 -115.8500 13 92 -43.0300 -115.9400 14 104 -37.8000 -109.7400 15 99 -36.7700 -108.9200 16 109 -29.6900 -107.3900
-4.3481878118e-01 1.6810952289e-01 2.8996011391e+00
126 75 41
8 0 109 -43.6200 -103.8500 1 74 -43.6200 -99.5400 2 102 -48.9600 -104.4300 5 62 -45.3200 -95.3900 9 106 -36.0000 -109.0700 12 87 -35.0800 -107.5000 13 104 -24.2200 -106.4900 15 112 -18.7500 -98.7600
-3.2629132485e-01 1.2366245671e-01 3.0618301744e+00
166 110 89
4 0 115 -65.9000 -97.5600 1 130 -65.4000 -93.3400 2 112 -71.5000 -98.3600 3 116 -71.7800 -98.3800
-3.2629132485e-01 1.2366245671e-01 3.0618301744e+00
166 110 89
4 0 116 -65.9000 -97.5600 1 131 -65.4000 -93.3400 2 113 -71.5000 -98.3600 3 117 -71.7800 -98.3800
-3.4808808313e-01 9.9835030094e-02 2.9654764563e+00
121 48 1
25 0 121 -58.7200 -92.5300 1 139 -57.8100 -88.2100 2 121 -63.8700 -93.1700 3 123 -63.8800 -92.5400 4 105 -61.2200 -90.1400 5 117 -61.1400 -85.7500 6 70 -54.9700 -88.9200 7 105 -58.3700 -96.6500 8 49 -59.3400 -111.5100 9 53 -52.7200 -99.3700 10 64 -55.7800 -100.8700 11 55 -54.5600 -98.9500 12 52 -51.9700 -98.7500 13 59 -41.8200 -98.7300 14 70 -36.5800 -92.7900 15 67 -36.1900 -92.1300 16 68 -29.3300 -90.6700 17 61 -28.5900 -90.2700 18 63 -26.5900 -97.3500 19 67 -14.6800 -91.2900 20 68 -11.2000 -89.2200 21 74 -15.1100 -89.5600 23 137 -8.1800 -85.8100 25 126 2.3400 -99.1400 26 110 3.8400 -102.1300
-3.4812542998e-01 9.9682740242e-02 2.9652840517e+00
121 48 1
24 0 122 -58.7200 -92.5300 1 140 -57.8100 -88.2100 2 122 -63.8700 -93.1700 3 124 -63.8800 -92.5400 4 106 -61.2200 -90.1400 5 118 -61.1400 -85.7500 6 71 -54.9700 -88.9200 7 106 -58.3700 -96.6500 8 50 -59.3400 -111.5100 9 54 -52.7200 -99.3700 10 65 -55.7800 -100.8700 11 56 -54.5600 -98.9500 12 53 -51.9700 -98.7500 14 71 -36.5800 -92.7900 15 68 -36.1900 -92.1300 16 69 -29.3300 -90.6700 17 62 -28.5900 -90.2700 18 64 -26.5900 -97.3500 19 68 -14.6800 -91.2900 20 69 -11.2000 -89.2200 21 75 -15.1100 -89.5600 23 138 -8.1800 -85.8100 25 127 2.3400 -99.1400 26 111 3.8400 -102.1300
-4.8381560623e-01 8.2241054046e-02 2.8917463417e+00
158 95 59
15 0 126 -36.2500 -91.4700 1 77 -35.9600 -87.6300 4 112 -39.6300 -86.9900 6 72 -33.1100 -85.8800 10 122 -34.0400 -96.5400 11 58 -32.8400 -94.4500 12 102 -30.9800 -93.4700 14 74 -17.5200 -86.9700 15 119 -17.9400 -85.2700 18 110 -10.2600 -89.6100 19 125 0.4500 -83.0800 20 123 2.9900 -80.9400 21 133 -1.7400 -80.3900 25 140 11.3900 -88.5400 26 74 11.7100 -90.7700
-7.9356983176e-01 7.6993500812e-02 2.7721794498e+00
12 11 11
5 0 128 11.8000 -90.3300 1 145 12.2500 -86.3700 4 123 8.0400 -81.7000 6 128 14.0300 -79.8300 9 134 16.3600 -86.4600
9.2104592390e-02 9.2071972167e-02 4.5949306187e+00
29 6 0
2 0 129 -152.5600 -89.7400 1 79 -152.6200 -85.0800
9.2104592390e-02 9.2071972167e-02 4.5949306187e+00
29 6 0
2 0 130 -152.5600 -89.7400 1 80 -152.6200 -85.0800
-1.5129817545e+00 1.3529786475e-01 5.1949091343e+00
14 12 14
2 0 131 -13.0800 -88.6800 1 148 -12.9500 -84.5400
-4.4340638281e-01 1.8491859335e-02 3.1024922173e+00
49 8 1
13 0 137 -51.2800 -82.3800 1 155 -50.7400 -78.1100 2 134 -57.0800 -83.0800 3 135 -59.3700 -82.4000 4 124 -58.3800 -80.0200 5 124 -59.5000 -75.5600 6 129 -53.9500 -78.9000 7 121 -58.1300 -86.4900 8 52 -59.7800 -100.9300 9 56 -54.6300 -88.9300 11 61 -58.2700 -88.7100 12 57 -57.7500 -88.7800 13 64 -49.4900 -89.0700
1.4803219124e-01 -7.6249645280e-02 2.2160892327e+00
164 132 91
2 0 144 -112.7100 -66.8400 1 163 -112.1800 -62.8200
6.1563414238e-01 -3.5046509929e-02 -4.0953211827e-01
161 129 83
2 0 146 -117.7600 -63.2300 1 159 -112.7800 -76.0500
3.5732257489e-01 -1.2704110456e-01 2.0188421790e+00
144 140 118
2 0 152 -149.7200 -55.6400 1 92 -149.6400 -51.5700
2.1224335318e-01 -1.9914558548e-01 3.5055791038e+00
13 12 3
2 0 153 -152.3800 -53.3300 1 168 -152.2000 -48.8300
-4.6454085105e-01 -2.0466375746e-01 3.2602658325e+00
64 61 58
5 0 155 -54.7000 -50.9700 1 169 -54.2700 -46.9300 3 147 -67.4600 -51.3500 4 68 -69.1500 -49.4100 5 126 -71.9300 -45.6900
-6.6402018906e-01 -2.0670566470e-01 2.8994552188e+00
29 24 21
13 0 158 -12.4300 -48.9400 1 171 -11.9200 -44.8700 2 80 -17.9000 -49.6300 3 80 -20.9300 -46.9400 4 137 -20.4100 -43.5000 5 73 -20.6800 -39.1500 6 76 -14.6800 -42.3300 7 66 -18.0800 -49.5300 8 40 -19.3500 -62.9800 9 60 -15.2000 -49.5800 10 47 -18.2200 -51.3000 11 67 -18.7000 -49.0300 15 76 -11.5400 -41.0900
3.5382802103e-01 -1.4928129690e-01 1.7008254312e+00
156 121 83
2 0 161 -140.0200 -47.4000 1 172 -139.7500 -43.4700
-7.9114371576e-01 -2.4088999875e-01 2.7923180230e+00
104 97 94
8 0 162 10.2600 -43.5500 1 174 11.1500 -39.8000 3 151 1.6700 -40.2700 7 132 4.7500 -42.3000 9 145 7.5200 -41.4400 13 135 11.0000 -39.0500 16 159 13.6000 -30.0100 26 135 11.8700 -32.0700
-7.1114862586e-01 -2.6903937481e-01 2.8729449133e+00
32 21 15
19 0 165 -4.7100 -40.5000 1 175 -3.8600 -36.5200 2 156 -10.2400 -40.9500 3 84 -13.4300 -37.6000 4 143 -13.4900 -34.4900 5 133 -14.5700 -30.1600 6 80 -8.1800 -33.1200 7 135 -11.5100 -40.3700 8 105 -13.0900 -53.4700 9 66 -8.4300 -39.6400 10 48 -11.5800 -41.0400 11 71 -11.7600 -39.3500 12 37 -12.4400 -37.8800 13 46 -5.3700 -37.3700 14 90 -4.0700 -31.8600 18 53 -5.2700 -33.9300 19 51 2.8900 -28.1000 25 62 -0.5600 -33.1300 26 57 -2.3600 -34.1100
-7.1111050903e-01 -2.7085411566e-01 2.8721785476e+00
32 21 15
24 0 166 -4.7100 -40.5000 1 176 -3.8600 -36.5200 2 157 -10.2400 -40.9500 3 85 -13.4300 -37.6000 4 144 -13.4900 -34.4900 5 134 -14.5700 -30.1600 6 81 -8.1800 -33.1200 7 136 -11.5100 -40.3700 8 106 -13.0900 -53.4700 9 67 -8.4300 -39.6400 10 49 -11.5800 -41.0400 11 72 -11.7600 -39.3500 12 38 -12.4400 -37.8800 13 47 -5.3700 -37.3700 14 91 -4.0700 -31.8600 16 90 -2.1200 -29.3400 17 76 -3.5800 -28.2200 18 54 -5.2700 -33.9300 19 52 2.8900 -28.1000 20 53 3.7700 -26.3400 21 85 -5.1900 -26.2100 23 102 -6.1500 -22.8500 25 63 -0.5600 -33.1300 26 58 -2.3600 -34.1100
-5.9612892605e-01 -2.7502930860e-01 3.0593650104e+00
35 24 19
14 0 167 -29.0800 -40.0700 1 178 -28.1100 -36.0500 2 158 -35.2800 -40.4300 3 83 -39.0600 -39.1500 4 142 -39.6700 -35.7300 5 78 -40.7300 -31.8300 7 134 -39.4000 -42.0300 9 144 -37.4500 -42.5300 10 138 -41.9300 -43.7700 11 136 -42.3600 -41.9900 12 118 -42.9100 -41.4200 13 69 -35.9100 -42.1300 14 84 -34.9400 -36.4700 16 82 -32.2000 -35.0200
-6.4376781268e-01 -2.7970867708e-01 2.9795945347e+00
51 42 27
15 0 168 -18.8500 -39.2200 1 180 -18.4100 -35.2500 3 86 -28.9200 -37.5300 4 145 -28.4600 -34.5100 5 79 -29.8400 -30.2000 6 83 -24.0800 -33.2400 9 64 -25.7000 -40.6000 10 76 -29.0500 -41.9500 15 79 -24.4800 -33.5100 16 86 -19.7300 -32.0400 19 83 -14.8800 -32.1100 20 140 -13.3600 -30.5800 21 145 -21.9700 -31.4100 25 152 -16.6300 -39.1800 26 81 -18.5400 -40.4100
-6.4182314494e-01 -2.7870831008e-01 2.9787638969e+00
51 42 27
23 0 169 -18.8500 -39.2200 1 181 -18.4100 -35.2500 2 160 -25.1300 -39.9100 3 87 -28.9200 -37.5300 4 146 -28.4600 -34.5100 5 80 -29.8400 -30.2000 6 84 -24.0800 -33.2400 7 69 -27.8000 -40.5900 8 57 -29.8300 -53.9000 9 65 -25.7000 -40.6000 10 77 -29.0500 -41.9500 11 137 -29.3300 -40.4800 12 119 -30.5300 -39.4800 13 133 -23.8100 -39.6200 14 85 -21.3400 -33.9400 15 80 -24.4800 -33.5100 16 87 -19.7300 -32.0400 17 73 -21.0900 -31.3200 18 76 -23.0200 -37.9000 19 84 -14.8800 -32.1100 20 141 -13.3600 -30.5800 21 146 -21.9700 -31.4100 25 153 -16.6300 -39.1800
-6.1501041126e-01 -2.9001504400e-01 3.0438895990e+00
148 139 122
24 0 171 -25.9100 -38.0200 1 182 -25.3100 -33.9800 2 162 -31.9400 -38.6600 3 153 -36.4300 -36.7500 4 147 -36.2200 -33.8300 5 135 -37.9500 -29.6900 6 137 -32.3400 -32.6800 7 137 -36.1100 -39.8600 8 107 -38.3600 -53.0600 10 139 -38.1300 -41.5900 11 138 -38.0600 -39.6600 12 120 -39.3400 -39.2900 13 134 -32.8900 -39.4100 14 141 -31.4300 -33.9200 15 137 -34.3300 -33.8900 16 158 -29.5300 -32.5300 17 137 -31.3900 -31.9100 18 124 -33.2600 -38.8500 19 143 -24.7000 -33.3200 20 137 -23.7900 -31.7000 21 144 -31.8800 -32.8400 23 154 -31.4800 -30.3200 25 150 -26.3500 -41.3800 26 78 -28.4000 -43.2900
-6.0277281897e-01 -2.9737973616e-01 3.0886048029e+00
160 147 141
25 0 173 -30.1800 -37.0500 1 98 -29.4300 -33.0200 2 163 -36.2500 -37.6400 3 89 -40.7700 -36.0700 4 73 -41.2800 -33.3300 5 82 -42.6700 -29.1200 6 138 -37.0500 -32.1800 7 71 -41.0200 -39.1600 8 59 -43.2400 -52.4800 9 69 -39.7600 -39.8800 10 79 -43.5500 -41.0700 11 74 -43.8400 -39.2400 12 64 -45.2400 -38.9100 13 70 -38.7000 -39.2000 14 86 -37.2200 -33.8700 15 77 -40.4300 -34.0200 16 84 -35.5200 -32.6200 17 71 -37.4300 -32.0600 18 74 -39.3600 -39.0300 19 81 -31.2100 -33.9000 20 82 -30.1200 -32.1800 21 82 -38.4800 -33.7400 23 95 -38.7300 -31.7400 25 77 -33.7700 -42.9100 26 55 -35.7400 -45.0200
-6.0254765995e-01 -2.9735086196e-01 3.0885652108e+00
160 147 141
24 0 174 -30.1800 -37.0500 1 99 -29.4300 -33.0200 2 164 -36.2500 -37.6400 3 90 -40.7700 -36.0700 4 74 -41.2800 -33.3300 6 139 -37.0500 -32.1800 7 72 -41.0200 -39.1600 8 60 -43.2400 -52.4800 9 70 -39.7600 -39.8800 10 80 -43.5500 -41.0700 11 75 -43.8400 -39.2400 12 65 -45.2400 -38.9100 13 71 -38.7000 -39.2000 14 87 -37.2200 -33.8700 15 78 -40.4300 -34.0200 16 85 -35.5200 -32.6200 17 72 -37.4300 -32.0600 18 75 -39.3600 -39.0300 19 82 -31.2100 -33.9000 20 83 -30.1200 -32.1800 21 83 -38.4800 -33.7400 23 96 -38.7300 -31.7400 25 78 -33.7700 -42.9100 26 56 -35.7400 -45.0200
-6.6541577821e-01 -2.9859799555e-01 2.9645457661e+00
123 121 108
24 0 176 -15.0300 -36.2000 1 100 -15.0600 -32.5900 2 83 -21.3400 -37.0500 3 91 -25.3200 -34.5400 4 148 -25.1900 -31.4700 5 83 -26.5100 -27.2100 6 141 -19.6800 -29.5600 8 61 -25.8700 -50.4000 9 71 -22.4400 -37.6000 10 81 -25.4800 -38.8200 11 78 -25.5200 -36.7500 12 67 -26.9400 -36.1700 13 74 -20.0200 -35.9300 14 92 -18.4200 -30.3900 15 83 -21.9500 -30.2000 16 161 -16.4500 -28.4800 17 77 -18.4600 -27.5800 18 79 -20.7000 -34.1500 19 85 -12.1700 -28.4600 20 86 -11.3000 -26.9200 21 149 -19.8600 -27.3500 23 101 -20.6400 -24.9400 25 86 -15.3500 -35.2600 26 86 -17.3800 -36.8700
2.9275897161e-01 -2.7686358721e-01 2.8050375347e+00
95 102 92
2 0 178 -153.2200 -35.9100 1 184 -152.7200 -31.4800
-7.3606802983e-01 -3.2366090393e-01 2.9263785324e+00
31 25 19
7 0 182 -3.7600 -32.2600 1 186 -3.3600 -28.1000 4 151 -13.8500 -26.3100 6 144 -9.3600 -25.1900 7 144 -12.6600 -32.4600 8 113 -13.9800 -45.4100 12 124 -15.2900 -30.4200
-5.4703919336e-01 -4.1820686174e-01 3.1063711218e+00
190 172 133
3 0 186 -37.5500 -20.5600 1 187 -36.9700 -16.3900 3 158 -50.0500 -18.1800
-7.4324583306e-01 -4.6253185568e-01 2.9179231428e+00
71 56 45
7 0 188 -1.6800 -12.3400 1 102 -0.8000 -8.4200 2 171 -8.1800 -12.6800 3 95 -13.8700 -9.9700 4 79 -14.9900 -6.7200 5 89 -16.5700 -2.5200 6 90 -11.3200 -5.4900
-6.1102530067e-01 -4.8307737150e-01 3.1734307297e+00
196 174 124
5 0 189 -31.8600 -12.1400 1 188 -30.4100 -7.6000 5 141 -50.8500 -5.5600 7 148 -49.4700 -13.6200 8 115 -51.4700 -25.0700
-7.1116476081e-01 -5.2358139315e-01 2.8943066153e+00
50 6 1
3 0 194 -6.4500 -3.4100 1 192 -5.4500 0.5100 3 165 -17.4600 -1.2000
3.5084536433e-01 -4.2466935314e-01 2.3850103848e+00
35 10 1
2 0 195 -154.9400 -2.8800 1 193 -154.9800 1.4800
-7.3586378741e-01 -5.4738301155e-01 2.8201629708e+00
43 11 0
8 0 196 0.0000 0.7600 1 195 1.2100 4.7700 5 93 -11.1400 10.8400 8 119 -9.4800 -12.1200 9 158 -5.9300 1.5200 11 143 -8.8800 1.7200 12 134 -10.5000 2.7800 17 148 -2.7400 10.5000
-7.3449552554e-01 -5.4864627584e-01 2.8171248687e+00
43 11 0
13 0 197 0.0000 0.7600 1 196 1.2100 4.7700 4 160 -10.6800 6.4000 5 94 -11.1400 10.8400 6 151 -5.3600 7.4800 8 120 -9.4800 -12.1200 9 159 -5.9300 1.5200 10 87 -9.0100 -0.0300 11 144 -8.8800 1.7200 12 135 -10.5000 2.7800 16 176 -1.2600 9.4600 17 149 -2.7400 10.5000 20 155 2.5100 12.0500
4.7294711611e-01 -3.0044469410e-01 1.2193302884e+00
52 8 1
2 0 198 -156.8700 6.4800 1 107 -156.9200 10.5000
-7.4046524394e-01 -5.9928702436e-01 2.8271704220e+00
84 21 0
10 0 199 -0.8400 7.7700 1 197 0.2700 11.9400 3 167 -11.3700 10.0500 4 161 -10.9500 13.3200 5 150 -11.6200 17.7400 6 153 -5.5800 14.6100 7 153 -8.2300 7.7000 8 125 -9.5200 -5.1800 9 161 -6.4000 8.6500 10 151 -8.8900 6.9700
3.9044907546e-01 -4.4801426117e-01 2.1068585885e+00
178 139 102
2 0 200 -157.3100 9.3700 1 198 -157.1300 13.7600
-6.6065369119e-01 -6.4918276262e-01 2.9934074809e+00
35 29 8
3 0 202 -18.3600 12.3500 1 199 -17.2900 16.1400 2 175 -24.2800 11.9600
-7.1147189163e-01 -8.3736585175e-01 2.9298657099e+00
178 155 115
21 0 206 -9.2000 39.6500 1 202 -8.1000 43.6000 2 90 -15.0600 39.0300 3 101 -22.5100 41.4500 4 84 -23.6000 44.1300 5 58 -25.0500 48.8100 6 65 -19.5100 45.6700 7 53 -22.0900 39.3300 8 48 -24.6400 26.9700 9 49 -22.7000 40.8600 10 57 -25.2300 39.8400 11 38 -26.1400 41.8000 12 28 -28.9300 42.3300 13 22 -24.0700 42.1900 14 51 -23.4300 47.1100 15 44 -28.8700 46.1300 16 45 -24.1600 47.2900 17 43 -26.7100 48.4100 18 40 -31.0200 42.0800 20 44 -24.9100 48.7800 23 53 -41.2100 50.2600
-7.9964710531e-01 -6.0643102157e-01 2.9344732699e+00
166 97 58
4 3 12 -7.6400 11.6100 4 8 -8.8600 15.1200 6 8 -4.8700 16.6700 7 5 -8.2900 9.9100
-3.9892026243e-01 2.0966329257e-01 2.8820855449e+00
17 6 3
2 3 50 -50.7800 -106.6900 6 45 -41.4600 -102.6200
-6.5839827364e-01 -7.0729982980e-01 2.9671659588e+00
29 19 0
2 3 171 -29.5200 24.8500 6 156 -26.6800 28.7800
-4.6702077819e-01 3.3141674595e-02 2.9569736292e+00
49 39 37
2 3 32 -47.5900 -83.0600 7 16 -43.9700 -86.2000
-4.7405763020e-01 -1.8186865769e-02 3.7751608228e+00
160 133 83
3 3 42 -104.8800 -88.0200 4 33 -109.7900 -89.0500 7 32 -117.2200 -99.1000
-5.9460914389e-01 -3.3877040401e-01 3.0379415002e+00
61 51 49
2 3 155 -38.3500 -29.4300 7 145 -38.5100 -32.0800
-6.4110874287e-01 -5.5479369833e-01 2.8498448211e+00
18 12 4
2 3 166 -24.4000 2.4100 4 82 -24.5200 4.5200
-5.2962073627e-01 -4.3340824457e-01 3.0869031730e+00
194 173 132
2 4 76 -51.4600 -13.9900 6 146 -48.1900 -12.0900
4.2721350574e+00 1.0329441497e+00 -4.5815420048e+00
178 141 99
2 4 97 -87.6100 -101.8400 12 86 35.4700 -109.0400
-3.6957336033e-01 9.4364432049e-02 3.0634088057e+00
101 40 4
2 4 104 -65.4700 -92.2600 6 117 -59.0000 -91.1400
-7.1107683999e-01 -2.4803616135e-01 2.8629202565e+00
128 124 112
4 4 140 -12.2600 -37.4700 8 104 -11.4100 -56.4000 12 117 -11.1500 -41.4000 18 126 -3.2800 -37.4400
-7.4094931368e-01 -7.6635930546e-01 2.9702802996e+00
19 18 18
2 6 22 -17.0300 39.1700 8 14 -23.1800 19.2600
-4.7216380148e-01 -7.3075630359e-02 3.1702672195e+00
12 12 12
2 6 74 -56.5200 -67.4500 8 54 -63.1400 -88.8600
-1.0532977675e+00 -3.7469620787e-01 2.8018030557e+00
39 25 14
2 6 87 39.9400 -11.9200 12 126 31.5700 -15.2600
-3.6331535586e-01 7.7548364417e-02 2.9902157145e+00
192 122 67
6 6 121 -55.2500 -85.9200 10 118 -56.4200 -97.7000 11 119 -55.5300 -95.8300 13 116 -43.2800 -95.7500 14 73 -38.0600 -89.4400 17 120 -31.2300 -87.2300
-6.5263007917e-01 -2.3034740824e-01 2.9096467222e+00
129 123 105
3 6 133 -17.3000 -39.4300 7 131 -20.8000 -46.5700 8 103 -22.0200 -59.6200
-6.3782351821e-01 -3.2599937772e-01 3.0350838195e+00
143 137 113
16 7 17 -33.0300 -33.7400 8 20 -35.2200 -47.1200 10 15 -35.5500 -35.8600 11 19 -35.9900 -33.9100 12 9 -36.7600 -33.4500 13 7 -30.6700 -33.7200 14 14 -28.9700 -28.1400 15 13 -32.5000 -28.3400 16 14 -27.8200 -27.2100 17 14 -29.4600 -26.4300 18 10 -31.7800 -33.1600 20 16 -22.6000 -26.2100 21 18 -31.2000 -27.3700 23 18 -31.7700 -25.0300 25 15 -26.9800 -35.6000 26 8 -28.9200 -37.4100
-7.8525098651e-01 -6.0060760763e-01 2.7877235880e+00
147 80 32
2 7 18 -0.7000 8.0000 10 16 -1.6000 7.7400
-7.5410828432e-01 -6.7527331930e-01 2.8149158019e+00
52 21 14
2 7 26 -7.2700 18.0100 10 27 -8.6900 17.8000
-3.4028400833e-01 9.5426166959e-02 3.1876795136e+00
8 5 5
2 7 31 -76.6900 -100.5300 10 32 -77.6000 -105.1700
-3.9397568498e-01 3.0237749332e-02 3.0983462341e+00
176 112 55
2 7 34 -63.5900 -88.8200 10 23 -63.7800 -92.8800
-3.2884746964e-01 1.0058349349e-01 3.0078926663e+00
174 117 84
7 7 107 -63.6300 -96.1700 10 114 -61.1300 -100.1100 19 116 -21.1900 -92.5500 20 116 -17.7200 -90.4600 23 135 -14.9300 -87.7500 25 121 -4.1900 -101.0100 26 106 -2.9500 -103.9000
-3.4123958137e-01 6.8203333867e-02 3.1570428418e+00
141 108 98
2 7 108 -74.4700 -96.1400 10 115 -74.7900 -99.9900
-3.6195709620e-01 4.3781702373e-02 3.1606924185e+00
30 5 2
2 7 112 -72.4000 -92.2000 10 123 -73.2600 -96.5300
-4.6421560227e-01 5.1923650038e-02 2.9428034659e+00
34 15 11
3 7 118 -43.1000 -88.9300 11 122 -40.1600 -90.4600 12 106 -38.5400 -89.9600
-7.5987142204e-01 -1.8423454174e-01 2.8196875860e+00
22 17 14
3 7 125 -0.5000 -51.8200 10 134 -0.3900 -52.4500 13 127 7.3600 -48.5100
-5.0227388088e-01 -2.5786835605e-01 3.3569411130e+00
178 163 111
2 7 129 -74.8600 -48.3400 11 133 -82.8900 -49.3900
-6.4816032221e-01 -3.6219954859e-01 2.9794897528e+00
48 41 38
3 7 146 -27.5200 -28.0700 8 114 -29.9500 -41.3300 12 125 -31.0300 -27.0600
-6.9474561632e-01 -6.6889602953e-01 2.8310809341e+00
68 24 3
10 7 154 -16.4900 15.4400 12 138 -18.4300 18.2100 14 162 -10.6100 23.5800 16 182 -9.0500 24.4500 17 158 -10.9300 25.4900 18 153 -14.0400 19.3800 19 168 -6.7500 25.2300 20 161 -5.5600 26.6300 21 168 -16.0400 25.9600 23 182 -17.6000 28.9000
-6.3459708038e-01 -3.2486508562e-01 3.0363675872e+00
120 115 92
2 8 19 -35.2200 -47.1200 11 18 -35.9900 -33.9100
-4.5737721111e-01 2.4743295915e-02 3.0430460387e+00
40 19 16
6 8 98 -52.8900 -100.4800 10 132 -51.3800 -89.9000 11 126 -50.6500 -87.8900 13 122 -41.1900 -87.8500 16 143 -32.0400 -80.2700 17 127 -32.9000 -80.1100
-3.4293319882e-01 2.0009863013e-01 2.9924056895e+00
47 5 0
11 10 59 -57.0500 -114.6800 12 49 -53.0700 -112.5400 13 56 -42.9900 -112.6000 14 67 -37.6500 -106.5200 16 64 -29.8000 -104.2500 18 94 -27.4100 -111.6100 19 100 -14.9500 -105.5400 20 104 -11.5900 -103.3400 21 107 -15.3000 -103.7100 23 124 -7.9800 -99.9600 25 103 2.9600 -114.0500
-4.1503920899e-01 4.2550186707e-02 3.0800750801e+00
196 125 77
2 10 67 -59.3600 -93.8800 12 54 -57.5100 -91.9200
-1.0560817140e+00 1.7946188334e-01 2.8867957837e+00
38 23 3
2 10 107 39.9000 -105.6100 11 113 39.5100 -102.9900
-4.9590337478e-01 -6.8481165117e-03 3.3813342946e+00
11 6 10
2 10 130 -80.7200 -91.2100 11 124 -81.8700 -89.3900
-6.7315317360e-01 -3.2223033994e-01 2.9587887750e+00
34 34 23
5 10 143 -24.4700 -35.4800 12 123 -25.4800 -32.6500 15 141 -21.0700 -26.6700 21 150 -19.6800 -23.9600 26 134 -17.7100 -33.0500
-6.3246563248e-01 -6.3900958178e-01 3.0410137557e+00
176 157 102
2 10 152 -41.6100 10.7200 12 136 -44.6700 12.6000
-6.8064901631e-01 -7.5176855306e-01 2.9800555096e+00
167 144 108
2 10 159 -32.4000 28.0100 11 153 -32.8300 29.9300
-7.5938013055e-01 -7.6370879277e-01 2.7338897150e+00
123 68 39
2 11 37 -2.9700 31.2400 12 27 -4.9700 32.4200
-6.5678656776e-01 -6.0243353258e-01 3.0575316366e+00
160 137 96
3 11 87 -40.1900 7.7400 12 74 -42.9400 7.7700 13 153 -37.6400 7.0000
-3.9159047752e-01 1.3400521773e-01 3.3131905212e+00
166 146 111
2 11 101 -83.8400 -110.8700 12 84 -83.3900 -111.5500
-3.9533347253e-01 3.3541888883e-02 3.0816570811e+00
180 124 97
2 11 121 -61.2700 -90.9200 12 105 -59.9300 -91.0200
-5.6081407258e-01 -1.7851026897e-01 3.4028605149e+00
19 16 18
8 11 129 -80.2400 -59.5300 12 113 -82.3000 -60.4200 15 127 -79.7900 -58.2700 16 149 -75.6100 -57.3000 17 130 -78.1800 -57.5100 18 116 -80.5100 -66.1900 19 132 -72.7800 -61.7800 20 129 -71.8600 -60.4300
-9.7908991137e-01 1.8717253732e-01 2.7457450320e+00
30 22 4
3 4 96 34.8900 -101.8700 17 123 46.9900 -84.6400 18 109 45.9900 -89.2700
-6.3605552878e-01 -3.3335217198e-01 3.0568354134e+00
144 128 100
6 6 54 -31.3200 -26.6600 16 54 -30.7400 -26.4700 18 55 -34.6500 -32.7500 21 54 -34.2200 -27.1400 23 65 -35.0000 -24.8300 26 33 -32.4700 -37.5400
-6.9755796248e-01 -2.8932208410e-01 2.9123190235e+00
131 128 111
2 8 110 -17.5200 -51.0100 15 140 -12.8500 -29.6400
-6.0667309056e-01 -2.5977723225e-01 3.0167965587e+00
56 51 49
5 10 26 -35.8200 -46.1600 13 11 -30.9100 -43.8500 18 16 -28.9800 -42.2600 19 24 -20.5500 -37.2300 20 23 -19.8000 -35.4000
-3.1298849535e-01 5.3907953938e-02 3.5047516222e+00
161 139 99
2 10 110 -115.4100 -103.4000 15 106 -104.9200 -102.9000
9.1855844531e-01 9.2516840157e-02 2.6039661794e+00
160 132 93
2 10 112 -142.1700 -101.9800 13 108 -102.4700 -101.3700
-6.7305013927e-01 -3.2301102281e-01 2.9586965529e+00
34 34 23
4 10 144 -24.4700 -35.4800 15 142 -21.0700 -26.6700 21 151 -19.6800 -23.9600 26 133 -17.7100 -33.0500
-7.7006379717e-01 -2.8002735378e-01 2.8242191068e+00
39 35 31
4 11 76 -0.4800 -36.9200 13 75 5.4500 -35.0500 16 92 8.2000 -26.5100 17 80 6.3100 -25.6000
-3.9709501984e-01 5.9237657972e-02 3.1612906815e+00
149 99 48
2 12 21 -67.6100 -96.0000 13 28 -58.7800 -96.5000
-3.1922912659e-01 1.2104835025e-01 3.4694475474e+00
158 136 83
4 12 30 -109.9500 -111.6400 13 24 -101.1800 -113.2700 15 45 -97.8900 -110.3900 16 62 -92.4900 -109.1300
-7.7401441574e-01 2.7092111632e-01 2.7373965872e+00
108 97 75
2 12 47 19.2000 -114.1100 13 38 27.5500 -112.7000
-4.7327761024e-01 2.8655267707e-03 3.3582470498e+00
12 9 10
2 12 55 -82.5400 -90.4300 13 62 -75.9300 -91.4700
-1.7504447775e+00 1.1946580615e-01 3.9203559398e+00
19 9 1
2 12 90 34.5300 -106.4100 17 97 -72.3700 -115.3500
-3.9628555794e-01 1.0905883761e-01 3.2929275302e+00
165 145 102
2 12 91 -81.0300 -106.7300 13 103 -72.9600 -106.8600
9.4692634271e-01 1.0815190195e-01 2.3278238342e+00
165 141 101
2 12 94 -103.4400 -105.6200 25 139 57.9900 -90.6200
-6.2461629819e-01 -5.0839418270e-01 3.1242833089e+00
190 167 132
2 12 129 -51.1100 -7.4600 13 146 -46.0800 -7.4600
-5.4866398440e-01 -6.8046268028e-02 3.4518495384e+00
41 29 23
3 13 29 -82.2400 -79.3300 16 50 -80.4700 -76.7200 17 45 -83.7500 -76.7700
-3.1221669543e-01 2.2414157118e-01 3.0251610300e+00
23 8 5
6 13 54 -48.0200 -116.6300 15 61 -41.6000 -110.0500 16 108 -34.9300 -107.8900 19 61 -19.5300 -109.8200 20 61 -16.3600 -107.8200 23 74 -12.0200 -104.9600
-3.0122741262e-01 1.5184974973e-01 3.0194074939e+00
179 115 85
5 13 58 -50.1000 -105.9800 15 64 -43.4100 -99.4900 17 59 -36.1200 -98.0000 21 70 -21.8200 -98.3700 25 70 -3.6000 -108.9600
-6.7079908713e-01 -2.8213475885e-01 2.9415771901e+00
37 29 18
11 13 72 -16.7000 -38.3900 15 81 -18.1600 -32.2700 16 88 -13.5000 -30.8100 17 74 -14.9400 -29.9800 18 77 -16.6700 -36.0500 19 146 -8.4700 -30.4800 20 84 -7.5400 -28.7800 21 147 -16.2200 -29.4400 23 99 -16.5900 -26.3000 25 82 -11.3300 -36.8500 26 82 -13.0400 -38.2100
-6.8485567468e-01 -3.0358876207e-01 2.9352097088e+00
137 126 112
10 13 77 -15.1200 -35.0300 15 84 -16.9000 -28.7900 17 78 -13.8100 -26.4900 18 80 -15.8000 -32.7800 19 86 -7.6400 -26.8600 20 87 -7.0900 -25.2200 21 86 -15.6900 -25.6400 23 103 -16.6200 -22.8500 25 87 -11.2000 -33.0000 26 87 -13.1600 -34.3400
-7.4296745783e-01 -5.0299663510e-01 3.1961521144e+00
35 23 16
2 13 83 -42.5300 -8.9000 25 167 -57.6400 -12.0800
-4.9308391127e-01 6.2331262331e-02 2.8935963345e+00
27 11 3
5 13 117 -21.1400 -90.5000 15 121 -17.5100 -82.8800 19 127 0.1100 -80.7200 21 135 -2.7300 -77.9100 26 118 10.4000 -88.4100
-6.0899778387e-01 -2.7804211725e-01 3.1020075803e+00
34 22 23
4 13 130 -40.1800 -42.2400 15 133 -41.3000 -36.9200 19 139 -31.7000 -36.9700 21 141 -39.7900 -36.9400
-8.1781884229e-01 -6.4937853886e-01 2.7060649825e+00
6 8 8
10 15 6 10.6100 29.2100 16 8 15.3100 30.0400 17 9 13.1500 31.0400 18 6 9.4800 24.9900 19 9 15.9500 30.9600 20 9 16.4100 31.9600 21 14 5.1400 31.5100 23 16 1.7000 33.8700 25 13 6.2000 25.2000 26 9 3.3100 25.2300
-7.7000968027e-01 -5.2911804023e-01 3.1719524584e+00
175 149 97
10 15 29 -46.3500 0.9400 16 30 -42.1600 2.0600 17 27 -45.3000 3.0200 18 20 -49.0500 -3.9800 19 26 -42.1500 0.9900 20 31 -42.4500 2.9600 21 25 -53.4100 1.1200 23 31 -57.5100 2.9400 25 46 -55.2000 -6.9900 26 21 -60.1500 -7.9100
-8.9848099134e-01 -5.3236920843e-01 2.7003409724e+00
20 10 0
8 15 30 21.3500 13.8900 16 31 25.3700 15.2000 17 53 23.5000 16.7800 18 37 19.2700 11.1300 19 57 25.7800 17.8500 20 55 25.6200 19.2500 21 92 14.0400 19.7400 23 111 9.6100 23.0900
-4.9082734913e-01 2.3047925076e-02 3.3722243903e+00
10 7 3
5 15 47 -75.9800 -87.8800 16 36 -71.2900 -86.8800 17 38 -73.0200 -87.4700 18 29 -73.8500 -96.3200 19 39 -63.9200 -92.1700
-7.4741700293e-01 -6.3468050672e-01 2.7684490839e+00
55 22 9
6 15 57 -2.4100 21.4500 16 57 2.6400 22.4900 17 54 0.9500 23.5100 19 58 4.9200 23.6300 20 56 5.9000 24.9300 21 59 -4.6300 24.7100
-3.8708778199e-01 1.1425049114e-01 3.2936652908e+00
161 146 107
2 15 62 -71.0400 -101.9400 16 124 -65.6200 -100.4800
-9.0737024705e-01 1.9330683547e-01 2.6880376742e+00
121 98 61
4 15 70 45.5600 -90.5000 16 136 49.4500 -88.7900 17 64 48.0700 -87.8200 19 40 56.7200 -83.9400
-7.5471612663e-01 -4.5579733816e-01 2.9342108017e+00
81 49 27
4 15 89 -15.0800 -5.4400 16 95 -11.3500 -4.0800 17 83 -13.5900 -3.0600 19 89 -9.1000 -3.4300
-7.0941930010e-01 -6.7528497708e-01 3.0546191181e+00
66 47 20
4 15 91 -39.8500 22.1600 16 103 -34.8900 24.0100 17 157 -37.9800 24.4500 18 88 -41.9200 17.6600
-7.1835686442e-01 -7.0629517815e-01 3.0336214656e+00
45 30 9
4 15 92 -37.3100 27.0000 16 104 -32.8700 28.1700 17 95 -35.6700 29.6100 18 89 -39.5300 23.0800
-8.7290635301e-01 -8.2796723150e-01 2.7683682306e+00
193 167 118
2 15 93 2.4000 52.7100 17 96 4.4100 54.4300
-4.1299060274e-01 1.5312916338e-01 3.3158503077e+00
33 25 11
2 15 101 -70.8900 -107.7400 16 63 -65.8100 -106.7800
-5.9833488570e-01 -1.7342137784e-01 3.4159584939e+00
12 12 14
4 15 128 -79.7900 -58.2700 17 131 -78.1800 -57.5100 18 117 -80.5100 -66.1900 20 130 -71.8600 -60.4300
-7.6645328027e-01 -4.8779443355e-01 3.2577395866e+00
185 161 124
4 15 145 -55.8500 -5.6600 18 137 -60.8000 -11.9500 19 154 -51.2900 -5.0300 23 163 -68.9900 -5.1900
-7.6173255403e-01 -5.0331881084e-01 3.1690814766e+00
45 29 17
3 15 146 -45.5600 -3.4800 20 150 -40.9300 -1.1800 25 169 -54.3500 -10.5000
-6.8203920910e-01 -5.7037819305e-01 2.8650732014e+00
40 2 1
6 15 152 -16.7300 8.9300 16 177 -11.4400 10.0300 17 150 -13.3000 11.1000 20 156 -7.5400 12.2400 23 170 -18.6300 14.6200 25 175 -13.2400 5.6300
-6.8039133819e-01 -5.6994049860e-01 2.8637466868e+00
40 2 1
4 15 153 -16.7300 8.9300 16 178 -11.4400 10.0300 17 151 -13.3000 11.1000 25 176 -13.2400 5.6300
-7.5215068274e-01 -6.4162737357e-01 3.1032582364e+00
59 39 10
6 15 157 -41.3400 18.2000 17 155 -40.4300 20.3700 18 147 -44.6900 13.0900 19 163 -38.4400 18.5300 20 159 -38.0400 20.2700 21 165 -49.1900 18.3600
-7.0927323938e-01 -6.5502268004e-01 2.7757582593e+00
59 17 0
2 15 160 -6.9900 22.5300 16 180 -1.6500 23.4500
-8.9790093095e-01 -6.1379189063e-01 2.6944264281e+00
41 26 2
7 15 162 19.5000 25.4400 16 183 23.5100 26.4800 17 159 21.2700 27.4900 18 154 17.4600 22.1500 19 169 23.2300 28.8300 20 163 24.0200 29.7500 21 169 11.2700 30.3100
-8.3306001478e-01 -3.3042187623e-02 2.7289351635e+00
12 12 14
8 16 2 30.7000 -58.8800 17 2 29.6600 -57.7300 19 3 38.0800 -53.2100 20 3 37.8700 -51.6600 21 3 29.1700 -50.4600 23 4 26.6000 -46.9200 25 3 32.4100 -58.2100 26 2 31.4200 -59.1600
-6.7829594803e-01 3.2753224785e-01 2.7225061194e+00
118 89 41
2 16 22 30.0100 -111.4700 17 17 29.6300 -110.4000
-6.7829594803e-01 3.2753224785e-01 2.7225061194e+00
118 89 41
2 16 23 30.0100 -111.4700 17 18 29.6300 -110.4000
-4.3109849786e-01 8.7996955975e-02 3.1687509126e+00
181 118 71
2 16 48 -47.9300 -92.0300 17 44 -48.0300 -92.3600
-7.6825718477e-01 -8.6040562927e-01 2.8993961874e+00
187 170 113
3 16 105 -17.5100 52.5000 18 156 -24.2500 47.0700 19 170 -18.5200 52.6100
-3.2790585184e-01 1.2915975305e-01 2.9520148647e+00
192 126 80
7 16 132 -27.5400 -93.3900 17 113 -26.9300 -92.7900 18 103 -25.1900 -100.0700 21 71 -13.7500 -92.3900 23 134 -6.5000 -88.2500 25 118 4.4500 -101.5800 26 70 5.4800 -104.8000
-3.9098344323e-01 7.0114668267e-02 3.0861555851e+00
90 32 3
7 16 138 -40.7700 -86.8800 17 121 -40.9500 -86.7900 19 119 -28.7800 -89.0600 20 119 -25.7700 -87.1200 21 125 -30.2200 -88.3700 23 139 -24.9900 -85.9200 26 107 -15.7900 -103.2900
-5.2734778743e-01 4.4990082123e-02 3.0801009777e+00
204 131 89
2 16 141 -31.4600 -82.6200 17 125 -32.2100 -82.4900
-6.5152747006e-01 -2.5635160218e-01 3.4303071051e+00
52 37 17
2 16 151 -76.5700 -43.7800 19 135 -74.6400 -48.0800
-6.2752505921e-01 -2.6095821154e-01 2.9970438143e+00
45 38 33
3 16 156 -22.6200 -35.9100 18 123 -25.6800 -41.6100 19 141 -17.1200 -35.7900
-7.8917898573e-01 -6.4758392327e-01 3.2883342314e+00
198 173 106
3 17 4 -64.4500 15.0000 21 5 -73.8000 13.5000 26 3 -81.6500 6.6200
-3.3152010610e-01 1.1157071483e-01 3.1804359623e+00
15 13 12
5 17 21 -54.5800 -95.7000 18 13 -53.8800 -104.0100 19 15 -41.7700 -98.8200 20 20 -39.3100 -97.0300 21 20 -42.6200 -98.9500
-8.8073414181e-01 2.4577482191e-01 2.8242723089e+00
119 97 54
2 17 35 31.0600 -100.8900 19 110 39.5700 -96.4700
-7.6154681195e-01 -5.2835094938e-01 2.7859531008e+00
75 50 19
6 17 52 3.0300 9.1200 18 60 0.0900 3.8900 19 56 7.3500 10.0000 20 90 7.7500 11.0700 21 90 -2.4900 11.3700 23 172 -4.6900 15.3400
-7.2709696759e-01 6.0966823267e-02 2.7378839663e+00
55 57 56
3 17 67 23.4800 -72.8500 18 69 23.7100 -77.7000 19 72 33.0000 -70.4200
-6.9565779680e-01 -6.5567486116e-01 2.7760412086e+00
66 23 3
5 17 93 -3.8200 24.7300 18 150 -6.8000 18.7800 20 160 1.2800 25.9200 21 167 -8.7200 25.2500 25 180 -4.4200 19.4400
-4.1133626717e-01 1.7055361442e-01 3.3509307325e+00
147 130 92
2 17 100 -70.2600 -108.3500 19 97 -59.3200 -112.6100
-4.0447980647e-01 6.8479461266e-02 3.1964020133e+00
132 93 61
2 17 118 -53.7100 -89.3000 21 124 -44.6100 -92.3700
-5.4211816039e-01 4.8797749243e-04 3.4488430832e+00
12 6 0
2 17 124 -81.0000 -84.5900 20 118 -72.3500 -88.0400
-4.8549821357e-01 5.9751038003e-02 2.9282373916e+00
24 6 2
3 17 126 -16.2100 -81.4700 25 74 5.3100 -87.8500 26 48 5.5800 -90.2100
-6.3925356459e-01 -2.8147775160e-01 3.0042027758e+00
85 86 75
2 17 136 -24.8400 -32.3300 25 151 -19.8900 -40.8200
-8.9440293801e-01 -4.8764530352e-01 2.7002054135e+00
30 17 1
3 17 147 24.3800 9.6100 18 144 21.0500 4.7300 19 94 26.9700 11.5500
-6.7389218203e-01 -6.0058357523e-01 2.8535629445e+00
146 104 61
5 17 152 -13.3800 14.8800 18 145 -15.9700 9.0200 20 158 -7.2400 16.1000 23 173 -18.5100 18.3600 25 95 -13.0900 9.5200
-6.9580828195e-01 -5.9700484369e-01 2.8055188697e+00
37 0 0
2 17 153 -5.9900 15.9900 19 162 -1.0300 15.9900
-9.9899805878e-01 -4.0236093787e-01 2.6574401907e+00
180 152 89
7 18 4 36.8200 0.6700 19 5 44.2200 8.1400 20 7 40.9700 8.4700 21 10 28.9400 9.3800 23 12 23.6600 12.2100 25 9 27.4300 3.4900 26 6 24.0400 3.5900
-9.3667102616e-01 -4.0932711017e-02 2.6369684415e+00
40 33 29
4 18 15 47.5200 -55.2300 19 23 55.7700 -47.5500 20 22 55.0300 -45.7500 21 17 45.1500 -44.8500
-5.3216270110e-01 5.1688613318e-02 3.4213954540e+00
151 134 94
4 18 45 -77.7900 -99.7400 19 66 -67.7100 -94.5100 20 66 -66.4900 -93.0200 21 119 -72.8500 -95.9600
-9.4711549128e-01 5.7398724871e-02 2.6582478382e+00
36 26 14
3 18 50 49.5900 -70.2800 19 50 57.5400 -62.3300 20 79 57.0400 -60.3100
-3.1459204342e-01 1.4325315384e-01 3.0812395717e+00
129 74 46
7 18 98 -41.2300 -105.6400 19 109 -29.1000 -99.9300 20 109 -25.8400 -97.7000 21 114 -29.1400 -98.5100 23 129 -22.6700 -95.7700 25 110 -12.3800 -109.9800 26 65 -11.2000 -113.6600
-7.1212946880e-01 -2.5865016193e-02 3.5226634321e+00
33 24 1
6 18 112 -86.8600 -85.8900 19 126 -78.0400 -82.0500 20 124 -77.5700 -80.7800 21 130 -86.3900 -84.5000 23 83 -86.9300 -85.9200 26 105 -87.7400 -105.9900
-7.1015230437e-01 -5.2818254419e-02 3.3537138656e+00
9 8 1
2 18 113 -62.3300 -78.2900 19 130 -54.0700 -73.8700
-6.9929684377e-01 -1.7589870050e-01 2.8051039100e+00
35 29 29
2 18 121 5.3700 -46.9400 21 139 6.7700 -38.3400
-7.1080422164e-01 -3.2839270579e-01 2.8986294141e+00
33 31 25
4 18 132 -10.4600 -27.4800 19 149 -2.5700 -21.5800 23 160 -12.4000 -17.1400 26 138 -9.0400 -28.3300
-7.4161807406e-01 -4.6809908365e-01 3.2539406239e+00
47 35 20
2 18 135 -60.1700 -14.5200 20 149 -53.6400 -7.4900
-6.7343218065e-01 -6.0349149572e-01 2.8511203638e+00
162 106 73
2 18 146 -15.9700 9.0200 26 149 -15.4300 9.5400
-6.7588350957e-01 -6.6966549323e-01 2.7941000355e+00
182 122 74
7 18 152 -10.6500 19.0100 19 167 -3.2900 24.8300 20 95 -1.8700 26.2500 21 95 -12.2100 25.5800 23 181 -13.5100 29.0200 25 181 -7.9000 20.7000 26 153 -10.5000 20.4500
-8.5540638115e-01 -4.4717105147e-01 2.7724515422e+00
6 6 7
6 19 4 17.4400 4.7800 20 4 17.3900 5.2400 21 7 6.7100 10.4300 23 6 2.2900 8.9400 25 5 6.1700 -2.3000 26 5 3.6900 -4.0100
-6.5796669359e-01 -6.4810590522e-01 2.7957950596e+00
189 125 71
6 19 31 -3.4200 21.3200 20 35 -2.1600 22.7400 21 29 -12.0700 22.1800 23 34 -13.0100 25.3200 25 28 -7.3200 16.9000 26 24 -9.7500 16.6400
-4.9909223897e-01 1.8546221627e-01 3.3607965592e+00
28 23 19
2 19 34 -56.1300 -112.4100 20 46 -54.8700 -111.2500
-4.0124440155e-01 1.4165042846e-01 3.2641952485e+00
5 7 5
2 19 48 -48.7700 -104.3800 20 48 -46.5900 -102.9000
-7.6020207066e-01 -4.6841209585e-01 2.9771486628e+00
90 54 30
2 19 54 -14.9700 -2.9400 25 43 -24.5400 -8.9500
-2.7274964746e-01 2.0080614844e-01 3.0070752652e+00
131 90 74
2 19 99 -20.0000 -106.2500 21 106 -19.2600 -104.4700
-2.9659759263e-01 1.7149213426e-01 3.0575098397e+00
121 81 56
2 19 102 -26.0400 -103.4900 23 125 -18.4700 -98.9300
-3.2704900369e-01 1.7034034989e-01 3.0896685278e+00
58 16 0
3 19 104 -28.6500 -103.1000 21 108 -29.2300 -102.6100 25 104 -12.0900 -113.8800
-3.2704900369e-01 1.7034034989e-01 3.0896685278e+00
58 16 0
3 19 105 -28.6500 -103.1000 21 109 -29.2300 -102.6100 25 105 -12.0900 -113.8800
-8.2625111957e-01 2.1201073542e-01 2.7314239025e+00
97 82 66
2 19 117 46.2500 -90.1400 20 70 46.0600 -88.0600
-6.0464781015e-01 -2.0578307818e-02 3.4735768823e+00
20 9 1
3 19 124 -74.7200 -83.8800 20 122 -74.1900 -82.4800 21 126 -81.4500 -86.6100
-7.2394524394e-01 -6.0017050010e-02 3.5268971679e+00
54 45 18
3 19 128 -79.5100 -77.4200 20 126 -79.4400 -76.2200 26 71 -89.9100 -98.4000
-6.4779825256e-01 -2.9553880819e-01 3.0165950304e+00
59 50 42
2 19 145 -19.7400 -31.2500 25 154 -22.2800 -38.8700
-7.8090539144e-01 -3.5400408982e-01 3.5035606685e+00
185 160 94
3 20 5 -84.0400 -31.4000 21 6 -96.3600 -32.1900 23 5 -97.4800 -35.7000
-8.9241272041e-01 1.0225037531e-01 2.6678064046e+00
32 29 25
4 20 15 53.6800 -70.3700 21 16 45.4000 -67.4000 23 24 43.9100 -61.5700 26 13 48.7700 -71.8500
-6.4237739524e-01 -2.4614842667e-01 2.8595970618e+00
111 99 81
2 20 30 2.8200 -32.4300 25 25 1.8100 -39.0800
-7.1440667829e-01 -7.5474931778e-01 2.7294789763e+00
112 61 36
5 20 57 5.4100 40.6800 21 62 -5.7400 40.1000 23 113 -8.0500 43.5400 25 98 -2.9200 35.9000 26 61 -5.5900 35.8800
-3.8135530259e-01 9.4044599494e-02 3.0969295921e+00
157 96 44
3 20 67 -27.1500 -90.6500 21 72 -31.2800 -91.6700 23 80 -25.4900 -89.4900
-6.6565989909e-01 1.6296637941e-02 3.4947403199e+00
164 147 110
5 20 73 -74.4600 -85.6600 21 47 -81.9400 -89.8900 23 132 -81.1700 -90.6600 25 71 -78.1300 -105.9000 26 102 -79.8500 -110.6800
-7.5723522377e-01 -6.8963319877e-01 2.7400321235e+00
138 90 54
2 20 96 7.9200 33.5800 21 96 -2.6700 33.0300
-7.1732472265e-01 -6.9615863235e-01 2.7252393140e+00
138 90 54
4 20 97 7.9200 33.5800 21 97 -2.6700 33.0300 25 185 0.2900 28.3300 26 156 -2.3000 28.5600
-4.5991255238e-01 4.7953295405e-02 3.1399091545e+00
160 114 76
3 20 121 -31.2800 -83.9700 23 140 -31.7900 -83.4500 25 129 -24.3300 -97.1100
-8.9273885936e-01 1.4380693098e-01 2.6720659163e+00
34 22 3
5 20 125 55.0800 -77.3700 21 77 46.4600 -74.1900 23 144 45.1800 -68.1400 25 143 51.5400 -77.8300 26 120 50.7300 -78.1200
-6.9231686909e-01 -1.8924887877e-01 2.8608372550e+00
37 33 31
2 20 133 7.0400 -38.7000 23 151 -1.4600 -34.9000
-8.0996701860e-01 -5.7675170639e-01 3.1431481840e+00
138 121 78
2 20 157 -39.2800 12.1500 21 163 -50.7200 9.9600
-8.7555161493e-01 -7.1924584183e-01 2.6982966227e+00
175 156 104
2 20 164 17.9900 43.7100 21 100 5.9400 43.8900
-8.3686800506e-01 -6.7757088331e-01 3.1170248979e+00
171 146 89
3 21 40 -50.3400 24.5000 23 35 -55.3100 26.2900 25 19 -54.3500 16.9800
-9.0206548049e-01 1.7088602421e-01 2.6731648328e+00
132 115 73
3 21 50 47.9600 -78.1200 23 59 46.5800 -71.7700 25 39 53.1400 -81.9900
-3.4728974108e-01 2.0497203268e-01 3.0700555631e+00
18 6 1
2 21 69 -24.8400 -105.9200 23 75 -18.0000 -103.1000
-3.8465720879e-01 9.5513447925e-02 3.0977150155e+00
158 99 52
2 21 73 -31.2800 -91.6700 23 81 -25.4900 -89.4900
-3.8834938242e-01 1.9384348418e-01 3.1258234266e+00
21 10 3
2 21 105 -31.2300 -105.8400 23 121 -25.1100 -103.4700
-3.1963102365e-01 1.4614860804e-01 3.0823106655e+00
136 82 45
4 21 115 -29.1400 -98.5100 23 130 -22.6700 -95.7700 25 111 -12.3800 -109.9800 26 66 -11.2000 -113.6600
-3.8857407070e-01 5.6596612021e-02 3.0842320392e+00
174 116 102
2 21 127 -30.8400 -85.7900 25 128 -16.2400 -96.8900
-7.4483302075e-01 -6.9412992347e-02 3.5232207290e+00
51 40 27
2 21 136 -88.1400 -76.9600 23 85 -89.1900 -78.2000
-8.2076007181e-01 -5.4584332771e-01 3.1580717640e+00
145 122 84
2 21 161 -51.4700 4.3300 26 145 -58.1500 -4.5200
-9.2315899523e-01 -2.4257967295e-01 2.7196291035e+00
35 33 32
2 23 11 20.6600 -14.6400 25 7 24.7200 -22.7700
-9.5149363282e-01 -3.9806617034e-01 2.6624027682e+00
182 152 88
3 23 15 22.1700 11.6600 25 11 25.6700 2.8700 26 7 22.3300 2.9300
-6.2887440414e-01 -7.4035288641e-01 2.8886010079e+00
8 8 7
2 23 25 -29.2900 32.1900 25 20 -24.0200 24.2000
-6.7900188016e-01 9.3350685561e-02 3.4357338450e+00
126 100 52
2 23 27 -69.6000 -99.5500 25 54 -65.8900 -112.6000
-7.4405216629e-01 -5.1060043162e-01 2.9369972413e+00
29 16 5
3 23 32 -24.6900 6.2300 25 26 -20.9000 -2.6700 26 22 -23.3100 -3.6300
-7.6930559722e-01 1.6806198902e-01 2.7337638327e+00
20 21 17
3 23 40 33.8500 -77.4700 25 38 41.7400 -88.5000 26 30 41.0100 -89.7400
-8.3852737219e-01 -5.5300663488e-01 3.1333689087e+00
25 18 1
2 23 69 -52.8400 8.4000 26 38 -54.9900 -2.3700
-8.2479106565e-01 -6.3641977058e-01 2.6584969479e+00
160 133 82
2 23 72 8.6200 36.8600 25 66 12.9700 29.2200
-7.6834046919e-01 -8.9565648072e-01 2.8225479695e+00
204 176 122
3 23 73 -25.2700 60.5800 25 68 -22.0200 53.3800 26 161 -25.1200 53.7000
-8.1021995180e-01 1.9816389867e-01 2.7180465447e+00
132 116 88
3 23 84 38.8400 -79.7200 25 57 46.0500 -91.4100 26 29 45.8100 -92.9600
-7.2227407092e-01 -1.0401209817e-01 3.5159351692e+00
41 29 9
3 23 86 -89.3600 -72.5500 25 59 -87.0800 -86.9900 26 47 -89.9800 -91.5500
-9.2041396060e-01 1.3062761191e-01 2.6508759556e+00
158 132 91
3 23 88 48.4300 -65.4000 25 75 54.5800 -75.1600 26 50 53.9700 -75.3400
-7.6799419445e-01 -4.6900123655e-01 2.8873257024e+00
22 4 0
3 23 107 -15.9100 3.9700 25 92 -11.6200 -5.3800 26 91 -14.5600 -6.0000
-9.3044998466e-01 -4.2642034611e-01 2.7233666496e+00
40 20 1
3 23 108 11.7700 11.5900 25 94 14.9700 3.3000 26 93 11.6800 3.4100
-8.8254524114e-01 -5.3911249685e-01 2.6865274754e+00
138 117 89
2 23 112 10.5000 25.9700 25 178 14.2400 17.8000
-8.2339041808e-01 -8.5622625934e-01 2.9012974676e+00
186 164 120
2 23 115 -33.5200 55.9800 25 100 -31.0100 48.5800
-3.5775944611e-01 1.6133195844e-01 3.1375356696e+00
20 6 1
2 23 126 -28.4000 -99.2400 25 106 -18.9500 -114.0600
-3.7389468788e-01 9.1510739632e-02 3.0623023336e+00
155 87 54
2 23 136 -21.3000 -86.8800 25 122 -11.8500 -100.9200
-8.3072188278e-01 4.1428057559e-03 2.7562032321e+00
3 3 5
2 23 149 24.8200 -53.3000 26 52 29.3700 -64.8200
-6.8349700703e-01 -3.4032339814e-01 3.0346261626e+00
141 132 109
2 23 157 -31.5400 -21.8700 26 131 -29.0800 -34.2100
-9.1288497645e-01 -3.1417640108e-01 2.6811456567e+00
44 27 15
3 23 165 22.5200 -2.5500 25 168 26.4600 -11.5200 26 142 23.9700 -11.6900
-8.1750643774e-01 -6.6145870842e-01 2.6788047984e+00
29 10 1
3 23 183 4.6800 39.0800 25 186 8.9300 31.4300 26 157 5.8500 31.9600
-7.5894458534e-01 2.9160701364e-01 2.7729533861e+00
136 108 59
2 25 33 41.9300 -109.5800 26 28 42.1600 -111.0600
-7.0641766190e-01 2.5085718955e-01 2.7860918127e+00
22 12 4
2 25 34 36.9600 -105.0700 26 44 37.3400 -106.4100
-8.2888481207e-01 -4.5386181986e-01 2.9822601292e+00
93 48 22
2 25 45 -24.5400 -8.9500 26 37 -27.9400 -9.8300
-8.8262807798e-01 -4.5415761558e-01 2.6820311825e+00
176 144 93
2 25 48 19.2000 6.9800 26 39 16.0800 6.9900
-8.6705252383e-01 -4.6021246106e-01 2.6820832021e+00
170 139 92
2 25 64 18.7000 7.0400 26 60 15.7000 7.0800
-3.6104628877e-01 9.5439502146e-02 3.0968469893e+00
167 106 60
2 25 116 -16.4300 -102.8900 26 104 -15.8100 -106.0000
-8.1254252502e-01 2.1206107966e-01 2.6930766197e+00
17 8 1
2 25 135 50.5400 -92.5400 26 115 50.4400 -93.5000
-6.6774318602e-01 -1.9872234033e-01 2.8046050868e+00
108 100 93
2 25 149 11.8800 -42.3400 26 125 10.6600 -43.5000
-9.0959449289e-01 -3.1062182356e-01 3.0143786967e+00
32 26 28
2 25 164 -22.3700 -26.8700 26 137 -26.5400 -29.0000
-9.9270252975e-01 -3.3148354002e-01 2.6948914562e+00
182 155 117
2 25 170 24.7700 -6.1000 26 143 21.4600 -5.4400
-7.4091614593e-01 -5.1476904170e-01 2.8554623621e+00
51 2 0
2 25 172 -9.4300 0.9900 26 147 -12.0300 0.4900
-8.7151599755e-01 -5.8700177898e-01 3.1226994521e+00
51 34 12
2 25 174 -51.2100 5.2000 26 148 -55.5000 4.1200
-8.6055800592e-01 -4.8902348803e-01 2.6872061440e+00
54 28 6
2 25 177 16.3600 10.1900 26 150 13.5500 10.7600
-7.7534097395e-01 -6.2056316855e-01 2.8424913290e+00
178 112 68
2 25 179 -12.1800 17.4900 26 95 -15.4800 16.6900
-7.3172931785e-01 -6.8635988969e-01 2.7282288622e+00
131 101 79
2 25 184 0.2900 28.3300 26 155 -2.3000 28.5600
