# Bundle file v0.3
44 349
5.3200000000e+02 0.0000000000e+00 0.0000000000e+00
9.1018799910e-01 -5.3745867901e-03 4.1416050043e-01
-5.2840756935e-02 9.9023876299e-01 1.2897692306e-01
-4.1081097929e-01 -1.3927780187e-01 9.0101944108e-01
-5.0220481909e-01 8.2390622200e-02 2.1826943246e-01
5.3200000000e+02 0.0000000000e+00 0.0000000000e+00
9.1025262571e-01 -6.4074710031e-04 4.1405283097e-01
-5.3827227816e-02 9.9132959216e-01 1.1986771567e-01
-4.1053962895e-01 -1.3139721899e-01 9.0232587456e-01
-5.0524390494e-01 8.4917532653e-02 2.0761707334e-01
5.3200000000e+02 0.0000000000e+00 0.0000000000e+00
8.9228925166e-01 -7.8883364846e-03 4.5139524313e-01
-5.9811224424e-02 9.8896848331e-01 1.3551367628e-01
-4.4748464645e-01 -1.4791589899e-01 8.8197413682e-01
-5.9067631104e-01 6.0991526187e-02 2.4725836686e-01
5.3200000000e+02 0.0000000000e+00 0.0000000000e+00
-9.3480244360e-01 5.2851513698e-02 -3.5121376530e-01
-6.6055542871e-02 -9.9748462274e-01 2.5711721972e-02
-3.4897142676e-01 4.7234996460e-02 9.3594219822e-01
2.6334668940e-01 -6.0643236016e-01 -6.1036186258e+00
5.3200000000e+02 0.0000000000e+00 0.0000000000e+00
-9.1825130486e-01 7.6292425197e-02 -3.8857947319e-01
-9.6167804978e-02 -9.9485293987e-01 3.1927751633e-02
-3.8414358567e-01 6.6686534594e-02 9.2086188524e-01
3.9455180289e-01 -6.2658771516e-01 -6.0404594058e+00
5.3200000000e+02 0.0000000000e+00 0.0000000000e+00
7.9467702488e-01 -8.4448824085e-02 6.0112962183e-01
-2.7272018912e-02 9.8430917410e-01 1.7433211629e-01
-6.0641954381e-01 -1.5493174593e-01 7.7990479610e-01
-1.0919973831e+00 -9.1867897504e-02 4.3384656231e-01
5.3200000000e+02 0.0000000000e+00 0.0000000000e+00
-8.9464844946e-01 8.2432488811e-02 -4.3910025810e-01
-8.4026281388e-02 -9.9633758725e-01 -1.5842861687e-02
-4.3879805823e-01 2.2722170201e-02 8.9829837308e-01
5.8801983895e-01 -4.7067727318e-01 -6.0369307542e+00
5.3200000000e+02 0.0000000000e+00 0.0000000000e+00
-8.8220324054e-01 7.6113206832e-02 -4.6467647038e-01
-8.5591985313e-02 -9.9633002807e-01 -6.9800541569e-04
-4.6302424821e-01 3.9156798989e-02 8.8548025989e-01
6.5075586665e-01 -5.5737756010e-01 -5.9968350288e+00
5.3200000000e+02 0.0000000000e+00 0.0000000000e+00
-8.6503954689e-01 8.9805445348e-02 -4.9360061214e-01
-1.0983986234e-01 -9.9388079504e-01 1.1669185949e-02
-4.8953221238e-01 6.4311330615e-02 8.6961041035e-01
7.4335619377e-01 -6.8240019934e-01 -5.9292057288e+00
5.3200000000e+02 0.0000000000e+00 0.0000000000e+00
7.4204755956e-01 -1.1484529506e-01 6.6043620249e-01
7.8964878945e-03 9.8664425804e-01 1.6269835142e-01
-6.7030072716e-01 -1.1551478814e-01 7.3304383831e-01
-1.3426516815e+00 2.5052885541e-02 4.9103251591e-01
5.3200000000e+02 0.0000000000e+00 0.0000000000e+00
-8.2686357412e-01 1.1005709384e-01 -5.5152884412e-01
-1.4319719738e-01 -9.8954433018e-01 1.7221534873e-02
-5.4386688855e-01 9.3217244629e-02 8.3397802899e-01
9.5105859603e-01 -6.5137979439e-01 -5.8294289094e+00
5.3200000000e+02 0.0000000000e+00 0.0000000000e+00
-8.0705133955e-01 1.1371222685e-01 -5.7942874005e-01
-1.4896513779e-01 -9.8875106355e-01 1.3443290303e-02
-5.7138211650e-01 9.7164107547e-02 8.1491202786e-01
1.0485021736e+00 -6.3353642885e-01 -5.7916169865e+00
5.3200000000e+02 0.0000000000e+00 0.0000000000e+00
-7.7543131484e-01 1.4576709758e-01 -6.1437629286e-01
-1.8668176669e-01 -9.8241717904e-01 2.5306754518e-03
-6.0320493528e-01 1.1665521676e-01 7.8900910416e-01
1.1766163244e+00 -6.2222471093e-01 -5.7521178963e+00
5.3200000000e+02 0.0000000000e+00 0.0000000000e+00
-7.2385376175e-01 1.5880860620e-01 -6.7142799927e-01
-1.9043425103e-01 -9.8133392903e-01 -2.6805144466e-02
-6.6315196422e-01 1.0845988350e-01 7.4058485404e-01
1.4227819747e+00 -5.4099220601e-01 -5.6834452320e+00
5.3200000000e+02 0.0000000000e+00 0.0000000000e+00
5.6061083766e-01 -1.5781974596e-01 8.1290123415e-01
5.3958257993e-02 9.8654642204e-01 1.5432000373e-01
-8.2631954781e-01 -4.2650732045e-02 5.6158429462e-01
-1.9534589788e+00 4.3029063665e-02 9.9931123915e-01
5.3200000000e+02 0.0000000000e+00 0.0000000000e+00
-6.2910227264e-01 2.0585606209e-01 -7.4956895097e-01
-2.1839762196e-01 -9.7226228300e-01 -8.3716974264e-02
-7.4601126619e-01 1.1103753762e-01 6.5661088627e-01
1.7229881963e+00 -3.5725355936e-01 -5.5437621353e+00
5.3200000000e+02 0.0000000000e+00 0.0000000000e+00
-5.8231824368e-01 2.0523804437e-01 -7.8662749013e-01
-2.2556906326e-01 -9.7040574071e-01 -8.6204965587e-02
-7.8104037077e-01 1.2724010193e-01 6.1138032000e-01
1.8928185448e+00 -3.4752885665e-01 -5.4476022720e+00
5.3200000000e+02 0.0000000000e+00 0.0000000000e+00
-5.4820511324e-01 2.1393025613e-01 -8.0852025289e-01
-2.1050468101e-01 -9.7090359653e-01 -1.1416648162e-01
-8.0941888604e-01 1.0761064894e-01 5.7728763641e-01
1.9748076468e+00 -2.5054215011e-01 -5.3704791728e+00
5.3200000000e+02 0.0000000000e+00 0.0000000000e+00
-5.0309214535e-01 2.4653036762e-01 -8.2832425482e-01
-2.7825221798e-01 -9.5362026563e-01 -1.1482200215e-01
-8.1821390631e-01 1.7271701372e-01 5.4835648687e-01
2.0622600703e+00 -3.2477272236e-01 -5.2667754110e+00
5.3200000000e+02 0.0000000000e+00 0.0000000000e+00
-4.4346560417e-01 2.6118272689e-01 -8.5739246620e-01
-2.9273231159e-01 -9.4634764903e-01 -1.3687191429e-01
-8.4713992450e-01 1.9028849240e-01 4.9612925532e-01
2.2434450689e+00 -2.3365963536e-01 -5.1463268755e+00
5.3200000000e+02 0.0000000000e+00 0.0000000000e+00
-3.8543029367e-01 2.5920931883e-01 -8.8558117513e-01
-2.8514516326e-01 -9.4621763598e-01 -1.5285424834e-01
-8.7757377160e-01 1.9360453093e-01 4.3861322485e-01
2.3704338608e+00 -1.7434226653e-01 -5.0257686275e+00
5.3200000000e+02 0.0000000000e+00 0.0000000000e+00
-3.1254535691e-01 2.8762015852e-01 -9.0531212534e-01
-3.0555487103e-01 -9.3284578053e-01 -1.9087946600e-01
-8.9941737845e-01 2.1696403887e-01 3.7944035786e-01
2.4342325172e+00 -7.7733004323e-02 -4.8880438227e+00
5.3200000000e+02 0.0000000000e+00 0.0000000000e+00
1.8616600996e-01 -3.1795237529e-01 9.2964966723e-01
-1.3582035428e-02 9.4526746515e-01 3.2601372307e-01
-9.8242442205e-01 -7.3319208733e-02 1.7165823191e-01
-2.5866373477e+00 -5.4390264084e-01 1.9770192756e+00
5.3200000000e+02 0.0000000000e+00 0.0000000000e+00
-1.5944695607e-01 3.0768502855e-01 -9.3803336370e-01
-2.9237188881e-01 -9.2228007045e-01 -2.5282039134e-01
-9.4291852609e-01 2.3394314448e-01 2.3701320283e-01
2.6393167127e+00 1.3355652957e-01 -4.4872474789e+00
5.3200000000e+02 0.0000000000e+00 0.0000000000e+00
-1.1198682548e-01 3.0178963398e-01 -9.4677450734e-01
-2.8835237299e-01 -9.2164182911e-01 -2.5967142281e-01
-9.5095313234e-01 2.4392489757e-01 1.9023349977e-01
2.7055027186e+00 1.3794455835e-01 -4.3022966518e+00
5.3200000000e+02 0.0000000000e+00 0.0000000000e+00
-4.9543430673e-02 3.0972343800e-01 -9.4953506540e-01
-2.9996224879e-01 -9.1142757012e-01 -2.8164238623e-01
-9.5266368556e-01 2.7087114349e-01 1.3806058760e-01
2.7848946263e+00 1.6179834514e-01 -4.0610318877e+00
5.3200000000e+02 0.0000000000e+00 0.0000000000e+00
7.4320512637e-05 3.1843413382e-01 -9.4794498622e-01
-3.3339804403e-01 -8.9370152572e-01 -3.0023878357e-01
-9.4278615747e-01 3.1606531815e-01 1.0609889701e-01
2.8075376373e+00 1.9557612390e-01 -3.8847911739e+00
5.3200000000e+02 0.0000000000e+00 0.0000000000e+00
4.9566003496e-02 3.2436755523e-01 -9.4463162154e-01
-3.2864292952e-01 -8.8782929301e-01 -3.2210708057e-01
-9.4315271095e-01 3.2641206410e-01 6.2594953752e-02
2.8335720853e+00 2.8456096393e-01 -3.6928941031e+00
5.3200000000e+02 0.0000000000e+00 0.0000000000e+00
1.0331229176e-01 3.3752300666e-01 -9.3563069122e-01
-3.2524717878e-01 -8.7748775338e-01 -3.5246207649e-01
-9.3996853302e-01 3.4072490758e-01 1.9123134898e-02
2.8478924207e+00 3.9062177701e-01 -3.4859220488e+00
5.3200000000e+02 0.0000000000e+00 0.0000000000e+00
-1.0921279019e-01 -3.6039369616e-01 9.2638488234e-01
2.1600505495e-02 9.3087897895e-01 3.6468855852e-01
-9.9378367094e-01 5.9839036767e-02 -9.3879204603e-02
-2.8922418875e+00 -6.3238300146e-01 2.4566137410e+00
0 0 0
0 0 0
0 0 0
0 0 0
0 0 0
0 0 0
0 0 0
0 0 0
0 0 0
0 0 0
0 0 0
0 0 0
0 0 0
0 0 0
0 0 0
0 0 0
0 0 0
0 0 0
0 0 0
0 0 0
0 0 0
0 0 0
0 0 0
0 0 0
0 0 0
0 0 0
0 0 0
0 0 0
0 0 0
0 0 0
0 0 0
0 0 0
0 0 0
0 0 0
0 0 0
0 0 0
0 0 0
0 0 0
0 0 0
0 0 0
0 0 0
0 0 0
0 0 0
0 0 0
0 0 0
0 0 0
0 0 0
0 0 0
0 0 0
0 0 0
0 0 0
0 0 0
0 0 0
0 0 0
0 0 0
0 0 0
0 0 0
0 0 0
0 0 0
0 0 0
0 0 0
0 0 0
0 0 0
0 0 0
0 0 0
0 0 0
0 0 0
0 0 0
0 0 0
0 0 0
-3.8958330284e-01 -4.8344118770e-01 3.1257199201e+00
202 172 110
6 0 0 -73.4500 -5.6400 1 0 -73.4300 -1.9000 2 0 -77.6700 -6.0000 3 0 -83.0200 -3.2900 4 0 -84.9300 0.0500 6 0 -84.7700 1.5200
-8.6159034879e-01 -5.5327027527e-01 2.9075967566e+00
0 0 255
0
-8.6159034879e-01 -5.5327027527e-01 2.9075967566e+00
0 0 255
0
-4.3330677439e-01 -1.7199570521e-01 3.3910357477e+00
182 151 87
8 0 3 -77.5800 -60.5300 1 3 -77.2200 -55.7300 2 3 -85.1900 -60.7700 5 3 -100.7200 -54.9300 6 3 -97.5900 -57.9400 7 2 -103.8200 -64.8500 10 2 -111.6900 -65.9900 11 3 -113.4200 -65.9900
-7.1719834831e-01 -4.3979747073e-01 2.9657665031e+00
25 23 20
4 0 5 -11.3400 -11.4000 1 5 -10.3600 -7.0900 2 6 -18.5200 -11.2500 3 7 -24.4100 -7.6400
-4.8130065240e-01 5.1758320552e-02 2.9792673446e+00
156 90 40
7 0 6 -50.4600 -93.7300 1 6 -49.7000 -89.7100 2 7 -55.7300 -94.2400 3 8 -56.0800 -93.2700 4 5 -54.2300 -90.7700 5 5 -54.6800 -86.1300 6 7 -48.6000 -89.3500
-2.1880896513e-01 4.8390638740e-02 3.5828692077e+00
173 144 83
3 0 7 -118.1600 -90.2800 1 7 -117.6300 -86.4300 2 8 -126.1100 -93.3800
-5.9614724619e-01 -1.9248592161e-01 3.2453325288e+00
24 22 23
24 0 8 -50.0400 -55.0000 1 8 -49.3400 -51.1200 2 9 -56.2800 -55.7700 3 6 -61.0400 -55.9100 4 6 -63.0800 -54.2400 5 4 -64.1600 -50.0400 6 4 -59.3500 -53.0700 7 3 -63.3800 -59.6100 8 2 -66.2300 -73.0300 9 2 -62.9700 -60.8700 10 3 -67.4200 -61.2900 11 5 -68.4700 -58.9500 12 2 -70.3800 -58.6600 13 2 -62.9100 -58.0200 14 3 -62.2700 -52.8600 15 3 -64.9400 -52.7100 16 3 -61.7200 -51.3600 17 3 -63.2900 -51.0700 18 2 -64.5900 -58.9800 19 2 -56.4000 -54.2300 20 2 -55.9000 -52.5200 21 2 -63.9900 -55.1400 22 3 -66.3200 -56.6200 24 2 -64.1600 -58.2400
-7.9876353121e-01 -2.5780199781e-01 3.0575879131e+00
110 101 91
5 0 9 -5.8200 -42.0800 1 9 -4.9100 -38.0100 2 4 -12.8400 -42.4400 3 9 -13.9500 -39.8500 6 5 -11.4200 -34.7500
-7.3478910798e-01 -2.5326009902e-01 2.9239605104e+00
110 101 91
16 0 10 -5.8200 -42.0800 1 10 -4.9100 -38.0100 2 5 -12.8400 -42.4400 3 10 -13.9500 -39.8500 4 7 -14.3800 -36.3100 5 6 -15.5100 -31.9400 6 6 -11.4200 -34.7500 7 4 -15.0900 -41.7800 8 3 -16.1000 -55.1500 9 3 -11.8900 -41.7300 11 6 -15.3800 -41.1100 12 3 -16.7900 -39.8600 16 6 -6.6800 -31.5900 23 10 -10.2700 -25.9600 25 4 -5.8000 -36.3900 24 8 -8.9100 -29.5000
-6.6835537484e-01 -5.0273595253e-01 3.1077472559e+00
202 173 107
21 0 11 -31.8800 -0.1400 1 13 -28.6900 2.8400 2 12 -35.8100 -1.7300 3 11 -44.5400 1.4400 4 14 -41.9800 1.9200 5 18 -42.7800 5.6200 6 16 -38.3500 3.4900 7 10 -42.4400 -2.4900 8 5 -48.3500 -12.8100 9 7 -42.3400 -2.6900 10 10 -46.3100 -3.2500 11 14 -46.0900 -2.4600 12 7 -49.9500 -0.8100 13 12 -42.9200 -2.8000 14 16 -44.2200 3.3600 15 8 -50.1400 3.6700 16 15 -44.2600 3.3600 17 10 -48.7600 5.5000 18 5 -56.1400 0.9900 20 12 -46.6000 5.5900 22 18 -60.2100 0.9400
-7.8131619930e-01 -7.1744372748e-01 2.8680625882e+00
18 13 9
23 0 12 5.0800 39.0700 1 14 4.4200 43.2500 2 13 -1.9900 38.5500 5 12 -11.7000 48.7400 7 9 -8.4900 38.8100 8 8 -10.3800 26.4500 9 5 -8.3700 40.3300 10 6 -11.0000 38.8500 11 9 -11.1500 40.5200 12 4 -13.0300 41.3000 14 9 -5.8600 46.1700 17 7 -8.0500 47.2500 19 8 -6.7900 46.5900 20 8 -6.5700 47.3900 21 11 -18.8700 46.1900 23 7 -24.6400 46.5900 25 6 -22.0300 37.7100 26 4 -25.6600 37.4300 22 6 -26.4700 43.3500 24 5 -24.0200 43.4300 27 4 -27.4800 41.6100 28 4 -30.4200 43.8700 29 5 -21.0600 46.2500
-3.4642345448e-01 1.3698408151e-01 3.3171461258e+00
177 143 82
3 0 14 -88.8500 -105.9200 1 16 -88.4400 -101.7900 2 14 -95.8500 -107.5400
-4.4066945408e-01 4.7861199003e-02 3.6487126195e+00
41 23 15
3 0 15 -87.7000 -90.2000 1 17 -87.6400 -85.8700 2 16 -96.4500 -91.5700
-6.1622213631e-01 -3.1811369444e-01 3.1671771790e+00
44 40 43
12 0 16 -39.5000 -32.1700 1 19 -38.5100 -27.9800 2 17 -45.8700 -32.7400 3 17 -51.6500 -31.2000 4 13 -53.4000 -29.1000 5 11 -55.3100 -24.8600 6 13 -50.3300 -27.9300 7 8 -55.0800 -34.5600 8 7 -57.9400 -47.5800 9 4 -55.1400 -35.6200 10 4 -59.6500 -37.0000 11 8 -60.2600 -34.2500
2.2794585790e-01 -1.4568961498e-01 2.0067226980e+00
25 14 10
2 0 18 -146.2700 -50.3600 1 18 -145.9900 -46.2000
-7.7292883594e-01 -5.3634980591e-01 2.7989911914e+00
138 71 29
28 0 19 7.2900 7.9000 1 21 8.3000 11.8200 2 19 1.7800 7.0000 3 24 -3.5000 10.5300 4 19 -3.4500 14.0600 5 19 -4.4100 18.0100 6 21 1.8600 14.9700 7 13 -0.9200 7.6700 8 13 -2.3200 -4.6000 9 10 1.0100 9.3200 10 12 -1.8400 7.6000 11 20 -1.4600 9.2100 12 10 -3.4500 10.4400 13 13 2.9300 10.6600 14 25 4.2600 16.1500 15 21 -0.0700 16.2500 16 19 4.9100 17.3700 17 22 3.1200 18.4000 18 21 0.2500 12.7400 19 28 7.2600 18.8200 20 32 8.0500 20.1800 21 26 -2.3700 20.0500 23 46 -4.6300 23.3200 25 50 0.5600 14.9300 26 40 -2.0600 14.9200 22 32 -6.7200 20.3200 24 38 -2.9900 20.7000 27 43 -3.0500 18.9000
-6.8274502769e-01 -6.2050120776e-01 2.9235400475e+00
13 3 1
11 0 20 -14.1000 20.0300 1 22 -13.3100 23.2100 2 20 -19.7500 19.6200 3 25 -26.3400 22.4600 4 15 -27.3200 25.5700 5 15 -28.6100 29.9200 6 17 -23.0900 26.3800 7 11 -26.3800 19.4500 8 9 -28.8300 7.0400 9 8 -26.5600 20.1600 10 5 -29.9100 18.3600
-4.2960072217e-01 8.9502222306e-02 3.4386258063e+00
64 34 10
3 0 22 -81.1500 -97.1000 1 24 -80.8100 -93.0500 2 21 -88.6800 -99.0900
-3.8964714210e-01 3.6504172311e-02 3.1650205622e+00
165 130 75
4 0 23 -74.4200 -89.9700 1 25 -74.8300 -85.8900 2 22 -81.5000 -91.5500 3 21 -85.2300 -95.0400
-4.5987962069e-01 1.0214949668e-02 3.0262837631e+00
192 123 74
4 0 24 -56.5800 -86.4000 1 26 -55.7100 -82.0200 2 23 -62.0500 -87.0100 3 26 -63.5300 -86.5400
-2.9953532137e-02 8.0943221010e-03 3.5633052450e+00
162 130 69
2 0 25 -146.2700 -85.2900 1 27 -146.1400 -80.8300
-2.9953532137e-02 8.0943221010e-03 3.5633052450e+00
162 130 69
2 0 26 -146.2700 -85.2900 1 28 -146.1400 -80.8300
1.4175788411e-01 -7.6475280409e-02 2.6812468151e+00
174 140 74
2 0 27 -151.6900 -70.9500 1 29 -151.4700 -66.6200
-6.7804259971e-01 -4.1332106549e-01 3.1450070722e+00
58 49 50
16 0 28 -28.5200 -15.8000 1 20 -27.6100 -12.2400 2 25 -34.8100 -16.2600 3 27 -41.5300 -14.3200 4 18 -43.0200 -12.2400 5 17 -44.7700 -7.7500 6 20 -39.8700 -10.9500 7 12 -44.2400 -17.3800 8 10 -47.2900 -30.4800 9 9 -45.2000 -17.3600 10 11 -49.0500 -18.0600 11 13 -50.0200 -15.7700 12 6 -53.5700 -16.9800 13 4 -48.8200 -17.9400 14 15 -47.3100 -9.5400 16 11 -49.8700 -11.4600
-4.9280395631e-01 1.3810713087e-01 2.9312034973e+00
14 3 1
23 0 32 -45.0200 -108.0500 1 51 -45.3000 -103.2100 2 73 -51.7200 -107.6300 5 25 -47.0600 -99.9200 7 30 -44.5600 -110.9000 9 25 -38.0400 -113.1500 11 22 -39.9900 -112.7000 12 20 -37.6200 -112.1300 13 26 -27.9300 -111.7300 14 54 -24.1400 -105.0800 15 38 -22.8900 -103.9500 16 47 -16.4100 -102.1700 17 34 -15.8000 -101.9700 18 26 -13.9700 -108.8500 19 37 -2.0000 -102.2400 20 63 -0.8000 -99.8400 21 45 -4.1800 -99.4900 25 55 12.2400 -108.7700 26 43 13.5800 -111.9200 24 46 5.0600 -100.0800 27 47 16.1500 -110.0800 28 51 19.5200 -109.8200 29 42 33.5300 -109.9900
-5.2712072268e-01 1.2054818466e-01 2.8720384974e+00
11 7 7
29 0 33 -37.3700 -106.2200 1 31 -36.4600 -102.0600 2 27 -42.2400 -106.6600 3 29 -41.2600 -104.8700 4 24 -38.1300 -101.7800 5 26 -37.8400 -96.9300 6 28 -31.3100 -100.2200 7 20 -34.6400 -108.1900 9 12 -27.6700 -109.8600 10 20 -30.8000 -111.3600 11 23 -29.5300 -109.1600 12 13 -27.2500 -108.1100 13 15 -17.2800 -107.4200 14 28 -12.4200 -100.6600 15 24 -11.9500 -99.0100 16 26 -5.4700 -97.2700 17 23 -5.1800 -96.5100 18 18 -3.6100 -102.7300 19 19 7.9500 -95.9700 20 27 10.0100 -93.6100 21 23 6.1800 -92.4400 23 28 10.9600 -87.7500 25 23 21.0900 -100.1700 26 18 22.0600 -102.3300 22 27 7.1100 -91.0500 24 21 14.1200 -91.9900 27 22 24.2100 -100.0000 28 27 27.2500 -98.8000 29 22 40.4600 -98.1800
-4.8322198812e-01 1.0552574636e-01 2.9132380804e+00
147 91 43
24 0 34 -46.6600 -101.9400 1 32 -45.7800 -97.7400 2 28 -51.3900 -102.6300 3 30 -51.1600 -101.2100 4 25 -48.2300 -98.5100 5 27 -47.9600 -93.7800 6 29 -41.3700 -97.0400 7 21 -44.9700 -105.2100 9 17 -38.3100 -107.1800 10 21 -41.4100 -109.0000 11 24 -40.0200 -106.8900 12 14 -37.7200 -106.1500 13 16 -27.4900 -105.8800 14 42 -22.5700 -99.6400 15 25 -22.0900 -98.1300 16 35 -15.1700 -96.7800 17 24 -14.9600 -96.0300 18 28 -13.0800 -102.7900 19 20 -1.3200 -96.2700 20 38 1.6400 -94.1800 23 39 3.0300 -89.6100 25 35 13.0900 -102.9600 22 51 -0.5300 -92.6200 28 36 19.7000 -103.0900
-3.3774828678e-01 8.0753769564e-02 3.4448991225e+00
169 139 84
3 0 35 -94.9100 -96.8400 1 40 -94.8300 -92.1200 2 48 -103.0400 -96.9700
-4.9119649058e-01 -1.7058547420e-01 3.2496277628e+00
190 163 102
7 0 36 -63.1000 -56.8600 1 42 -62.2300 -52.8000 2 29 -70.0400 -57.4200 3 33 -76.1900 -57.9400 4 27 -78.3500 -56.4000 5 50 -80.0700 -53.6100 7 25 -82.1400 -62.6800
-6.4808351968e-01 -6.4009281136e-01 2.9569270699e+00
200 174 116
11 0 39 -21.3100 22.6100 1 34 -20.2900 26.8100 2 30 -27.1600 22.1500 3 35 -33.9800 24.4700 4 29 -35.2100 27.5500 5 33 -36.9200 31.9300 6 33 -31.2200 28.9300 7 27 -34.3800 22.5100 8 26 -37.4000 9.9800 9 22 -35.4000 23.1500 10 29 -39.0000 22.1800
-7.9650958295e-01 -6.5464107183e-01 2.7633010431e+00
12 4 1
13 0 40 12.1100 28.4600 1 36 13.6000 32.0700 2 31 7.3500 27.2100 3 36 1.1200 30.6500 5 43 0.3000 38.0600 6 43 6.2400 35.2900 7 28 4.0700 28.0600 8 33 2.0400 15.8800 9 23 5.5600 29.2500 10 30 3.1800 27.6500 11 36 3.0700 29.4800 12 26 1.2200 30.1700 21 98 0.9900 34.7500
4.4028152282e-01 -7.1423043266e-02 6.4574684914e-01
168 139 84
2 0 44 -141.0700 -60.6700 1 33 -139.6700 -58.2500
-6.9674147173e-01 -2.3877882277e-01 2.9277218376e+00
119 113 91
30 0 45 -12.5500 -44.5800 1 43 -12.6000 -41.0300 2 38 -18.1700 -44.8700 3 44 -21.4100 -42.3900 4 35 -20.9200 -39.0400 5 36 -22.0100 -34.9200 6 38 -16.1300 -37.6700 7 36 -19.2200 -44.7900 8 24 -20.8900 -58.1600 9 19 -16.4600 -44.8400 10 37 -20.0800 -46.3600 11 26 -20.3200 -44.6400 12 16 -20.5700 -43.6200 13 19 -13.7800 -43.3200 14 33 -11.5300 -37.0800 15 28 -14.5800 -36.6300 16 29 -9.6600 -35.0800 17 26 -10.9700 -34.2900 18 19 -12.6200 -40.5300 19 25 -4.2200 -34.4600 20 29 -2.9700 -32.8200 21 24 -11.1500 -33.2400 23 30 -11.6600 -29.9800 25 24 -5.6900 -40.6800 26 20 -7.1800 -42.0000 22 30 -13.9700 -33.0600 24 22 -10.3300 -33.5300 27 24 -7.5600 -39.3000 28 28 -7.2900 -37.8900 29 25 3.1200 -36.4200
1.2774772405e-01 -2.3864493604e-01 2.7651423613e+00
19 11 2
2 0 46 -150.3000 -38.7300 1 45 -150.1000 -34.3300
-7.1422467772e-01 -5.6535303746e-01 2.9091652208e+00
197 133 91
29 0 48 -9.6700 11.9600 1 48 -8.6000 15.9500 2 42 -15.0500 11.2900 3 34 -20.8800 13.8600 4 28 -21.0500 16.9900 5 32 -22.0100 21.1700 6 27 -15.9400 17.9900 7 19 -18.9600 11.0100 8 21 -21.0600 -1.6400 9 14 -18.3300 11.6300 10 17 -21.4900 10.1100 11 21 -21.7500 11.8400 12 11 -24.0300 12.6000 13 14 -17.8900 12.1700 14 26 -16.6900 17.3900 15 22 -20.8800 16.7600 16 20 -15.9300 17.8900 17 15 -17.6700 18.5500 19 12 -13.6500 17.8100 20 17 -12.7100 19.1000 21 19 -23.1200 18.3900 23 19 -25.0200 21.2400 25 17 -20.1400 12.4300 26 15 -23.0400 11.8300 22 19 -27.2000 18.1900 24 16 -23.4700 18.5000 27 15 -23.6600 15.2000 28 16 -25.2800 17.3000 29 8 -14.1700 19.5500
-6.6906527331e-01 -7.0772762932e-01 2.8948686710e+00
202 175 122
4 0 49 -15.0200 35.0000 1 50 -13.8700 38.8800 2 45 -20.7100 34.2900 3 69 -28.0100 36.3000
-3.1729247073e-01 8.2413467255e-02 3.4779901448e+00
0 0 255
0
-4.8399445202e-01 -5.3508066003e-02 3.3565078089e+00
0 0 255
0
-8.1643558187e-02 -1.3550934150e-01 3.8723076945e+00
17 9 0
3 0 55 -145.3900 -64.0400 1 57 -145.1100 -59.6700 2 56 -155.3700 -64.9800
-6.7536863208e-01 -3.1395372651e-01 3.0484775228e+00
144 134 116
21 0 58 -24.3900 -31.9700 1 46 -22.8900 -27.9900 2 41 -29.6500 -32.4500 3 63 -34.9400 -30.7400 4 37 -34.6400 -27.6500 5 38 -36.2200 -23.4600 6 40 -31.1000 -26.5800 7 38 -34.5200 -33.4600 9 20 -32.7400 -33.9800 10 39 -37.2700 -35.2200 12 22 -38.7800 -32.9200 13 32 -32.5100 -33.1300 16 55 -30.7400 -26.4700 17 40 -31.9900 -25.6900 18 56 -34.6500 -32.7500 21 55 -34.2200 -27.1400 23 66 -35.0000 -24.8300 26 34 -32.4700 -37.5400 24 34 -33.4600 -28.1100 27 37 -32.6000 -34.9800 28 42 -33.2900 -33.9500
-6.5875068162e-01 -5.5306175271e-01 2.9849703851e+00
165 140 99
11 0 60 -20.5600 8.8700 1 109 -19.5800 12.9400 2 62 -26.5100 8.4100 3 67 -33.1300 10.7400 4 49 -34.7500 13.1900 5 53 -36.5100 17.1800 6 60 -31.2800 14.0500 7 51 -35.0000 7.3200 8 45 -37.8800 -5.6300 9 45 -35.7700 7.3300 10 53 -39.4900 5.8700
-7.4591829429e-01 -5.5009468490e-01 2.8081440711e+00
173 104 63
18 0 61 1.5600 9.8300 1 110 3.0800 13.5400 2 88 -3.4500 8.9100 3 99 -8.8700 12.0500 6 93 -3.3800 16.6300 8 73 -7.5500 -3.0300 9 83 -4.0100 10.4800 10 90 -6.7200 8.9600 11 88 -6.5800 10.8700 12 76 -8.1900 11.8200 13 85 -1.5700 11.8900 14 96 -0.2200 17.4000 15 156 -4.4000 17.4400 16 102 1.3600 18.1500 17 92 -0.1100 18.9900 19 164 3.9000 19.5800 20 93 5.2600 20.7000 21 93 -5.1000 20.5300
-7.3207424801e-01 -5.6069174965e-01 2.7569466976e+00
47 16 1
3 0 62 3.8800 13.7300 1 61 5.3000 17.6000 2 63 -0.8000 12.8500
-8.0589674718e-01 -6.0518804437e-01 2.7908920692e+00
98 53 31
8 0 63 11.9600 19.4700 1 62 13.9500 22.4500 2 64 7.0700 18.3700 5 96 0.4500 29.4900 9 85 4.8900 21.3800 10 92 2.2100 19.6800 11 91 2.7700 21.0500 13 87 6.8000 22.4900
-7.0398288335e-01 -6.1512474392e-01 2.8496332297e+00
39 5 2
20 0 64 -7.6400 19.4100 1 63 -6.5300 23.3400 2 65 -13.0400 18.6100 3 68 -19.1800 22.0200 4 50 -19.3600 25.0500 5 54 -20.2000 29.8700 6 41 -14.1200 25.8300 7 39 -16.7500 18.7500 8 29 -18.5100 6.1400 11 33 -17.4200 19.8000 16 41 -10.4600 26.5200 20 42 -6.4300 28.8400 23 49 -17.9600 31.4000 25 29 -13.2300 22.8500 26 25 -15.9900 22.7700 22 47 -20.9900 27.8400 24 39 -16.3200 28.7400 27 30 -16.4300 26.8100 28 43 -16.9700 30.1300 29 28 -6.8700 32.3100
-7.0407066348e-01 -6.5022544587e-01 2.8479754308e+00
186 137 97
23 0 66 -7.8700 24.9900 1 65 -6.7100 29.0000 3 47 -19.1200 27.0000 4 51 -19.7000 30.1200 5 55 -20.5400 34.4200 6 62 -14.7300 31.2600 7 41 -16.9600 24.4600 8 31 -18.8100 11.9600 9 31 -16.0700 25.6300 10 43 -18.4300 24.1700 12 24 -20.2300 26.6700 13 36 -13.8500 26.5600 14 48 -12.6000 31.7000 15 41 -16.4400 31.3000 16 58 -11.0800 32.2200 19 44 -8.9100 32.9600 21 60 -17.9100 33.4500 23 70 -19.4300 36.5500 26 41 -17.2800 28.4900 24 41 -17.9500 34.0400 27 45 -17.9900 32.5500 28 46 -19.4000 35.3600 29 36 -8.5900 38.2000
-7.0403872535e-01 -6.4986129477e-01 2.8483010240e+00
186 137 97
25 0 67 -7.8700 24.9900 1 66 -6.7100 29.0000 2 44 -12.7400 24.1900 3 48 -19.1200 27.0000 4 52 -19.7000 30.1200 5 56 -20.5400 34.4200 6 63 -14.7300 31.2600 7 42 -16.9600 24.4600 8 32 -18.8100 11.9600 9 32 -16.0700 25.6300 10 44 -18.4300 24.1700 11 35 -18.5000 26.0600 12 25 -20.2300 26.6700 13 37 -13.8500 26.5600 14 49 -12.6000 31.7000 15 42 -16.4400 31.3000 16 59 -11.0800 32.2200 19 45 -8.9100 32.9600 21 61 -17.9100 33.4500 23 71 -19.4300 36.5500 26 42 -17.2800 28.4900 24 42 -17.9500 34.0400 27 46 -17.9900 32.5500 28 47 -19.4000 35.3600 29 37 -8.5900 38.2000
-7.5957066494e-01 -6.6809590527e-01 2.7730527813e+00
116 66 37
29 0 68 5.8000 30.7200 1 67 7.1300 34.4800 2 67 0.6400 29.9600 4 53 -5.5200 36.0400 5 57 -6.0700 40.4300 6 64 0.0700 37.2300 7 52 -2.2800 30.2200 8 46 -3.9700 17.7700 9 48 -0.9300 31.6000 10 56 -3.3200 29.9200 11 49 -2.7100 31.3600 12 44 -4.9500 32.2500 13 52 1.3500 32.3000 14 63 2.6500 37.4500 15 60 -1.8800 37.1100 16 60 3.0800 38.1000 17 57 1.1000 39.1400 18 61 -2.1500 33.1700 19 59 4.4700 39.2500 20 58 5.4100 40.6800 21 63 -5.7400 40.1000 23 114 -8.0500 43.5400 25 99 -2.9200 35.9000 26 62 -5.5900 35.8800 22 63 -10.2500 40.1400 24 57 -6.3300 40.9600 27 94 -6.3900 40.3200 28 95 -8.0700 43.4600 29 59 2.7000 46.2700
-2.0023270121e-01 2.0040825550e-01 3.8702967357e+00
23 4 0
3 0 70 -129.7100 -112.0100 1 70 -129.5900 -107.6200 2 71 -139.6700 -113.4200
-2.0023270121e-01 2.0040825550e-01 3.8702967357e+00
23 4 0
3 0 71 -129.7100 -112.0100 1 71 -129.5900 -107.6200 2 72 -139.6700 -113.4200
-6.3342339112e-01 1.7997229819e-01 4.1150318475e+00
177 149 125
2 0 73 -79.6900 -105.4000 1 73 -79.7500 -101.2400
-5.7817252488e-01 7.8176218755e-02 4.3179100534e+00
18 5 0
2 0 76 -93.0100 -91.6500 1 78 -93.0800 -87.4000
-2.5034108094e-01 2.8509259368e-02 3.2768980806e+00
180 161 131
2 0 77 -101.9600 -88.9000 1 81 -101.7200 -84.7000
-3.1666569756e-01 3.6966633718e-02 3.5458551659e+00
180 161 131
3 0 78 -101.9600 -88.9000 1 82 -101.7200 -84.7000 2 126 -110.0400 -90.9300
-3.4895582392e-01 -8.5214286962e-03 3.3213963333e+00
170 138 94
4 0 79 -87.9200 -83.5000 1 83 -87.5400 -79.2700 3 55 -105.0200 -88.4900 4 107 -109.9300 -89.9900
1.7748698347e-01 -8.2582274350e-02 2.5933887656e+00
171 155 110
2 0 80 -156.6000 -69.4900 1 85 -156.2500 -65.1500
1.7748698347e-01 -8.2582274350e-02 2.5933887656e+00
171 155 110
2 0 81 -156.6000 -69.4900 1 86 -156.2500 -65.1500
8.7566304560e-02 -9.7554599309e-02 2.9125067619e+00
183 157 118
2 0 82 -147.9100 -67.3000 1 87 -147.6700 -62.9300
8.7566304560e-02 -9.7554599309e-02 2.9125067619e+00
183 157 118
2 0 83 -147.9100 -67.3000 1 88 -147.6700 -62.9300
-1.0266077989e-01 -1.7814681041e-01 3.9053640294e+00
160 137 112
3 0 84 -143.1400 -57.5700 1 90 -142.6400 -53.7800 2 147 -152.8800 -59.6100
3.1625467932e-01 -9.9816943000e-02 1.4046370425e+00
160 137 112
2 0 85 -143.1400 -57.5700 1 91 -142.6400 -53.7800
-7.5866972886e-01 -2.2237915141e-01 2.8424407156e+00
150 142 129
24 0 86 2.7700 -46.9500 1 93 3.4900 -42.9800 2 81 -2.7300 -47.3500 3 81 -5.2300 -43.9400 4 70 -4.6300 -40.3900 5 76 -5.2600 -35.7600 6 78 0.2300 -38.8500 7 67 -2.5700 -46.1400 9 62 0.5200 -45.4000 10 74 -2.5900 -47.2000 11 69 -2.3400 -45.2200 12 62 -3.2600 -43.6300 14 82 5.9900 -36.9200 15 135 2.4200 -35.6400 18 72 4.9600 -38.9500 20 138 13.2100 -30.5500 23 97 3.7000 -26.4900 25 84 10.0300 -36.6100 26 84 7.7100 -37.4700 22 146 1.7100 -29.4900 24 74 5.8300 -29.9900 27 83 8.0800 -34.3600 28 81 7.3700 -32.3100 29 85 17.9100 -30.7700
-7.5876626022e-01 -2.2231466431e-01 2.8426575846e+00
150 142 129
23 0 87 2.7700 -46.9500 1 94 3.4900 -42.9800 2 82 -2.7300 -47.3500 3 82 -5.2300 -43.9400 4 71 -4.6300 -40.3900 5 77 -5.2600 -35.7600 6 79 0.2300 -38.8500 7 68 -2.5700 -46.1400 9 63 0.5200 -45.4000 10 75 -2.5900 -47.2000 11 70 -2.3400 -45.2200 12 63 -3.2600 -43.6300 14 83 5.9900 -36.9200 15 136 2.4200 -35.6400 18 73 4.9600 -38.9500 20 139 13.2100 -30.5500 23 98 3.7000 -26.4900 25 85 10.0300 -36.6100 26 85 7.7100 -37.4700 22 147 1.7100 -29.4900 27 84 8.0800 -34.3600 28 82 7.3700 -32.3100 29 86 17.9100 -30.7700
-6.6587828960e-01 -2.3133933471e-01 2.9783639755e+00
130 117 111
23 0 88 -20.8100 -45.7600 1 173 -20.3800 -42.3700 2 155 -26.5800 -46.6500 5 74 -30.7900 -36.7800 6 77 -25.0300 -39.8400 7 130 -29.0200 -47.4400 9 61 -26.2700 -47.9800 10 72 -29.8200 -48.8600 11 68 -29.9000 -47.1100 14 56 -21.0900 -39.7800 15 51 -23.9600 -39.4000 16 153 -18.7600 -38.9200 17 47 -20.5000 -37.3500 18 71 -22.0600 -44.4400 20 52 -11.9700 -36.2200 21 53 -20.0200 -36.8100 23 63 -19.8900 -34.2200 25 41 -13.9800 -44.7200 26 32 -15.6000 -46.6400 22 80 -22.4100 -37.8500 24 51 -18.3500 -37.6200 27 74 -15.2100 -45.3000 29 79 -4.1500 -43.3100
1.6755688446e-01 -2.1151112454e-01 2.6031493166e+00
83 93 83
2 0 90 -153.6700 -42.1000 1 95 -153.4700 -37.7200
1.6755688446e-01 -2.1151112454e-01 2.6031493166e+00
83 93 83
2 0 91 -153.6700 -42.1000 1 96 -153.4700 -37.7200
-7.0095546373e-01 -2.6910530518e-01 2.9514085869e+00
33 29 18
30 0 93 -13.1700 -39.1200 1 97 -12.4300 -35.2500 2 159 -18.9200 -39.7900 3 88 -22.9400 -37.0700 4 72 -22.5200 -34.0300 5 81 -23.6000 -29.6700 6 82 -17.9900 -32.7800 7 70 -21.3900 -39.9900 8 58 -23.2600 -53.0500 9 68 -19.2300 -39.9700 10 78 -22.6900 -41.3500 11 73 -22.9100 -39.4000 12 66 -23.6900 -38.6900 13 73 -16.7000 -38.3900 14 88 -15.1200 -32.6200 15 82 -18.1600 -32.2700 16 89 -13.5000 -30.8100 17 75 -14.9400 -29.9800 18 78 -16.6700 -36.0500 19 147 -8.4700 -30.4800 20 85 -7.5400 -28.7800 21 148 -16.2200 -29.4400 23 100 -16.5900 -26.3000 25 83 -11.3300 -36.8500 26 83 -13.0400 -38.2100 22 149 -18.9000 -29.4200 24 76 -15.2900 -29.6600 27 82 -13.4700 -35.6000 28 79 -13.8300 -34.1600 29 83 -2.8100 -32.8500
-6.9702643260e-01 -4.8059413760e-01 2.9207543030e+00
29 16 6
3 0 95 -12.6200 -3.2800 1 104 -11.5600 0.4800 2 61 -18.2200 -3.7300
-7.0042594972e-01 -5.3393923071e-01 2.9033876695e+00
121 94 67
7 0 96 -10.7500 5.7800 1 106 -9.5800 9.8800 2 86 -16.2700 5.2300 3 66 -22.0800 7.8300 4 48 -22.6200 11.0700 5 52 -23.6500 15.4000 6 59 -17.7200 12.4100
-7.0980968433e-01 -5.3753930866e-01 2.8524290758e+00
47 5 0
14 0 97 -7.1400 6.9800 1 108 -6.0300 11.0400 2 87 -12.4400 6.4300 3 97 -17.5100 9.1000 4 83 -17.4300 12.3600 5 95 -17.9200 16.6600 6 92 -11.9000 13.4700 7 78 -14.7100 6.5000 8 44 -16.2200 -6.2200 9 44 -12.9000 7.3400 10 52 -15.7300 5.7500 11 48 -15.2900 7.6100 12 43 -16.7800 8.4400 14 62 -7.8200 13.6400
-7.2013316391e-01 -7.3659841745e-01 2.8658014781e+00
25 12 1
8 0 99 -5.3300 39.8800 1 113 -4.3500 44.0400 2 91 -10.8600 39.3000 3 102 -17.9300 42.0200 4 54 -18.7800 45.0500 5 97 -20.2600 49.2000 6 158 -14.9300 45.8600 7 81 -17.2700 39.5300
-8.1511400429e-01 -7.7665789966e-01 2.8170581746e+00
184 158 120
13 0 100 14.0900 47.5800 1 115 15.2800 51.5200 2 92 8.4000 46.5800 3 103 0.4200 49.8600 4 85 -1.2000 52.7700 5 98 -2.6000 56.8100 8 75 -2.7400 34.6500 9 87 -0.8500 48.8100 10 94 -3.2900 47.2600 11 156 -3.8800 48.9100 12 142 -6.9300 49.6400 13 89 -1.7500 49.5900 14 166 -1.8200 54.5500
-8.2721035532e-01 -8.0778286399e-01 2.8885855039e+00
198 172 124
3 0 101 9.0500 48.9000 1 116 9.8700 53.0500 2 93 2.9900 48.1600
-1.4611731613e+00 2.5846390939e-01 3.6724525090e+00
93 75 51
2 0 102 40.5200 -115.7300 1 120 41.1000 -111.8300
-5.4168705788e-01 2.4474889148e-01 4.0200771157e+00
27 23 22
2 0 104 -88.1600 -115.1000 1 121 -88.1300 -110.8600
-4.3500497015e-01 1.4244533264e-01 3.0017099706e+00
120 91 78
14 0 108 -59.9700 -108.2700 1 124 -59.3300 -104.1200 2 99 -65.2300 -109.0100 4 91 -62.1700 -106.2900 5 104 -62.1000 -101.8900 6 99 -55.8800 -105.2700 7 83 -59.7500 -113.1800 9 92 -53.3500 -116.3300 11 93 -55.5900 -116.0000 12 80 -53.2700 -115.8500 13 92 -43.0300 -115.9400 14 104 -37.8000 -109.7400 15 99 -36.7700 -108.9200 16 109 -29.6900 -107.3900
-4.9544211762e-01 1.1099072461e-01 2.9044434268e+00
126 75 41
8 0 109 -43.6200 -103.8500 1 74 -43.6200 -99.5400 2 102 -48.9600 -104.4300 5 62 -45.3200 -95.3900 9 106 -36.0000 -109.0700 12 87 -35.0800 -107.5000 13 104 -24.2200 -106.4900 15 112 -18.7500 -98.7600
-4.0719717988e-01 7.5389709250e-02 3.0388634024e+00
166 110 89
4 0 115 -65.9000 -97.5600 1 130 -65.4000 -93.3400 2 112 -71.5000 -98.3600 3 116 -71.7800 -98.3800
-4.0719717988e-01 7.5389709250e-02 3.0388634024e+00
166 110 89
4 0 116 -65.9000 -97.5600 1 131 -65.4000 -93.3400 2 113 -71.5000 -98.3600 3 117 -71.7800 -98.3800
-4.2348299857e-01 5.3951059239e-02 2.9616107055e+00
121 48 1
30 0 121 -58.7200 -92.5300 1 139 -57.8100 -88.2100 2 121 -63.8700 -93.1700 3 123 -63.8800 -92.5400 4 105 -61.2200 -90.1400 5 117 -61.1400 -85.7500 6 70 -54.9700 -88.9200 7 105 -58.3700 -96.6500 8 49 -59.3400 -111.5100 9 53 -52.7200 -99.3700 10 64 -55.7800 -100.8700 11 55 -54.5600 -98.9500 12 52 -51.9700 -98.7500 13 59 -41.8200 -98.7300 14 70 -36.5800 -92.7900 15 67 -36.1900 -92.1300 16 68 -29.3300 -90.6700 17 61 -28.5900 -90.2700 18 63 -26.5900 -97.3500 19 67 -14.6800 -91.2900 20 68 -11.2000 -89.2200 21 74 -15.1100 -89.5600 23 137 -8.1800 -85.8100 25 126 2.3400 -99.1400 26 110 3.8400 -102.1300 22 74 -12.9200 -88.8000 24 64 -5.1600 -90.2700 27 108 6.1500 -100.6000 28 70 9.6700 -100.3900 29 73 24.1600 -100.5600
-4.2423352510e-01 5.3168364271e-02 2.9622490027e+00
121 48 1
26 0 122 -58.7200 -92.5300 1 140 -57.8100 -88.2100 2 122 -63.8700 -93.1700 3 124 -63.8800 -92.5400 4 106 -61.2200 -90.1400 5 118 -61.1400 -85.7500 6 71 -54.9700 -88.9200 7 106 -58.3700 -96.6500 8 50 -59.3400 -111.5100 9 54 -52.7200 -99.3700 10 65 -55.7800 -100.8700 11 56 -54.5600 -98.9500 12 53 -51.9700 -98.7500 14 71 -36.5800 -92.7900 15 68 -36.1900 -92.1300 16 69 -29.3300 -90.6700 17 62 -28.5900 -90.2700 18 64 -26.5900 -97.3500 19 68 -14.6800 -91.2900 20 69 -11.2000 -89.2200 21 75 -15.1100 -89.5600 23 138 -8.1800 -85.8100 25 127 2.3400 -99.1400 26 111 3.8400 -102.1300 22 75 -12.9200 -88.8000 29 74 24.1600 -100.5600
-5.4047110004e-01 3.6779407542e-02 2.9034150448e+00
158 95 59
17 0 126 -36.2500 -91.4700 1 77 -35.9600 -87.6300 4 112 -39.6300 -86.9900 6 72 -33.1100 -85.8800 10 122 -34.0400 -96.5400 11 58 -32.8400 -94.4500 12 102 -30.9800 -93.4700 14 74 -17.5200 -86.9700 15 119 -17.9400 -85.2700 18 110 -10.2600 -89.6100 19 125 0.4500 -83.0800 20 123 2.9900 -80.9400 21 133 -1.7400 -80.3900 25 140 11.3900 -88.5400 26 74 11.7100 -90.7700 22 126 -1.3800 -79.3900 24 121 5.0500 -80.3100
-7.9574384189e-01 2.9889355336e-02 2.7883582778e+00
12 11 11
5 0 128 11.8000 -90.3300 1 145 12.2500 -86.3700 4 123 8.0400 -81.7000 6 128 14.0300 -79.8300 9 134 16.3600 -86.4600
-1.6533372954e-01 6.4604131127e-02 4.7107153293e+00
29 6 0
2 0 129 -152.5600 -89.7400 1 79 -152.6200 -85.0800
-1.6533372954e-01 6.4604131127e-02 4.7107153293e+00
29 6 0
2 0 130 -152.5600 -89.7400 1 80 -152.6200 -85.0800
-1.8172894370e+00 9.8804147009e-02 5.5638727291e+00
14 12 14
2 0 131 -13.0800 -88.6800 1 148 -12.9500 -84.5400
-5.1142433875e-01 -1.6928479302e-02 3.0820964891e+00
49 8 1
13 0 137 -51.2800 -82.3800 1 155 -50.7400 -78.1100 2 134 -57.0800 -83.0800 3 135 -59.3700 -82.4000 4 124 -58.3800 -80.0200 5 124 -59.5000 -75.5600 6 129 -53.9500 -78.9000 7 121 -58.1300 -86.4900 8 52 -59.7800 -100.9300 9 56 -54.6300 -88.9300 11 61 -58.2700 -88.7100 12 57 -57.7500 -88.7800 13 64 -49.4900 -89.0700
8.4836341300e-02 -8.7130927737e-02 2.0864216373e+00
164 132 91
2 0 144 -112.7100 -66.8400 1 163 -112.1800 -62.8200
5.2854015894e-01 -5.6270648849e-02 1.0629952212e-01
161 129 83
2 0 146 -117.7600 -63.2300 1 159 -112.7800 -76.0500
2.6681885001e-01 -1.2002359669e-01 1.8336025337e+00
144 140 118
2 0 152 -149.7200 -55.6400 1 92 -149.6400 -51.5700
3.4538948901e-02 -1.9205354627e-01 3.4362525537e+00
13 12 3
2 0 153 -152.3800 -53.3300 1 168 -152.2000 -48.8300
-5.3074616241e-01 -2.0496564366e-01 3.2083025261e+00
64 61 58
5 0 155 -54.7000 -50.9700 1 169 -54.2700 -46.9300 3 147 -67.4600 -51.3500 4 68 -69.1500 -49.4100 5 126 -71.9300 -45.6900
-6.9474493723e-01 -2.0957580647e-01 2.9144066563e+00
29 24 21
13 0 158 -12.4300 -48.9400 1 171 -11.9200 -44.8700 2 80 -17.9000 -49.6300 3 80 -20.9300 -46.9400 4 137 -20.4100 -43.5000 5 73 -20.6800 -39.1500 6 76 -14.6800 -42.3300 7 66 -18.0800 -49.5300 8 40 -19.3500 -62.9800 9 60 -15.2000 -49.5800 10 47 -18.2200 -51.3000 11 67 -18.7000 -49.0300 15 76 -11.5400 -41.0900
2.7930594245e-01 -1.3496763118e-01 1.5801359814e+00
156 121 83
2 0 161 -140.0200 -47.4000 1 172 -139.7500 -43.4700
-7.9282464715e-01 -2.3911329143e-01 2.8137662937e+00
104 97 94
10 0 162 10.2600 -43.5500 1 174 11.1500 -39.8000 3 151 1.6700 -40.2700 7 132 4.7500 -42.3000 9 145 7.5200 -41.4400 13 135 11.0000 -39.0500 16 159 13.6000 -30.0100 26 135 11.8700 -32.0700 28 155 10.5400 -27.1300 29 164 20.6500 -25.0800
-7.3266677878e-01 -2.6185300783e-01 2.8908980631e+00
32 21 15
19 0 165 -4.7100 -40.5000 1 175 -3.8600 -36.5200 2 156 -10.2400 -40.9500 3 84 -13.4300 -37.6000 4 143 -13.4900 -34.4900 5 133 -14.5700 -30.1600 6 80 -8.1800 -33.1200 7 135 -11.5100 -40.3700 8 105 -13.0900 -53.4700 9 66 -8.4300 -39.6400 10 48 -11.5800 -41.0400 11 71 -11.7600 -39.3500 12 37 -12.4400 -37.8800 13 46 -5.3700 -37.3700 14 90 -4.0700 -31.8600 18 53 -5.2700 -33.9300 19 51 2.8900 -28.1000 25 62 -0.5600 -33.1300 26 57 -2.3600 -34.1100
-7.3147250092e-01 -2.6324729191e-01 2.8896931440e+00
32 21 15
29 0 166 -4.7100 -40.5000 1 176 -3.8600 -36.5200 2 157 -10.2400 -40.9500 3 85 -13.4300 -37.6000 4 144 -13.4900 -34.4900 5 134 -14.5700 -30.1600 6 81 -8.1800 -33.1200 7 136 -11.5100 -40.3700 8 106 -13.0900 -53.4700 9 67 -8.4300 -39.6400 10 49 -11.5800 -41.0400 11 72 -11.7600 -39.3500 12 38 -12.4400 -37.8800 13 47 -5.3700 -37.3700 14 91 -4.0700 -31.8600 16 90 -2.1200 -29.3400 17 76 -3.5800 -28.2200 18 54 -5.2700 -33.9300 19 52 2.8900 -28.1000 20 53 3.7700 -26.3400 21 85 -5.1900 -26.2100 23 102 -6.1500 -22.8500 25 63 -0.5600 -33.1300 26 58 -2.3600 -34.1100 22 85 -8.1300 -25.9400 24 78 -4.7100 -26.4100 27 133 -2.6900 -32.0300 28 58 -3.1600 -29.8400 29 52 7.5000 -28.3000
-6.4377170771e-01 -2.6619928633e-01 3.0552779521e+00
35 24 19
14 0 167 -29.0800 -40.0700 1 178 -28.1100 -36.0500 2 158 -35.2800 -40.4300 3 83 -39.0600 -39.1500 4 142 -39.6700 -35.7300 5 78 -40.7300 -31.8300 7 134 -39.4000 -42.0300 9 144 -37.4500 -42.5300 10 138 -41.9300 -43.7700 11 136 -42.3600 -41.9900 12 118 -42.9100 -41.4200 13 69 -35.9100 -42.1300 14 84 -34.9400 -36.4700 16 82 -32.2000 -35.0200
-6.7928645860e-01 -2.7011247571e-01 2.9838192171e+00
51 42 27
18 0 168 -18.8500 -39.2200 1 180 -18.4100 -35.2500 3 86 -28.9200 -37.5300 4 145 -28.4600 -34.5100 5 79 -29.8400 -30.2000 6 83 -24.0800 -33.2400 9 64 -25.7000 -40.6000 10 76 -29.0500 -41.9500 15 79 -24.4800 -33.5100 16 86 -19.7300 -32.0400 19 83 -14.8800 -32.1100 20 140 -13.3600 -30.5800 21 145 -21.9700 -31.4100 25 152 -16.6300 -39.1800 26 81 -18.5400 -40.4100 27 130 -18.9600 -37.9100 28 143 -19.4700 -36.7000 29 151 -8.8200 -35.6300
-6.7836181181e-01 -2.6883116206e-01 2.9843323028e+00
51 42 27
24 0 169 -18.8500 -39.2200 1 181 -18.4100 -35.2500 2 160 -25.1300 -39.9100 3 87 -28.9200 -37.5300 4 146 -28.4600 -34.5100 5 80 -29.8400 -30.2000 6 84 -24.0800 -33.2400 7 69 -27.8000 -40.5900 8 57 -29.8300 -53.9000 9 65 -25.7000 -40.6000 10 77 -29.0500 -41.9500 11 137 -29.3300 -40.4800 12 119 -30.5300 -39.4800 13 133 -23.8100 -39.6200 14 85 -21.3400 -33.9400 15 80 -24.4800 -33.5100 16 87 -19.7300 -32.0400 17 73 -21.0900 -31.3200 18 76 -23.0200 -37.9000 19 84 -14.8800 -32.1100 20 141 -13.3600 -30.5800 21 146 -21.9700 -31.4100 25 153 -16.6300 -39.1800 22 144 -24.4200 -31.5600
-6.5676915080e-01 -2.7805369233e-01 3.0391580917e+00
148 139 122
29 0 171 -25.9100 -38.0200 1 182 -25.3100 -33.9800 2 162 -31.9400 -38.6600 3 153 -36.4300 -36.7500 4 147 -36.2200 -33.8300 5 135 -37.9500 -29.6900 6 137 -32.3400 -32.6800 7 137 -36.1100 -39.8600 8 107 -38.3600 -53.0600 10 139 -38.1300 -41.5900 11 138 -38.0600 -39.6600 12 120 -39.3400 -39.2900 13 134 -32.8900 -39.4100 14 141 -31.4300 -33.9200 15 137 -34.3300 -33.8900 16 158 -29.5300 -32.5300 17 137 -31.3900 -31.9100 18 124 -33.2600 -38.8500 19 143 -24.7000 -33.3200 20 137 -23.7900 -31.7000 21 144 -31.8800 -32.8400 23 154 -31.4800 -30.3200 25 150 -26.3500 -41.3800 26 78 -28.4000 -43.2900 22 143 -34.3600 -33.5000 24 133 -30.9400 -34.1200 27 78 -28.7200 -41.0400 28 74 -28.7400 -40.0300 29 80 -17.7800 -39.0100
-6.4978208261e-01 -2.8397540173e-01 3.0798353213e+00
160 147 141
30 0 173 -30.1800 -37.0500 1 98 -29.4300 -33.0200 2 163 -36.2500 -37.6400 3 89 -40.7700 -36.0700 4 73 -41.2800 -33.3300 5 82 -42.6700 -29.1200 6 138 -37.0500 -32.1800 7 71 -41.0200 -39.1600 8 59 -43.2400 -52.4800 9 69 -39.7600 -39.8800 10 79 -43.5500 -41.0700 11 74 -43.8400 -39.2400 12 64 -45.2400 -38.9100 13 70 -38.7000 -39.2000 14 86 -37.2200 -33.8700 15 77 -40.4300 -34.0200 16 84 -35.5200 -32.6200 17 71 -37.4300 -32.0600 18 74 -39.3600 -39.0300 19 81 -31.2100 -33.9000 20 82 -30.1200 -32.1800 21 82 -38.4800 -33.7400 23 95 -38.7300 -31.7400 25 77 -33.7700 -42.9100 26 55 -35.7400 -45.0200 22 81 -40.8300 -34.4500 24 71 -37.5800 -35.2500 27 75 -36.2500 -42.8800 28 57 -36.7100 -42.3600 29 49 -25.9200 -41.5800
-6.4900111748e-01 -2.8377037410e-01 3.0793398023e+00
160 147 141
28 0 174 -30.1800 -37.0500 1 99 -29.4300 -33.0200 2 164 -36.2500 -37.6400 3 90 -40.7700 -36.0700 4 74 -41.2800 -33.3300 6 139 -37.0500 -32.1800 7 72 -41.0200 -39.1600 8 60 -43.2400 -52.4800 9 70 -39.7600 -39.8800 10 80 -43.5500 -41.0700 11 75 -43.8400 -39.2400 12 65 -45.2400 -38.9100 13 71 -38.7000 -39.2000 14 87 -37.2200 -33.8700 15 78 -40.4300 -34.0200 16 85 -35.5200 -32.6200 17 72 -37.4300 -32.0600 18 75 -39.3600 -39.0300 19 82 -31.2100 -33.9000 20 83 -30.1200 -32.1800 21 83 -38.4800 -33.7400 23 96 -38.7300 -31.7400 25 78 -33.7700 -42.9100 26 56 -35.7400 -45.0200 22 82 -40.8300 -34.4500 24 72 -37.5800 -35.2500 27 76 -36.2500 -42.8800 29 50 -25.9200 -41.5800
-6.9649416836e-01 -2.8599302026e-01 2.9707043044e+00
123 121 108
29 0 176 -15.0300 -36.2000 1 100 -15.0600 -32.5900 2 83 -21.3400 -37.0500 3 91 -25.3200 -34.5400 4 148 -25.1900 -31.4700 5 83 -26.5100 -27.2100 6 141 -19.6800 -29.5600 8 61 -25.8700 -50.4000 9 71 -22.4400 -37.6000 10 81 -25.4800 -38.8200 11 78 -25.5200 -36.7500 12 67 -26.9400 -36.1700 13 74 -20.0200 -35.9300 14 92 -18.4200 -30.3900 15 83 -21.9500 -30.2000 16 161 -16.4500 -28.4800 17 77 -18.4600 -27.5800 18 79 -20.7000 -34.1500 19 85 -12.1700 -28.4600 20 86 -11.3000 -26.9200 21 149 -19.8600 -27.3500 23 101 -20.6400 -24.9400 25 86 -15.3500 -35.2600 26 86 -17.3800 -36.8700 22 84 -23.0900 -27.7000 24 77 -19.2600 -28.3100 27 85 -17.7000 -33.9200 28 80 -18.2700 -32.7200 29 87 -7.6700 -31.2400
1.5722923741e-01 -2.4515857170e-01 2.6611964833e+00
95 102 92
2 0 178 -153.2200 -35.9100 1 184 -152.7200 -31.4800
-7.5580752282e-01 -3.0919958443e-01 2.9372600835e+00
31 25 19
7 0 182 -3.7600 -32.2600 1 186 -3.3600 -28.1000 4 151 -13.8500 -26.3100 6 144 -9.3600 -25.1900 7 144 -12.6600 -32.4600 8 113 -13.9800 -45.4100 12 124 -15.2900 -30.4200
-5.9554853697e-01 -3.8718585484e-01 3.0820828112e+00
190 172 133
3 0 186 -37.5500 -20.5600 1 187 -36.9700 -16.3900 3 158 -50.0500 -18.1800
-7.5285662241e-01 -4.2648123134e-01 2.9137381291e+00
71 56 45
7 0 188 -1.6800 -12.3400 1 102 -0.8000 -8.4200 2 171 -8.1800 -12.6800 3 95 -13.8700 -9.9700 4 79 -14.9900 -6.7200 5 89 -16.5700 -2.5200 6 90 -11.3200 -5.4900
-6.5205372967e-01 -4.4251290212e-01 3.1396177859e+00
196 174 124
5 0 189 -31.8600 -12.1400 1 188 -30.4100 -7.6000 5 141 -50.8500 -5.5600 7 148 -49.4700 -13.6200 8 115 -51.4700 -25.0700
-7.2365760665e-01 -4.7806375643e-01 2.8926210997e+00
50 6 1
3 0 194 -6.4500 -3.4100 1 192 -5.4500 0.5100 3 165 -17.4600 -1.2000
2.7252654623e-01 -3.1302431194e-01 1.9572804803e+00
35 10 1
2 0 195 -154.9400 -2.8800 1 193 -154.9800 1.4800
-7.4515894171e-01 -4.9779554050e-01 2.8385223376e+00
43 11 0
8 0 196 0.0000 0.7600 1 195 1.2100 4.7700 5 93 -11.1400 10.8400 8 119 -9.4800 -12.1200 9 158 -5.9300 1.5200 11 143 -8.8800 1.7200 12 134 -10.5000 2.7800 17 148 -2.7400 10.5000
-7.4517483784e-01 -4.9838121502e-01 2.8385031902e+00
43 11 0
13 0 197 0.0000 0.7600 1 196 1.2100 4.7700 4 160 -10.6800 6.4000 5 94 -11.1400 10.8400 6 151 -5.3600 7.4800 8 120 -9.4800 -12.1200 9 159 -5.9300 1.5200 10 87 -9.0100 -0.0300 11 144 -8.8800 1.7200 12 135 -10.5000 2.7800 16 176 -1.2600 9.4600 17 149 -2.7400 10.5000 20 155 2.5100 12.0500
4.1258731721e-01 -2.0377535477e-01 1.0022283130e+00
52 8 1
2 0 198 -156.8700 6.4800 1 107 -156.9200 10.5000
-7.4539355258e-01 -5.4157765334e-01 2.8380437379e+00
84 21 0
10 0 199 -0.8400 7.7700 1 197 0.2700 11.9400 3 167 -11.3700 10.0500 4 161 -10.9500 13.3200 5 150 -11.6200 17.7400 6 153 -5.5800 14.6100 7 153 -8.2300 7.7000 8 125 -9.5200 -5.1800 9 161 -6.4000 8.6500 10 151 -8.8900 6.9700
3.2056109353e-01 -3.1362385217e-01 1.6767113821e+00
178 139 102
2 0 200 -157.3100 9.3700 1 198 -157.1300 13.7600
-6.8459912827e-01 -5.8449904446e-01 2.9812839385e+00
35 29 8
3 0 202 -18.3600 12.3500 1 199 -17.2900 16.1400 2 175 -24.2800 11.9600
-7.3663211671e-01 -7.8302446313e-01 2.9459730667e+00
0 0 255
0
-8.0483631966e-01 -5.4710561519e-01 2.9397138775e+00
166 97 58
4 3 12 -7.6400 11.6100 4 8 -8.8600 15.1200 6 8 -4.8700 16.6700 7 5 -8.2900 9.9100
-4.6657189758e-01 1.4658073899e-01 2.8909778690e+00
17 6 3
2 3 50 -50.7800 -106.6900 6 45 -41.4600 -102.6200
-6.8470441195e-01 -6.3063298342e-01 2.9688160939e+00
29 19 0
2 3 171 -29.5200 24.8500 6 156 -26.6800 28.7800
-5.2954518645e-01 -5.4433837020e-03 2.9610125104e+00
49 39 37
2 3 32 -47.5900 -83.0600 7 16 -43.9700 -86.2000
-5.7243818409e-01 -5.1715221621e-02 3.6601998453e+00
160 133 83
3 3 42 -104.8800 -88.0200 4 33 -109.7900 -89.0500 7 32 -117.2200 -99.1000
-6.3988926740e-01 -3.2065453404e-01 3.0333120310e+00
61 51 49
2 3 155 -38.3500 -29.4300 7 145 -38.5100 -32.0800
-6.5134481512e-01 -5.0492474226e-01 2.8343213253e+00
18 12 4
2 3 166 -24.4000 2.4100 4 82 -24.5200 4.5200
-5.7010506437e-01 -3.9978962918e-01 3.0490051067e+00
194 173 132
2 4 76 -51.4600 -13.9900 6 146 -48.1900 -12.0900
7.0256190819e+00 1.5030541754e+00 -8.3744473486e+00
178 141 99
2 4 97 -87.6100 -101.8400 12 86 35.4700 -109.0400
-4.6104069339e-01 4.4414473380e-02 3.0690084717e+00
101 40 4
2 4 104 -65.4700 -92.2600 6 117 -59.0000 -91.1400
-7.3496327955e-01 -2.4404809440e-01 2.8871068506e+00
128 124 112
4 4 140 -12.2600 -37.4700 8 104 -11.4100 -56.4000 12 117 -11.1500 -41.4000 18 126 -3.2800 -37.4400
-7.5373863462e-01 -6.8009092092e-01 2.9698873285e+00
19 18 18
2 6 22 -17.0300 39.1700 8 14 -23.1800 19.2600
-5.3750040231e-01 -9.6449604093e-02 3.1381791642e+00
12 12 12
2 6 74 -56.5200 -67.4500 8 54 -63.1400 -88.8600
-1.0158388913e+00 -3.5468157936e-01 2.8249301769e+00
39 25 14
2 6 87 39.9400 -11.9200 12 126 31.5700 -15.2600
-4.3938565230e-01 3.3340144147e-02 2.9854387886e+00
192 122 67
6 6 121 -55.2500 -85.9200 10 118 -56.4200 -97.7000 11 119 -55.5300 -95.8300 13 116 -43.2800 -95.7500 14 73 -38.0600 -89.4400 17 120 -31.2300 -87.2300
-6.8232589742e-01 -2.2984891644e-01 2.9181797151e+00
129 123 105
3 6 133 -17.3000 -39.4300 7 131 -20.8000 -46.5700 8 103 -22.0200 -59.6200
-6.7493676140e-01 -3.0804967913e-01 3.0318871605e+00
143 137 113
21 7 17 -33.0300 -33.7400 8 20 -35.2200 -47.1200 10 15 -35.5500 -35.8600 11 19 -35.9900 -33.9100 12 9 -36.7600 -33.4500 13 7 -30.6700 -33.7200 14 14 -28.9700 -28.1400 15 13 -32.5000 -28.3400 16 14 -27.8200 -27.2100 17 14 -29.4600 -26.4300 18 10 -31.7800 -33.1600 20 16 -22.6000 -26.2100 21 18 -31.2000 -27.3700 23 18 -31.7700 -25.0300 25 15 -26.9800 -35.6000 26 8 -28.9200 -37.4100 22 17 -33.9900 -27.7700 24 15 -30.6400 -28.4500 27 18 -29.5400 -35.0400 28 20 -29.8800 -33.7500 29 13 -19.3300 -32.7700
-7.8263118388e-01 -5.4197248025e-01 2.8065537799e+00
147 80 32
2 7 18 -0.7000 8.0000 10 16 -1.6000 7.7400
-7.5695763466e-01 -6.0427712952e-01 2.8311873792e+00
52 21 14
2 7 26 -7.2700 18.0100 10 27 -8.6900 17.8000
-4.3333999082e-01 4.6409612266e-02 3.1621806900e+00
8 5 5
2 7 31 -76.6900 -100.5300 10 32 -77.6000 -105.1700
-4.7390310036e-01 -8.4680661642e-03 3.0841502658e+00
176 112 55
2 7 34 -63.5900 -88.8200 10 23 -63.7800 -92.8800
-4.1025208174e-01 5.3456623521e-02 2.9986898483e+00
174 117 84
9 7 107 -63.6300 -96.1700 10 114 -61.1300 -100.1100 19 116 -21.1900 -92.5500 20 116 -17.7200 -90.4600 23 135 -14.9300 -87.7500 25 121 -4.1900 -101.0100 26 106 -2.9500 -103.9000 22 119 -19.2800 -90.5400 24 109 -11.6300 -92.0900
-4.3378978028e-01 2.3519820134e-02 3.1373050099e+00
141 108 98
2 7 108 -74.4700 -96.1400 10 115 -74.7900 -99.9900
-4.4983378888e-01 3.0175085404e-03 3.1385213476e+00
30 5 2
2 7 112 -72.4000 -92.2000 10 123 -73.2600 -96.5300
-5.2604589867e-01 9.9289103981e-03 2.9476218500e+00
34 15 11
3 7 118 -43.1000 -88.9300 11 122 -40.1600 -90.4600 12 106 -38.5400 -89.9600
-7.7358766119e-01 -1.9145536628e-01 2.8460845078e+00
22 17 14
3 7 125 -0.5000 -51.8200 10 134 -0.3900 -52.4500 13 127 7.3600 -48.5100
-5.8219650887e-01 -2.5157677889e-01 3.3162656772e+00
178 163 111
2 7 129 -74.8600 -48.3400 11 133 -82.8900 -49.3900
-6.8290944955e-01 -3.4010830770e-01 2.9835552861e+00
48 41 38
3 7 146 -27.5200 -28.0700 8 114 -29.9500 -41.3300 12 125 -31.0300 -27.0600
-7.1258142166e-01 -5.9979390583e-01 2.8510961266e+00
68 24 3
11 7 154 -16.4900 15.4400 12 138 -18.4300 18.2100 14 162 -10.6100 23.5800 16 182 -9.0500 24.4500 17 158 -10.9300 25.4900 18 153 -14.0400 19.3800 19 168 -6.7500 25.2300 20 161 -5.5600 26.6300 21 168 -16.0400 25.9600 23 182 -17.6000 28.9000 24 156 -15.6400 26.3500
-6.7257352038e-01 -3.0881878295e-01 3.0306768143e+00
120 115 92
2 8 19 -35.2200 -47.1200 11 18 -35.9900 -33.9100
-5.2812883330e-01 -1.3331712071e-02 3.0395647813e+00
40 19 16
6 8 98 -52.8900 -100.4800 10 132 -51.3800 -89.9000 11 126 -50.6500 -87.8900 13 122 -41.1900 -87.8500 16 143 -32.0400 -80.2700 17 127 -32.9000 -80.1100
-4.2134314917e-01 1.3635096053e-01 2.9854816448e+00
47 5 0
12 10 59 -57.0500 -114.6800 12 49 -53.0700 -112.5400 13 56 -42.9900 -112.6000 14 67 -37.6500 -106.5200 16 64 -29.8000 -104.2500 18 94 -27.4100 -111.6100 19 100 -14.9500 -105.5400 20 104 -11.5900 -103.3400 21 107 -15.3000 -103.7100 23 124 -7.9800 -99.9600 25 103 2.9600 -114.0500 22 106 -12.8200 -103.1300
-4.9501283961e-01 1.3144080138e-03 3.0731469233e+00
196 125 77
2 10 67 -59.3600 -93.8800 12 54 -57.5100 -91.9200
-1.0254281591e+00 1.0981998270e-01 2.8963301978e+00
38 23 3
2 10 107 39.9000 -105.6100 11 113 39.5100 -102.9900
-5.8058275331e-01 -4.2116146433e-02 3.3384893906e+00
11 6 10
2 10 130 -80.7200 -91.2100 11 124 -81.8700 -89.3900
-7.0113129812e-01 -3.0509825949e-01 2.9650618958e+00
34 34 23
6 10 143 -24.4700 -35.4800 12 123 -25.4800 -32.6500 15 141 -21.0700 -26.6700 21 150 -19.6800 -23.9600 26 134 -17.7100 -33.0500 29 160 -7.8100 -27.6200
-6.7118264937e-01 -5.6980818721e-01 3.0395245736e+00
176 157 102
2 10 152 -41.6100 10.7200 12 136 -44.6700 12.6000
-7.1400760067e-01 -6.6317393807e-01 2.9943424361e+00
167 144 108
2 10 159 -32.4000 28.0100 11 153 -32.8300 29.9300
-7.4662267430e-01 -6.8220719243e-01 2.7453711907e+00
123 68 39
2 11 37 -2.9700 31.2400 12 27 -4.9700 32.4200
-6.9929413916e-01 -5.3783666308e-01 3.0621973846e+00
160 137 96
3 11 87 -40.1900 7.7400 12 74 -42.9400 7.7700 13 153 -37.6400 7.0000
-5.0230465558e-01 7.5243022729e-02 3.2911464638e+00
166 146 111
2 11 101 -83.8400 -110.8700 12 84 -83.3900 -111.5500
-4.8308815817e-01 -5.9874200728e-03 3.0791603002e+00
180 124 97
2 11 121 -61.2700 -90.9200 12 105 -59.9300 -91.0200
-6.2969920192e-01 -1.8379651516e-01 3.3573947605e+00
19 16 18
8 11 129 -80.2400 -59.5300 12 113 -82.3000 -60.4200 15 127 -79.7900 -58.2700 16 149 -75.6100 -57.3000 17 130 -78.1800 -57.5100 18 116 -80.5100 -66.1900 19 132 -72.7800 -61.7800 20 129 -71.8600 -60.4300
-9.6879933182e-01 1.2202082823e-01 2.8087484649e+00
30 22 4
3 4 96 34.8900 -101.8700 17 123 46.9900 -84.6400 18 109 45.9900 -89.2700
-6.7186638064e-01 -3.1509304429e-01 3.0487251920e+00
144 128 100
9 6 54 -31.3200 -26.6600 16 54 -30.7400 -26.4700 18 55 -34.6500 -32.7500 21 54 -34.2200 -27.1400 23 65 -35.0000 -24.8300 26 33 -32.4700 -37.5400 24 33 -33.4600 -28.1100 27 36 -32.6000 -34.9800 28 41 -33.2900 -33.9500
-7.2718689055e-01 -2.7850281470e-01 2.9325913991e+00
131 128 111
2 8 110 -17.5200 -51.0100 15 140 -12.8500 -29.6400
-6.4934359496e-01 -2.5068082583e-01 3.0169557843e+00
56 51 49
8 10 26 -35.8200 -46.1600 13 11 -30.9100 -43.8500 18 16 -28.9800 -42.2600 19 24 -20.5500 -37.2300 20 23 -19.8000 -35.4000 22 25 -30.1000 -37.3300 27 23 -22.7300 -43.9100 29 23 -11.8600 -41.9700
-4.2854148899e-01 9.4200006852e-03 3.4413393364e+00
161 139 99
2 10 110 -115.4100 -103.4000 15 106 -104.9200 -102.9000
9.6287242218e-01 8.1374363517e-02 2.4011761099e+00
160 132 93
2 10 112 -142.1700 -101.9800 13 108 -102.4700 -101.3700
-6.9968670000e-01 -3.0567286251e-01 2.9642476107e+00
34 34 23
6 10 144 -24.4700 -35.4800 15 142 -21.0700 -26.6700 21 151 -19.6800 -23.9600 26 133 -17.7100 -33.0500 28 153 -18.4000 -29.1700 29 159 -7.8100 -27.6200
-7.8903059739e-01 -2.6944171305e-01 2.8597764927e+00
39 35 31
4 11 76 -0.4800 -36.9200 13 75 5.4500 -35.0500 16 92 8.2000 -26.5100 17 80 6.3100 -25.6000
-4.8081453608e-01 1.5569862887e-02 3.1415822729e+00
149 99 48
2 12 21 -67.6100 -96.0000 13 28 -58.7800 -96.5000
-4.2390394333e-01 6.5465221720e-02 3.4062017803e+00
158 136 83
4 12 30 -109.9500 -111.6400 13 24 -101.1800 -113.2700 15 45 -97.8900 -110.3900 16 62 -92.4900 -109.1300
-7.9048217466e-01 1.9171300316e-01 2.7787874492e+00
108 97 75
2 12 47 19.2000 -114.1100 13 38 27.5500 -112.7000
-5.7389796804e-01 -3.4216873924e-02 3.3331847164e+00
12 9 10
2 12 55 -82.5400 -90.4300 13 62 -75.9300 -91.4700
-1.7036745759e+00 3.7468833974e-02 3.9002397944e+00
19 9 1
2 12 90 34.5300 -106.4100 17 97 -72.3700 -115.3500
-4.9345169739e-01 5.5646402866e-02 3.2633947172e+00
165 145 102
2 12 91 -81.0300 -106.7300 13 103 -72.9600 -106.8600
6.8087014033e-01 6.4918369866e-02 2.4131699068e+00
165 141 101
2 12 94 -103.4400 -105.6200 25 139 57.9900 -90.6200
-6.7961825101e-01 -4.5828647698e-01 3.1243562149e+00
190 167 132
2 12 129 -51.1100 -7.4600 13 146 -46.0800 -7.4600
-6.2530829644e-01 -9.3830965915e-02 3.4049088223e+00
41 29 23
3 13 29 -82.2400 -79.3300 16 50 -80.4700 -76.7200 17 45 -83.7500 -76.7700
-3.9999750131e-01 1.5579350859e-01 3.0136528391e+00
23 8 5
8 13 54 -48.0200 -116.6300 15 61 -41.6000 -110.0500 16 108 -34.9300 -107.8900 19 61 -19.5300 -109.8200 20 61 -16.3600 -107.8200 23 74 -12.0200 -104.9600 22 104 -16.8800 -107.6600 24 92 -8.8500 -109.5100
-3.9314511914e-01 9.5907723985e-02 3.0088753027e+00
179 115 85
9 13 58 -50.1000 -105.9800 15 64 -43.4100 -99.4900 17 59 -36.1200 -98.0000 21 70 -21.8200 -98.3700 25 70 -3.6000 -108.9600 22 71 -19.0600 -97.8100 24 62 -11.0400 -99.7300 28 65 4.3700 -111.5000 29 41 19.5600 -111.3100
-6.9482942135e-01 -2.7087093089e-01 2.9498048972e+00
37 29 18
16 13 72 -16.7000 -38.3900 15 81 -18.1600 -32.2700 16 88 -13.5000 -30.8100 17 74 -14.9400 -29.9800 18 77 -16.6700 -36.0500 19 146 -8.4700 -30.4800 20 84 -7.5400 -28.7800 21 147 -16.2200 -29.4400 23 99 -16.5900 -26.3000 25 82 -11.3300 -36.8500 26 82 -13.0400 -38.2100 22 148 -18.9000 -29.4200 24 75 -15.2900 -29.6600 27 81 -13.4700 -35.6000 28 78 -13.8300 -34.1600 29 82 -2.8100 -32.8500
-7.0537386863e-01 -2.8961929007e-01 2.9440562826e+00
137 126 112
13 13 77 -15.1200 -35.0300 15 84 -16.9000 -28.7900 17 78 -13.8100 -26.4900 18 80 -15.8000 -32.7800 19 86 -7.6400 -26.8600 20 87 -7.0900 -25.2200 21 86 -15.6900 -25.6400 23 103 -16.6200 -22.8500 25 87 -11.2000 -33.0000 26 87 -13.1600 -34.3400 24 79 -15.0700 -26.2900 28 83 -14.2600 -30.3300 29 53 -3.4400 -28.7900
-7.5565395792e-01 -4.5779510636e-01 3.1658279117e+00
35 23 16
2 13 83 -42.5300 -8.9000 25 167 -57.6400 -12.0800
-5.5436140490e-01 2.0285055085e-02 2.9087784997e+00
27 11 3
8 13 117 -21.1400 -90.5000 15 121 -17.5100 -82.8800 19 127 0.1100 -80.7200 21 135 -2.7300 -77.9100 26 118 10.4000 -88.4100 22 129 -2.6400 -77.1100 24 122 3.8700 -78.0300 27 118 11.2900 -86.5900
-6.4823050017e-01 -2.6681341762e-01 3.0892216417e+00
34 22 23
4 13 130 -40.1800 -42.2400 15 133 -41.3000 -36.9200 19 139 -31.7000 -36.9700 21 141 -39.7900 -36.9400
-8.0870155654e-01 -5.7992879897e-01 2.7458411147e+00
6 8 8
15 15 6 10.6100 29.2100 16 8 15.3100 30.0400 17 9 13.1500 31.0400 18 6 9.4800 24.9900 19 9 15.9500 30.9600 20 9 16.4100 31.9600 21 14 5.1400 31.5100 23 16 1.7000 33.8700 25 13 6.2000 25.2000 26 9 3.3100 25.2300 22 12 -0.0700 31.5000 24 11 3.1300 30.9000 27 16 2.2900 28.9200 28 18 0.6000 31.5100 29 17 10.6400 33.5000
-7.7021793138e-01 -4.8895846100e-01 3.1486818394e+00
175 149 97
14 15 29 -46.3500 0.9400 16 30 -42.1600 2.0600 17 27 -45.3000 3.0200 18 20 -49.0500 -3.9800 19 26 -42.1500 0.9900 20 31 -42.4500 2.9600 21 25 -53.4100 1.1200 23 31 -57.5100 2.9400 25 46 -55.2000 -6.9900 26 21 -60.1500 -7.9100 22 31 -58.3900 0.0600 24 36 -57.2700 0.0800 27 26 -62.9300 -5.0100 28 31 -66.5500 -3.7200
-8.5881258749e-01 -4.9174003912e-01 2.7290254478e+00
20 10 0
9 15 30 21.3500 13.8900 16 31 25.3700 15.2000 17 53 23.5000 16.7800 18 37 19.2700 11.1300 19 57 25.7800 17.8500 20 55 25.6200 19.2500 21 92 14.0400 19.7400 23 111 9.6100 23.0900 22 92 8.6600 20.1800
-5.3497047326e-01 -1.6650077001e-02 3.3132425812e+00
10 7 3
5 15 47 -75.9800 -87.8800 16 36 -71.2900 -86.8800 17 38 -73.0200 -87.4700 18 29 -73.8500 -96.3200 19 39 -63.9200 -92.1700
-7.6342922859e-01 -5.6842433181e-01 2.8028548464e+00
55 22 9
6 15 57 -2.4100 21.4500 16 57 2.6400 22.4900 17 54 0.9500 23.5100 19 58 4.9200 23.6300 20 56 5.9000 24.9300 21 59 -4.6300 24.7100
-4.6754598611e-01 6.0820102220e-02 3.2519215033e+00
161 146 107
2 15 62 -71.0400 -101.9400 16 124 -65.6200 -100.4800
-9.1954148722e-01 1.3110414691e-01 2.7626519089e+00
121 98 61
4 15 70 45.5600 -90.5000 16 136 49.4500 -88.7900 17 64 48.0700 -87.8200 19 40 56.7200 -83.9400
-7.6507210308e-01 -4.1827832070e-01 2.9463256805e+00
81 49 27
5 15 89 -15.0800 -5.4400 16 95 -11.3500 -4.0800 17 83 -13.5900 -3.0600 19 89 -9.1000 -3.4300 24 81 -21.2500 -3.0500
-7.2038601970e-01 -6.0399136390e-01 3.0432645005e+00
66 47 20
4 15 91 -39.8500 22.1600 16 103 -34.8900 24.0100 17 157 -37.9800 24.4500 18 88 -41.9200 17.6600
-7.2731416382e-01 -6.3033373448e-01 3.0247039207e+00
45 30 9
4 15 92 -37.3100 27.0000 16 104 -32.8700 28.1700 17 95 -35.6700 29.6100 18 89 -39.5300 23.0800
-8.6329227372e-01 -7.3270836368e-01 2.8024744451e+00
193 167 118
2 15 93 2.4000 52.7100 17 96 4.4100 54.4300
-4.8831888224e-01 9.3076211698e-02 3.2716894922e+00
33 25 11
2 15 101 -70.8900 -107.7400 16 63 -65.8100 -106.7800
-6.2991938645e-01 -1.8223612207e-01 3.3571626257e+00
12 12 14
4 15 128 -79.7900 -58.2700 17 131 -78.1800 -57.5100 18 117 -80.5100 -66.1900 20 130 -71.8600 -60.4300
-7.6601626961e-01 -4.4587635845e-01 3.2228840352e+00
185 161 124
4 15 145 -55.8500 -5.6600 18 137 -60.8000 -11.9500 19 154 -51.2900 -5.0300 23 163 -68.9900 -5.1900
-7.6046515366e-01 -4.6002151873e-01 3.1442232485e+00
45 29 17
3 15 146 -45.5600 -3.4800 20 150 -40.9300 -1.1800 25 169 -54.3500 -10.5000
-7.0832898444e-01 -5.1397741341e-01 2.8827012586e+00
40 2 1
11 15 152 -16.7300 8.9300 16 177 -11.4400 10.0300 17 150 -13.3000 11.1000 20 156 -7.5400 12.2400 23 170 -18.6300 14.6200 25 175 -13.2400 5.6300 22 159 -20.9300 11.5500 24 147 -16.7800 11.9700 27 91 -15.9200 8.8400 28 170 -16.9400 11.0600 29 101 -6.0600 13.3300
-7.0459884738e-01 -5.1514516822e-01 2.8814177934e+00
40 2 1
5 15 153 -16.7300 8.9300 16 178 -11.4400 10.0300 17 151 -13.3000 11.1000 25 176 -13.2400 5.6300 28 171 -16.9400 11.0600
-7.6223197511e-01 -5.7433827878e-01 3.0920643799e+00
59 39 10
6 15 157 -41.3400 18.2000 17 155 -40.4300 20.3700 18 147 -44.6900 13.0900 19 163 -38.4400 18.5300 20 159 -38.0400 20.2700 21 165 -49.1900 18.3600
-7.2463977322e-01 -5.8626133144e-01 2.8024583657e+00
59 17 0
2 15 160 -6.9900 22.5300 16 180 -1.6500 23.4500
-8.9205925711e-01 -5.5063678596e-01 2.7463634127e+00
41 26 2
7 15 162 19.5000 25.4400 16 183 23.5100 26.4800 17 159 21.2700 27.4900 18 154 17.4600 22.1500 19 169 23.2300 28.8300 20 163 24.0200 29.7500 21 169 11.2700 30.3100
-8.0957806897e-01 -5.9587525158e-02 2.7621496003e+00
12 12 14
12 16 2 30.7000 -58.8800 17 2 29.6600 -57.7300 19 3 38.0800 -53.2100 20 3 37.8700 -51.6600 21 3 29.1700 -50.4600 23 4 26.6000 -46.9200 25 3 32.4100 -58.2100 26 2 31.4200 -59.1600 22 4 25.0900 -49.7700 27 2 31.3300 -56.1800 28 3 31.1500 -54.3200 29 3 41.3800 -53.2200
-7.5280472614e-01 2.4126147244e-01 2.8025432091e+00
118 89 41
2 16 22 30.0100 -111.4700 17 17 29.6300 -110.4000
-7.5280472614e-01 2.4126147244e-01 2.8025432091e+00
118 89 41
2 16 23 30.0100 -111.4700 17 18 29.6300 -110.4000
-5.3745273259e-01 3.8583512705e-02 3.1657446191e+00
181 118 71
2 16 48 -47.9300 -92.0300 17 44 -48.0300 -92.3600
-7.8173535858e-01 -7.5729291568e-01 2.9170668114e+00
187 170 113
3 16 105 -17.5100 52.5000 18 156 -24.2500 47.0700 19 170 -18.5200 52.6100
-4.2213872557e-01 7.6295140529e-02 2.9545909890e+00
192 126 80
10 16 132 -27.5400 -93.3900 17 113 -26.9300 -92.7900 18 103 -25.1900 -100.0700 21 71 -13.7500 -92.3900 23 134 -6.5000 -88.2500 25 118 4.4500 -101.5800 26 70 5.4800 -104.8000 27 66 8.3800 -103.1100 28 67 12.3300 -102.5500 29 123 26.7100 -102.4000
-4.6151777024e-01 2.9134663569e-02 3.0683322950e+00
90 32 3
10 16 138 -40.7700 -86.8800 17 121 -40.9500 -86.7900 19 119 -28.7800 -89.0600 20 119 -25.7700 -87.1200 21 125 -30.2200 -88.3700 23 139 -24.9900 -85.9200 26 107 -15.7900 -103.2900 24 112 -22.7700 -90.5000 28 116 -11.0000 -102.3700 29 71 2.1500 -102.9100
-6.1124990097e-01 3.5996665925e-03 3.0903221561e+00
204 131 89
2 16 141 -31.4600 -82.6200 17 125 -32.2100 -82.4900
-6.7138926413e-01 -2.5042235263e-01 3.3695035883e+00
52 37 17
2 16 151 -76.5700 -43.7800 19 135 -74.6400 -48.0800
-6.6520603941e-01 -2.5295026155e-01 3.0001558526e+00
45 38 33
7 16 156 -22.6200 -35.9100 18 123 -25.6800 -41.6100 19 141 -17.1200 -35.7900 22 142 -26.6000 -35.2200 24 131 -23.0700 -35.9200 27 124 -20.6600 -42.4200 28 138 -20.7700 -41.6500
-7.7961111072e-01 -5.9273929979e-01 3.2424585309e+00
198 173 106
4 17 4 -64.4500 15.0000 21 5 -73.8000 13.5000 26 3 -81.6500 6.6200 27 3 -82.7400 9.0800
-3.9781047521e-01 5.9973667919e-02 3.1397164847e+00
15 13 12
5 17 21 -54.5800 -95.7000 18 13 -53.8800 -104.0100 19 15 -41.7700 -98.8200 20 20 -39.3100 -97.0300 21 20 -42.6200 -98.9500
-8.9093299382e-01 1.7541870869e-01 2.8775220726e+00
119 97 54
2 17 35 31.0600 -100.8900 19 110 39.5700 -96.4700
-7.6908159712e-01 -4.8072349256e-01 2.8163948527e+00
75 50 19
8 17 52 3.0300 9.1200 18 60 0.0900 3.8900 19 56 7.3500 10.0000 20 90 7.7500 11.0700 21 90 -2.4900 11.3700 23 172 -4.6900 15.3400 22 90 -6.7500 11.9600 24 146 -3.6000 11.9800
-7.5984567245e-01 2.1123499524e-02 2.7908419246e+00
55 57 56
3 17 67 23.4800 -72.8500 18 69 23.7100 -77.7000 19 72 33.0000 -70.4200
-7.4552357581e-01 -5.7826662157e-01 2.8187920212e+00
66 23 3
7 17 93 -3.8200 24.7300 18 150 -6.8000 18.7800 20 160 1.2800 25.9200 21 167 -8.7200 25.2500 25 180 -4.4200 19.4400 22 93 -12.6100 24.9700 24 153 -8.7200 25.9800
-4.3372280254e-01 1.0872032798e-01 3.2779778288e+00
147 130 92
2 17 100 -70.2600 -108.3500 19 97 -59.3200 -112.6100
-4.6805095771e-01 3.2812180141e-02 3.1649597207e+00
132 93 61
5 17 118 -53.7100 -89.3000 21 124 -44.6100 -92.3700 24 103 -38.0800 -95.5000 28 106 -27.6000 -109.4600 29 114 -15.0300 -110.1600
-5.5779410885e-01 -3.6838453401e-02 3.3753614678e+00
12 6 0
2 17 124 -81.0000 -84.5900 20 118 -72.3500 -88.0400
-5.4011804589e-01 1.7891507957e-02 2.9341349330e+00
24 6 2
4 17 126 -16.2100 -81.4700 25 74 5.3100 -87.8500 26 48 5.5800 -90.2100 27 48 7.2100 -88.2400
-6.6071052221e-01 -2.7192449278e-01 2.9995227847e+00
85 86 75
3 17 136 -24.8400 -32.3300 25 151 -19.8900 -40.8200 27 126 -21.5200 -39.8200
-8.9401324280e-01 -4.4236591205e-01 2.7565624903e+00
30 17 1
3 17 147 24.3800 9.6100 18 144 21.0500 4.7300 19 94 26.9700 11.5500
-7.1251311451e-01 -5.3722401313e-01 2.8767403969e+00
146 104 61
8 17 152 -13.3800 14.8800 18 145 -15.9700 9.0200 20 158 -7.2400 16.1000 23 173 -18.5100 18.3600 25 95 -13.0900 9.5200 22 161 -20.7800 15.4200 27 151 -16.0700 13.1100 28 172 -17.0500 15.4900
-7.2542974225e-01 -5.3435279547e-01 2.8369025421e+00
37 0 0
2 17 153 -5.9900 15.9900 19 162 -1.0300 15.9900
-9.0786198502e-01 -3.8838479697e-01 2.6918342760e+00
180 152 89
12 18 4 36.8200 0.6700 19 5 44.2200 8.1400 20 7 40.9700 8.4700 21 10 28.9400 9.3800 23 12 23.6600 12.2100 25 9 27.4300 3.4900 26 6 24.0400 3.5900 22 10 21.1800 9.2800 24 9 24.3900 9.1300 27 11 20.8300 6.7900 28 12 18.8500 9.2600 29 14 26.9900 11.0800
-8.4100171237e-01 -7.3982033495e-02 2.6502841384e+00
40 33 29
5 18 15 47.5200 -55.2300 19 23 55.7700 -47.5500 20 22 55.0300 -45.7500 21 17 45.1500 -44.8500 22 46 41.9300 -41.1700
-5.5550320158e-01 7.2013830165e-03 3.3536133931e+00
151 134 94
4 18 45 -77.7900 -99.7400 19 66 -67.7100 -94.5100 20 66 -66.4900 -93.0200 21 119 -72.8500 -95.9600
-9.3372588480e-01 1.8809119108e-02 2.7251839542e+00
36 26 14
3 18 50 49.5900 -70.2800 19 50 57.5400 -62.3300 20 79 57.0400 -60.3100
-4.1173165146e-01 8.9236924514e-02 3.0619577996e+00
129 74 46
12 18 98 -41.2300 -105.6400 19 109 -29.1000 -99.9300 20 109 -25.8400 -97.7000 21 114 -29.1400 -98.5100 23 129 -22.6700 -95.7700 25 110 -12.3800 -109.9800 26 65 -11.2000 -113.6600 22 111 -27.0300 -98.6900 24 100 -19.1500 -100.3900 27 61 -8.7800 -112.4000 28 62 -5.1200 -113.0200 29 64 8.9700 -113.4000
-6.7147172396e-01 -5.4134648232e-02 3.4491939084e+00
33 24 1
11 18 112 -86.8600 -85.8900 19 126 -78.0400 -82.0500 20 124 -77.5700 -80.7800 21 130 -86.3900 -84.5000 23 83 -86.9300 -85.9200 26 105 -87.7400 -105.9900 22 76 -87.8200 -87.8800 24 65 -87.5800 -90.6600 27 105 -88.2300 -106.3000 28 107 -88.0400 -109.5000 29 67 -79.5200 -110.4300
-6.6941071126e-01 -8.4576292625e-02 3.2871279933e+00
9 8 1
2 18 113 -62.3300 -78.2900 19 130 -54.0700 -73.8700
-7.3503792992e-01 -1.7772483648e-01 2.8434503613e+00
35 29 29
3 18 121 5.3700 -46.9400 21 139 6.7700 -38.3400 22 138 3.8200 -37.5700
-7.2222681747e-01 -3.1124013464e-01 2.9118047245e+00
33 31 25
4 18 132 -10.4600 -27.4800 19 149 -2.5700 -21.5800 23 160 -12.4000 -17.1400 26 138 -9.0400 -28.3300
-7.7753120661e-01 -4.4463972610e-01 3.2265768208e+00
47 35 20
4 18 135 -60.1700 -14.5200 20 149 -53.6400 -7.4900 27 143 -73.6500 -16.6600 28 160 -75.0100 -14.4500
-7.2018924870e-01 -5.3588300342e-01 2.8758981667e+00
162 106 73
5 18 146 -15.9700 9.0200 26 149 -15.4300 9.5400 22 162 -20.7800 15.4200 27 152 -16.0700 13.1100 28 173 -17.0500 15.4900
-7.2301790146e-01 -5.9080126879e-01 2.8275779463e+00
182 122 74
12 18 152 -10.6500 19.0100 19 167 -3.2900 24.8300 20 95 -1.8700 26.2500 21 95 -12.2100 25.5800 23 181 -13.5100 29.0200 25 181 -7.9000 20.7000 26 153 -10.5000 20.4500 22 165 -16.0100 25.6400 24 155 -11.6000 26.2900 27 158 -11.0200 24.3500 28 92 -12.2300 27.1500 29 185 -1.1200 29.9600
-8.1053676162e-01 -4.1421032727e-01 2.7993247275e+00
6 6 7
11 19 4 17.4400 4.7800 20 4 17.3900 5.2400 21 7 6.7100 10.4300 23 6 2.2900 8.9400 25 5 6.1700 -2.3000 26 5 3.6900 -4.0100 22 5 1.2800 6.7100 24 4 3.2700 3.9900 27 5 2.7600 -0.7600 28 5 1.1600 0.1800 29 6 10.3400 1.2600
-7.1610850454e-01 -5.7065741300e-01 2.8314687630e+00
189 125 71
10 19 31 -3.4200 21.3200 20 35 -2.1600 22.7400 21 29 -12.0700 22.1800 23 34 -13.0100 25.3200 25 28 -7.3200 16.9000 26 24 -9.7500 16.6400 22 35 -15.6900 22.2300 24 25 -11.1700 22.6100 27 29 -9.9300 20.3100 28 33 -10.9400 22.9800
-5.6345079754e-01 1.2169963071e-01 3.3138744557e+00
28 23 19
2 19 34 -56.1300 -112.4100 20 46 -54.8700 -111.2500
-4.8723778490e-01 8.5689185846e-02 3.2274077704e+00
5 7 5
2 19 48 -48.7700 -104.3800 20 48 -46.5900 -102.9000
-7.6292308023e-01 -4.3247312533e-01 2.9805558978e+00
90 54 30
3 19 54 -14.9700 -2.9400 25 43 -24.5400 -8.9500 27 38 -29.4100 -6.7000
-3.9798700376e-01 1.3370789707e-01 3.0049725783e+00
131 90 74
3 19 99 -20.0000 -106.2500 21 106 -19.2600 -104.4700 22 105 -16.7000 -103.9200
-4.0763459697e-01 1.1259980009e-01 3.0419339744e+00
121 81 56
6 19 102 -26.0400 -103.4900 23 125 -18.4700 -98.9300 22 109 -23.3800 -101.9400 24 94 -15.4300 -103.8900 27 60 -3.5700 -115.5700 29 61 14.5800 -116.3800
-4.2178239006e-01 1.1049018415e-01 3.0681921625e+00
58 16 0
4 19 104 -28.6500 -103.1000 21 108 -29.2300 -102.6100 25 104 -12.0900 -113.8800 22 107 -26.9600 -102.4900
-4.2178239006e-01 1.1049018415e-01 3.0681921625e+00
58 16 0
4 19 105 -28.6500 -103.1000 21 109 -29.2300 -102.6100 25 105 -12.0900 -113.8800 22 108 -26.9600 -102.4900
-8.2701765135e-01 1.4975015816e-01 2.7821322474e+00
97 82 66
2 19 117 46.2500 -90.1400 20 70 46.0600 -88.0600
-6.5940631495e-01 -4.4996100457e-02 3.4159053260e+00
20 9 1
4 19 124 -74.7200 -83.8800 20 122 -74.1900 -82.4800 21 126 -81.4500 -86.6100 24 108 -82.0700 -92.9300
-6.9953607164e-01 -8.2685912783e-02 3.4500519000e+00
54 45 18
5 19 128 -79.5100 -77.4200 20 126 -79.4400 -76.2200 26 71 -89.9100 -98.4000 27 69 -90.8300 -98.8000 28 69 -91.8300 -101.5500
-6.7945652957e-01 -2.8174811371e-01 3.0153108623e+00
59 50 42
4 19 145 -19.7400 -31.2500 25 154 -22.2800 -38.8700 28 142 -26.0500 -37.1100 29 150 -14.2400 -36.1300
-7.4114004462e-01 -3.3893580709e-01 3.4283655759e+00
185 160 94
3 20 5 -84.0400 -31.4000 21 6 -96.3600 -32.1900 23 5 -97.4800 -35.7000
-8.3403020043e-01 5.1484309614e-02 2.7025248977e+00
32 29 25
6 20 15 53.6800 -70.3700 21 16 45.4000 -67.4000 23 24 43.9100 -61.5700 26 13 48.7700 -71.8500 22 15 42.1400 -64.6700 24 14 44.6400 -64.8200
-6.6864076376e-01 -2.4127377820e-01 2.8778455507e+00
111 99 81
2 20 30 2.8200 -32.4300 25 25 1.8100 -39.0800
-7.5769485175e-01 -6.6246017558e-01 2.7727599745e+00
112 61 36
10 20 57 5.4100 40.6800 21 62 -5.7400 40.1000 23 113 -8.0500 43.5400 25 98 -2.9200 35.9000 26 61 -5.5900 35.8800 22 62 -10.2500 40.1400 24 56 -6.3300 40.9600 27 93 -6.3900 40.3200 28 94 -8.0700 43.4600 29 58 2.7000 46.2700
-4.5731329674e-01 4.8293140335e-02 3.0744327296e+00
157 96 44
4 20 67 -27.1500 -90.6500 21 72 -31.2800 -91.6700 23 80 -25.4900 -89.4900 22 72 -29.7800 -92.1200
-6.2376205378e-01 -2.0962311580e-02 3.4221585587e+00
164 147 110
10 20 73 -74.4600 -85.6600 21 47 -81.9400 -89.8900 23 132 -81.1700 -90.6600 25 71 -78.1300 -105.9000 26 102 -79.8500 -110.6800 22 117 -82.7200 -92.5700 24 104 -80.9100 -95.5000 27 103 -80.0700 -110.6200 28 102 -80.4700 -113.1000 29 111 -70.2200 -114.6800
-7.7189044800e-01 -6.1690165155e-01 2.7774725971e+00
138 90 54
2 20 96 7.9200 33.5800 21 96 -2.6700 33.0300
-7.6789945539e-01 -6.1230427906e-01 2.7739283057e+00
138 90 54
5 20 97 7.9200 33.5800 21 97 -2.6700 33.0300 25 185 0.2900 28.3300 26 156 -2.3000 28.5600 22 95 -7.1200 33.3100
-4.9485845303e-01 8.0970670810e-03 3.1100274812e+00
160 114 76
4 20 121 -31.2800 -83.9700 23 140 -31.7900 -83.4500 25 129 -24.3300 -97.1100 29 75 -7.6300 -100.4100
-8.4012400812e-01 8.7424072289e-02 2.7079461465e+00
34 22 3
7 20 125 55.0800 -77.3700 21 77 46.4600 -74.1900 23 144 45.1800 -68.1400 25 143 51.5400 -77.8300 26 120 50.7300 -78.1200 22 130 43.9600 -71.5500 27 120 50.9800 -74.4500
-6.9448180169e-01 -1.9541507870e-01 2.8750043219e+00
37 33 31
3 20 133 7.0400 -38.7000 23 151 -1.4600 -34.9000 28 137 3.9100 -41.9800
-6.8821993908e-01 -5.5386115534e-01 3.0881636585e+00
138 121 78
3 20 157 -39.2800 12.1500 21 163 -50.7200 9.9600 22 157 -56.0800 8.5400
-8.1643211099e-01 -6.6043942463e-01 2.7181690031e+00
175 156 104
3 20 164 17.9900 43.7100 21 100 5.9400 43.8900 22 170 0.1300 43.8800
-7.3669013697e-01 -6.4104377661e-01 3.0851046880e+00
171 146 89
5 21 40 -50.3400 24.5000 23 35 -55.3100 26.2900 25 19 -54.3500 16.9800 22 36 -56.1200 23.1700 24 26 -55.2400 23.6600
-8.4531203499e-01 1.0703943567e-01 2.7080687562e+00
132 115 73
7 21 50 47.9600 -78.1200 23 59 46.5800 -71.7700 25 39 53.1400 -81.9900 22 44 45.5400 -75.4500 24 49 47.3900 -75.1500 27 35 52.7800 -78.8200 28 39 52.9600 -76.2300
-4.5489963214e-01 1.4085245495e-01 3.0559832553e+00
18 6 1
4 21 69 -24.8400 -105.9200 23 75 -18.0000 -103.1000 22 67 -22.6300 -105.7400 24 61 -14.7700 -107.6800
-4.8801768319e-01 5.1895052655e-02 3.0813474059e+00
158 99 52
3 21 73 -31.2800 -91.6700 23 81 -25.4900 -89.4900 22 73 -29.7800 -92.1200
-4.5781910405e-01 1.3178012498e-01 3.1005930099e+00
21 10 3
2 21 105 -31.2300 -105.8400 23 121 -25.1100 -103.4700
-4.2308913458e-01 9.2649766068e-02 3.0631642811e+00
136 82 45
7 21 115 -29.1400 -98.5100 23 130 -22.6700 -95.7700 25 111 -12.3800 -109.9800 26 66 -11.2000 -113.6600 27 62 -8.7800 -112.4000 28 63 -5.1200 -113.0200 29 65 8.9700 -113.4000
-4.7517016714e-01 2.0395184954e-02 3.0653999009e+00
174 116 102
5 21 127 -30.8400 -85.7900 25 128 -16.2400 -96.8900 22 120 -29.3400 -85.9900 27 111 -13.9100 -99.0400 29 127 1.7900 -99.8700
-7.0480790814e-01 -9.4413583734e-02 3.4446611350e+00
51 40 27
3 21 136 -88.1400 -76.9600 23 85 -89.1900 -78.2000 24 68 -89.6600 -82.9800
-7.9573170032e-01 -5.0029954453e-01 3.1344138735e+00
145 122 84
2 21 161 -51.4700 4.3300 26 145 -58.1500 -4.5200
-8.3143750869e-01 -2.5494581958e-01 2.7426187761e+00
35 33 32
4 23 11 20.6600 -14.6400 25 7 24.7200 -22.7700 22 9 20.2000 -18.6300 27 6 21.4000 -19.3000
-8.9290635992e-01 -3.8232331076e-01 2.7050318584e+00
182 152 88
4 23 15 22.1700 11.6600 25 11 25.6700 2.8700 26 7 22.3300 2.9300 24 10 22.5500 8.6200
-7.3004378357e-01 -6.3908336432e-01 2.9097138203e+00
8 8 7
4 23 25 -29.2900 32.1900 25 20 -24.0200 24.2000 28 22 -29.9700 30.5800 29 19 -19.2900 33.3500
-5.8951716768e-01 4.0141347220e-02 3.3666215940e+00
126 100 52
4 23 27 -69.6000 -99.5500 25 54 -65.8900 -112.6000 22 20 -71.3600 -103.1900 24 28 -69.4400 -103.2500
-7.2580999754e-01 -4.7620922485e-01 2.9422717913e+00
29 16 5
7 23 32 -24.6900 6.2300 25 26 -20.9000 -2.6700 26 22 -23.3100 -3.6300 24 23 -23.4500 3.2900 27 27 -24.4300 -0.2900 28 24 -26.0200 1.8400 29 20 -15.9300 3.8800
-7.5884345356e-01 1.0903772563e-01 2.7649869298e+00
20 21 17
7 23 40 33.8500 -77.4700 25 38 41.7400 -88.5000 26 30 41.0100 -89.7400 22 43 32.9600 -80.5300 24 32 36.0400 -81.3100 27 49 42.3500 -86.3800 28 53 43.5600 -84.1000
-8.1436400468e-01 -5.0732664511e-01 3.1132469873e+00
25 18 1
4 23 69 -52.8400 8.4000 26 38 -54.9900 -2.3700 24 54 -52.8500 5.6100 27 57 -57.4100 0.2800
-7.7306482827e-01 -5.9379737757e-01 2.6989589350e+00
160 133 82
3 23 72 8.6200 36.8600 25 66 12.9700 29.2200 29 57 16.3500 39.8500
-7.9816069870e-01 -7.9111043407e-01 2.8613619814e+00
204 176 122
6 23 73 -25.2700 60.5800 25 68 -22.0200 53.3800 26 161 -25.1200 53.7000 22 65 -27.0900 57.0900 24 89 -24.0400 58.1300 29 32 -30.5400 62.2800
-7.2578312561e-01 1.2525192815e-01 2.7424087277e+00
132 116 88
6 23 84 38.8400 -79.7200 25 57 46.0500 -91.4100 26 29 45.8100 -92.9600 27 71 46.5200 -88.7400 28 73 47.5300 -86.6100 29 46 58.8600 -86.4100
-6.2163852965e-01 -1.3844053769e-01 3.4404610142e+00
41 29 9
5 23 86 -89.3600 -72.5500 25 59 -87.0800 -86.9900 26 47 -89.9800 -91.5500 22 78 -90.4900 -74.7900 24 48 -89.7200 -77.3600
-8.6149828691e-01 7.4695814923e-02 2.6932564831e+00
158 132 91
5 23 88 48.4300 -65.4000 25 75 54.5800 -75.1600 26 50 53.9700 -75.3400 24 123 49.0300 -69.4900 27 72 53.5600 -71.7300
-7.4074947005e-01 -4.4326232110e-01 2.9011468493e+00
22 4 0
5 23 107 -15.9100 3.9700 25 92 -11.6200 -5.3800 26 91 -14.5600 -6.0000 28 87 -16.6700 -0.3100 29 95 -8.4900 1.1900
-7.8485214023e-01 -4.3588866162e-01 2.7450946316e+00
40 20 1
7 23 108 11.7700 11.5900 25 94 14.9700 3.3000 26 93 11.6800 3.4100 24 84 12.2200 8.7600 27 90 10.3800 7.3300 28 89 8.0100 10.3900 29 100 17.0000 12.7600
-8.6706298708e-01 -4.9388963583e-01 2.7329618010e+00
138 117 89
3 23 112 10.5000 25.9700 25 178 14.2400 17.8000 24 151 11.4000 23.2200
-8.0321142497e-01 -7.6816737493e-01 2.9145216995e+00
186 164 120
2 23 115 -33.5200 55.9800 25 100 -31.0100 48.5800
-4.2046318142e-01 1.0545119457e-01 3.1091595867e+00
20 6 1
3 23 126 -28.4000 -99.2400 25 106 -18.9500 -114.0600 27 96 -15.5600 -117.0200
-4.0545807173e-01 4.1192437212e-02 3.0409616299e+00
155 87 54
3 23 136 -21.3000 -86.8800 25 122 -11.8500 -100.9200 27 68 -7.5500 -102.2200
-8.0107758606e-01 -3.0012498676e-02 2.7867467833e+00
3 3 5
3 23 149 24.8200 -53.3000 26 52 29.3700 -64.8200 27 121 29.0000 -62.2500
-6.9423744825e-01 -3.2231651689e-01 3.0278437700e+00
141 132 109
6 23 157 -31.5400 -21.8700 26 131 -29.0800 -34.2100 22 151 -33.6900 -24.7900 27 134 -29.7200 -31.7100 28 150 -30.4000 -30.8500 29 153 -19.7800 -29.4800
-8.6580047383e-01 -3.0702720207e-01 2.7220967460e+00
44 27 15
3 23 165 22.5200 -2.5500 25 168 26.4600 -11.5200 26 142 23.9700 -11.6900
-7.7440630693e-01 -6.1189950695e-01 2.7179279490e+00
29 10 1
8 23 183 4.6800 39.0800 25 186 8.9300 31.4300 26 157 5.8500 31.9600 22 169 3.1000 36.0900 24 87 5.7200 36.6400 27 161 4.5800 36.5000 28 183 2.8000 39.7600 29 106 12.3700 42.9500
-7.1407626551e-01 2.1204279070e-01 2.7951398911e+00
136 108 59
2 25 33 41.9300 -109.5800 26 28 42.1600 -111.0600
-6.5864001730e-01 1.7839636743e-01 2.8070177479e+00
22 12 4
5 25 34 36.9600 -105.0700 26 44 37.3400 -106.4100 24 30 30.8100 -96.8300 28 66 40.7900 -103.7000 29 121 52.6800 -103.5200
-7.8782446464e-01 -4.2823300643e-01 2.9812790668e+00
93 48 22
3 25 45 -24.5400 -8.9500 26 37 -27.9400 -9.8300 27 40 -29.4100 -6.7000
-8.1370325007e-01 -4.3565609692e-01 2.7198361546e+00
176 144 93
3 25 48 19.2000 6.9800 26 39 16.0800 6.9900 27 42 15.0800 11.1400
-8.0587938676e-01 -4.4025818423e-01 2.7200654254e+00
170 139 92
2 25 64 18.7000 7.0400 26 60 15.7000 7.0800
-4.6943203996e-01 5.2610743775e-02 3.0755665260e+00
167 106 60
5 25 116 -16.4300 -102.8900 26 104 -15.8100 -106.0000 27 106 -13.8900 -105.0200 28 112 -10.7400 -105.2100 29 70 2.7100 -105.9800
-7.4414955818e-01 1.4149096521e-01 2.7240858290e+00
17 8 1
2 25 135 50.5400 -92.5400 26 115 50.4400 -93.5000
-7.1362570982e-01 -1.9664840209e-01 2.8335795708e+00
108 100 93
5 25 149 11.8800 -42.3400 26 125 10.6600 -43.5000 24 132 7.4400 -35.6600 27 125 10.5700 -40.2600 28 140 10.5700 -38.0900
-7.1990109280e-01 -3.4113394641e-01 3.0000349999e+00
32 26 28
3 25 164 -22.3700 -26.8700 26 137 -26.5400 -29.0000 29 165 -16.5300 -23.6800
-8.7633262279e-01 -3.3794451204e-01 2.7249756468e+00
182 155 117
2 25 170 24.7700 -6.1000 26 143 21.4600 -5.4400
-7.1896230983e-01 -4.7852714908e-01 2.8698658304e+00
51 2 0
3 25 172 -9.4300 0.9900 26 147 -12.0300 0.4900 29 174 -2.2100 8.4100
-8.3882812103e-01 -5.3694915532e-01 3.1038692963e+00
51 34 12
2 25 174 -51.2100 5.2000 26 148 -55.5000 4.1200
-8.0895279896e-01 -4.6186070856e-01 2.7264092773e+00
54 28 6
3 25 177 16.3600 10.1900 26 150 13.5500 10.7600 27 153 12.4300 14.7900
-7.2973795710e-01 -5.7650830005e-01 2.8577187971e+00
178 112 68
5 25 179 -12.1800 17.4900 26 95 -15.4800 16.6900 24 152 -16.1700 22.8000 27 92 -15.8200 20.7100 29 105 -6.1900 25.9600
-7.6897949341e-01 -6.0835410273e-01 2.7729538697e+00
131 101 79
3 25 184 0.2900 28.3300 26 155 -2.3000 28.5600 22 94 -7.1200 33.3100
-4.3731885591e-01 6.5676656638e-02 3.0832138812e+00
99 44 2
2 17 112 -43.7700 -94.8400 18 99 -42.1400 -102.5600
-9.1404667845e-01 -2.8423654532e-01 2.7002212911e+00
155 133 94
3 17 141 40.3800 -12.8800 18 133 36.8700 -17.1300 24 142 29.7800 -10.9300
-7.0787391408e-01 -5.8674366419e-01 3.0323593692e+00
73 65 51
2 17 156 -36.7100 20.8200 18 149 -40.4700 14.2600
-6.9083114824e-01 -3.2202522059e-01 3.0021200113e+00
135 132 113
2 18 130 -26.7300 -29.4800 24 139 -26.4800 -24.1900
-5.2817910310e-01 -1.1515130350e-02 3.1231923604e+00
26 7 0
2 21 131 -38.1500 -82.4300 24 117 -32.4200 -84.7800
-6.7388418390e-01 -2.5152551115e-01 2.8622750005e+00
121 109 97
2 23 64 -2.6000 -26.3400 24 52 -0.7700 -30.1600
-6.8383135920e-01 -2.1145198912e-01 2.8894413757e+00
36 34 32
2 23 94 -4.4800 -33.3900 27 77 0.2900 -42.4500
-7.6520270166e-01 -5.9277431305e-01 3.0841119903e+00
47 32 3
2 23 110 -52.5900 20.5500 24 86 -52.3100 17.9500
-6.5889654390e-01 2.5826928155e-01 2.8113558415e+00
14 9 7
2 23 120 31.7900 -106.0000 24 60 33.6500 -110.1900
-7.1506899246e-01 -6.1586514912e-01 2.9010519593e+00
58 14 0
3 23 179 -25.7300 28.4600 24 154 -24.2500 26.0500 27 157 -24.8300 23.5600
-7.4572744649e-01 -5.4744039772e-01 2.8884607495e+00
147 76 25
3 25 10 -15.4600 12.3300 27 7 -19.5000 15.2100 28 8 -21.2800 17.2400
-7.7266253571e-01 1.3128983101e-01 2.7501261984e+00
141 118 67
2 25 37 46.0300 -92.1100 28 38 47.9100 -87.9100
-7.8720022001e-01 -4.0055360150e-01 2.7216897572e+00
167 140 89
2 25 47 20.1900 -0.7400 24 37 16.2900 4.7700
-8.1878985971e-01 9.6140581865e-02 2.7057871454e+00
153 130 90
2 25 60 52.7700 -81.7600 27 51 52.4900 -78.7800
-8.8934099051e-01 1.5719284390e-02 2.7032011702e+00
26 18 14
2 25 61 50.0600 -64.7800 24 50 45.3800 -58.6400
-7.2306394571e-01 2.1104571978e-01 2.8006771624e+00
136 111 69
2 25 69 41.0600 -109.8600 27 104 42.5300 -108.6900
-4.4808135640e-01 4.4668020332e-02 3.0364032111e+00
164 93 62
3 25 124 -9.9900 -99.7000 24 111 -17.2200 -90.3400 27 67 -7.5500 -102.2200
-5.6590457190e-01 4.9775167012e-02 2.8654874408e+00
59 31 21
3 25 138 18.3700 -89.3800 27 115 20.3700 -89.0500 28 129 23.3300 -88.1700
-7.1045987088e-01 -2.8083704005e-01 2.8840044149e+00
35 30 25
2 25 158 -0.9200 -31.4900 27 137 -3.1000 -29.3200
-7.1045987088e-01 -2.8083704005e-01 2.8840044149e+00
35 30 25
2 25 159 -0.9200 -31.4900 27 138 -3.1000 -29.3200
-7.8052108098e-01 4.1405823327e-03 2.8071361572e+00
9 8 6
2 26 51 27.5900 -72.9500 27 52 27.6600 -70.1900
-9.0633164977e-01 7.5599594405e-03 2.6838900044e+00
169 140 101
3 26 53 51.4400 -61.1500 27 53 51.1800 -57.6300 28 55 50.5800 -54.9700
-5.2305690704e-01 2.3340120127e-03 3.0334161868e+00
21 0 0
2 26 72 -11.6600 -93.9700 28 71 -7.8800 -92.6400
-8.5737800557e-01 4.9629665781e-02 2.6959481194e+00
47 31 13
2 26 76 51.3200 -71.5200 27 73 51.3400 -68.0900
-6.5820323598e-01 -2.4133479302e-01 2.8993228397e+00
114 107 89
2 26 79 -3.1200 -42.1700 28 76 -2.6200 -37.6600
-5.1053099499e-01 1.2197498243e-01 2.8942701307e+00
22 5 1
2 26 103 17.8600 -106.5700 24 106 9.7600 -95.0800
-4.8083439616e-01 7.8647599584e-03 3.0607044432e+00
28 7 3
2 26 114 -15.6600 -97.4500 28 123 -11.2300 -96.6400
-4.9472195259e-01 1.0092074839e-02 2.9666399220e+00
178 126 89
3 26 116 -0.2700 -92.4500 27 113 1.7700 -90.8000 28 128 4.3900 -90.2700
-8.1998925865e-01 -1.3009804177e-01 2.6770546605e+00
62 46 27
2 26 127 42.3600 -40.1400 27 131 42.2400 -37.0700
-7.0305453595e-01 -2.6781119174e-01 2.9065956570e+00
37 29 18
2 26 129 -5.8700 -36.0800 28 148 -6.4400 -31.6500
-1.1380800765e+00 -3.3908719834e-01 3.1801226846e+00
38 25 11
2 26 141 -64.8900 -14.9900 27 144 -70.8300 -14.4100
-8.2605138200e-01 -4.8778984767e-01 2.7377201913e+00
27 15 3
3 26 152 10.1400 15.3500 27 156 8.9900 19.6200 28 177 6.7900 22.9800
-7.9851551545e-01 -6.9852418597e-01 2.7419579059e+00
196 171 122
2 26 158 -2.4900 45.5900 24 159 -1.9500 50.0800
-9.0282601370e-01 2.3420827699e-02 2.6863283759e+00
167 140 97
2 24 126 49.0000 -58.9000 27 122 51.7500 -60.3000
-6.2567973967e-01 1.4747299812e-01 2.8496021543e+00
12 16 15
2 27 9 29.3400 -103.8800 28 9 31.7600 -102.2500
