# Bundle file v0.3
44 162
5.3200000000e+02 0.0000000000e+00 0.0000000000e+00
9.7215283190e-01 -1.8381626491e-02 2.3362574181e-01
-1.5209869890e-02 9.8986805991e-01 1.4117324051e-01
-2.3385365357e-01 -1.4079538269e-01 9.6202345550e-01
4.5946801599e-02 1.6125902972e-01 1.1313741998e+00
5.3200000000e+02 0.0000000000e+00 0.0000000000e+00
9.7217539242e-01 -1.3874159923e-02 2.3384292604e-01
-1.7455120536e-02 9.9117900276e-01 1.3137542868e-01
-2.3360292194e-01 -1.3180171540e-01 9.6335766083e-01
4.0528519457e-02 1.5808209482e-01 1.1182362262e+00
5.3200000000e+02 0.0000000000e+00 0.0000000000e+00
9.5893219781e-01 -2.3064101250e-02 2.8269610403e-01
-1.9773951345e-02 9.8882707996e-01 1.4774977765e-01
-2.8294527890e-01 -1.4727203802e-01 9.4776205662e-01
-6.4140992494e-02 1.4308022114e-01 1.1464879442e+00
5.3200000000e+02 0.0000000000e+00 0.0000000000e+00
-9.7994320858e-01 7.4809112045e-02 -1.8470220547e-01
-8.6104196944e-02 -9.9482715510e-01 5.3898040306e-02
-1.7971470507e-01 6.8720653630e-02 9.8131549287e-01
-2.4627295958e-01 -7.8333635977e-01 -7.1404734979e+00
5.3200000000e+02 0.0000000000e+00 0.0000000000e+00
-9.5614231711e-01 9.6835777455e-02 -2.7643209225e-01
-1.1028906903e-01 -9.9333467258e-01 3.3504469914e-02
-2.7134515046e-01 6.2522479601e-02 9.6044924325e-01
4.7210663082e-02 -7.1619261315e-01 -7.1244094020e+00
5.3200000000e+02 0.0000000000e+00 0.0000000000e+00
8.4462699355e-01 -1.1080532042e-01 5.2376275424e-01
1.6657743394e-02 9.8331193465e-01 1.8116334830e-01
-5.3509603003e-01 -1.4429074865e-01 8.3237756968e-01
-8.3744628009e-01 -1.1262953780e-02 1.3527665374e+00
5.3200000000e+02 0.0000000000e+00 0.0000000000e+00
-9.2514100651e-01 1.0582090732e-01 -3.6457654017e-01
-1.1499058061e-01 -9.9336052994e-01 3.4675541895e-03
-3.6178900542e-01 4.5130844603e-02 9.3116696807e-01
3.6517394860e-01 -6.2152577805e-01 -7.0977962747e+00
5.3200000000e+02 0.0000000000e+00 0.0000000000e+00
-9.0050438074e-01 1.0086082261e-01 -4.2298812598e-01
-1.1762558172e-01 -9.9296428424e-01 1.3643780392e-02
-4.1863597885e-01 6.2040508392e-02 9.0603250082e-01
5.2557162088e-01 -7.0806806043e-01 -7.0221148033e+00
5.3200000000e+02 0.0000000000e+00 0.0000000000e+00
-8.6545557716e-01 1.1413462840e-01 -4.8781136781e-01
-1.5157248852e-01 -9.8772258870e-01 3.7813601994e-02
-4.7750646560e-01 1.0666477569e-01 8.7212969273e-01
7.3053617196e-01 -8.9591494874e-01 -6.9061548854e+00
5.3200000000e+02 0.0000000000e+00 0.0000000000e+00
7.0986947754e-01 -1.4454976429e-01 6.8934076515e-01
-3.6447694968e-02 9.6986371184e-01 2.4090650883e-01
-7.0338957228e-01 -1.9613705949e-01 6.8320814069e-01
-1.4648085807e+00 -1.5678676730e-01 1.4929048370e+00
5.3200000000e+02 0.0000000000e+00 0.0000000000e+00
-7.9143145211e-01 1.3074817018e-01 -5.9711068706e-01
-1.8492131433e-01 -9.8229502179e-01 3.0009959704e-02
-5.8261510804e-01 1.3416931904e-01 8.0159729897e-01
1.1103191120e+00 -8.0075636403e-01 -6.7003089763e+00
5.3200000000e+02 0.0000000000e+00 0.0000000000e+00
-7.5554571433e-01 1.3175359438e-01 -6.4170995311e-01
-1.9459716585e-01 -9.8048901441e-01 2.7807115487e-02
-6.2552587205e-01 1.4588448510e-01 7.6644314884e-01
1.2641535791e+00 -7.8623226533e-01 -6.6195959256e+00
5.3200000000e+02 0.0000000000e+00 0.0000000000e+00
-6.8445467680e-01 1.4538215369e-01 -7.1441292318e-01
-2.0281836539e-01 -9.7920384717e-01 -4.9534174920e-03
-7.0027602135e-01 1.4150567152e-01 6.9970682350e-01
1.5182720648e+00 -6.9099883685e-01 -6.4790369499e+00
0 0 0
0 0 0
0 0 0
0 0 0
0 0 0
0 0 0
0 0 0
0 0 0
0 0 0
0 0 0
0 0 0
0 0 0
0 0 0
0 0 0
0 0 0
0 0 0
0 0 0
0 0 0
0 0 0
0 0 0
0 0 0
0 0 0
0 0 0
0 0 0
0 0 0
0 0 0
0 0 0
0 0 0
0 0 0
0 0 0
0 0 0
0 0 0
0 0 0
0 0 0
0 0 0
0 0 0
0 0 0
0 0 0
0 0 0
0 0 0
0 0 0
0 0 0
0 0 0
0 0 0
0 0 0
0 0 0
0 0 0
0 0 0
0 0 0
0 0 0
0 0 0
0 0 0
0 0 0
0 0 0
0 0 0
0 0 0
0 0 0
0 0 0
0 0 0
0 0 0
0 0 0
0 0 0
0 0 0
0 0 0
0 0 0
0 0 0
0 0 0
0 0 0
0 0 0
0 0 0
0 0 0
0 0 0
0 0 0
0 0 0
0 0 0
0 0 0
0 0 0
0 0 0
0 0 0
0 0 0
0 0 0
0 0 0
0 0 0
0 0 0
0 0 0
0 0 0
0 0 0
0 0 0
0 0 0
0 0 0
0 0 0
0 0 0
0 0 0
0 0 0
0 0 0
0 0 0
0 0 0
0 0 0
0 0 0
0 0 0
0 0 0
0 0 0
0 0 0
0 0 0
0 0 0
0 0 0
0 0 0
0 0 0
0 0 0
0 0 0
0 0 0
0 0 0
0 0 0
0 0 0
0 0 0
0 0 0
0 0 0
0 0 0
0 0 0
0 0 0
0 0 0
0 0 0
0 0 0
0 0 0
0 0 0
0 0 0
0 0 0
0 0 0
0 0 0
0 0 0
0 0 0
0 0 0
0 0 0
0 0 0
0 0 0
0 0 0
0 0 0
0 0 0
0 0 0
0 0 0
0 0 0
0 0 0
0 0 0
0 0 0
0 0 0
0 0 0
0 0 0
0 0 0
0 0 0
0 0 0
0 0 0
0 0 0
0 0 0
0 0 0
0 0 0
-2.1882743723e-01 -5.7824522708e-01 3.1428101717e+00
202 172 110
6 0 0 -73.4500 -5.6400 1 0 -73.4300 -1.9000 2 0 -77.6700 -6.0000 3 0 -83.0200 -3.2900 4 0 -84.9300 0.0500 6 0 -84.7700 1.5200
-8.5365276918e-01 -6.3926415670e-01 2.8525368485e+00
46 18 5
13 0 1 15.9200 10.1100 1 1 16.9300 13.8700 2 1 10.0200 8.9200 3 1 3.1900 12.0100 4 2 1.9000 14.2500 5 1 0.2200 17.9400 6 1 5.5000 14.6600 7 0 1.9400 7.6200 8 0 -0.6000 -4.7000 9 0 1.7400 8.5000 10 0 -1.7400 6.5900 11 1 -2.6100 8.1200 12 0 -5.5000 8.7900
-8.5365276918e-01 -6.3926415670e-01 2.8525368485e+00
46 18 5
13 0 2 15.9200 10.1100 1 2 16.9300 13.8700 2 2 10.0200 8.9200 3 2 3.1900 12.0100 4 3 1.9000 14.2500 5 2 0.2200 17.9400 6 2 5.5000 14.6600 7 1 1.9400 7.6200 8 1 -0.6000 -4.7000 9 1 1.7400 8.5000 10 1 -1.7400 6.5900 11 2 -2.6100 8.1200 12 1 -5.5000 8.7900
-2.0443318619e-01 -1.6325893801e-01 3.4410360093e+00
182 151 87
8 0 3 -77.5800 -60.5300 1 3 -77.2200 -55.7300 2 3 -85.1900 -60.7700 5 3 -100.7200 -54.9300 6 3 -97.5900 -57.9400 7 2 -103.8200 -64.8500 10 2 -111.6900 -65.9900 11 3 -113.4200 -65.9900
-6.7345517371e-01 -5.0988913821e-01 2.9846336885e+00
25 23 20
4 0 5 -11.3400 -11.4000 1 5 -10.3600 -7.0900 2 6 -18.5200 -11.2500 3 7 -24.4100 -7.6400
-3.7113087777e-01 1.2982940120e-01 3.0189875005e+00
156 90 40
7 0 6 -50.4600 -93.7300 1 6 -49.7000 -89.7100 2 7 -55.7300 -94.2400 3 8 -56.0800 -93.2700 4 5 -54.2300 -90.7700 5 5 -54.6800 -86.1300 6 7 -48.6000 -89.3500
1.2901795131e-01 1.0986759417e-01 3.5113503111e+00
173 144 83
3 0 7 -118.1600 -90.2800 1 7 -117.6300 -86.4300 2 8 -126.1100 -93.3800
-4.0572837043e-01 -1.7354573495e-01 3.1984541105e+00
24 22 23
13 0 8 -50.0400 -55.0000 1 8 -49.3400 -51.1200 2 9 -56.2800 -55.7700 3 6 -61.0400 -55.9100 4 6 -63.0800 -54.2400 5 4 -64.1600 -50.0400 6 4 -59.3500 -53.0700 7 3 -63.3800 -59.6100 8 2 -66.2300 -73.0300 9 2 -62.9700 -60.8700 10 3 -67.4200 -61.2900 11 5 -68.4700 -58.9500 12 2 -70.3800 -58.6600
-7.2325819665e-01 -2.6292911813e-01 2.9964789186e+00
110 101 91
5 0 9 -5.8200 -42.0800 1 9 -4.9100 -38.0100 2 4 -12.8400 -42.4400 3 9 -13.9500 -39.8500 6 5 -11.4200 -34.7500
-7.0481730242e-01 -2.6245556612e-01 2.9280711512e+00
110 101 91
12 0 10 -5.8200 -42.0800 1 10 -4.9100 -38.0100 2 5 -12.8400 -42.4400 3 10 -13.9500 -39.8500 4 7 -14.3800 -36.3100 5 6 -15.5100 -31.9400 6 6 -11.4200 -34.7500 7 4 -15.0900 -41.7800 8 3 -16.1000 -55.1500 9 3 -11.8900 -41.7300 11 6 -15.3800 -41.1100 12 3 -16.7900 -39.8600
-5.3889306554e-01 -5.9180175858e-01 3.0342375284e+00
202 173 107
13 0 11 -31.8800 -0.1400 1 13 -28.6900 2.8400 2 12 -35.8100 -1.7300 3 11 -44.5400 1.4400 4 14 -41.9800 1.9200 5 18 -42.7800 5.6200 6 16 -38.3500 3.4900 7 10 -42.4400 -2.4900 8 5 -48.3500 -12.8100 9 7 -42.3400 -2.6900 10 10 -46.3100 -3.2500 11 14 -46.0900 -2.4600 12 7 -49.9500 -0.8100
-7.7249782250e-01 -8.8882908235e-01 2.8277988248e+00
18 13 9
10 0 12 5.0800 39.0700 1 14 4.4200 43.2500 2 13 -1.9900 38.5500 5 12 -11.7000 48.7400 7 9 -8.4900 38.8100 8 8 -10.3800 26.4500 9 5 -8.3700 40.3300 10 6 -11.0000 38.8500 11 9 -11.1500 40.5200 12 4 -13.0300 41.3000
-9.9096841905e-02 2.3093488626e-01 3.3091595745e+00
177 143 82
3 0 14 -88.8500 -105.9200 1 16 -88.4400 -101.7900 2 14 -95.8500 -107.5400
-1.3072370187e-01 1.1203540494e-01 3.6419148227e+00
41 23 15
3 0 15 -87.7000 -90.2000 1 17 -87.6400 -85.8700 2 16 -96.4500 -91.5700
-4.8046671002e-01 -3.5227339102e-01 3.1552321917e+00
44 40 43
12 0 16 -39.5000 -32.1700 1 19 -38.5100 -27.9800 2 17 -45.8700 -32.7400 3 17 -51.6500 -31.2000 4 13 -53.4000 -29.1000 5 11 -55.3100 -24.8600 6 13 -50.3300 -27.9300 7 8 -55.0800 -34.5600 8 7 -57.9400 -47.5800 9 4 -55.1400 -35.6200 10 4 -59.6500 -37.0000 11 8 -60.2600 -34.2500
3.3137949507e-01 -1.7648416913e-01 2.4088363015e+00
25 14 10
2 0 18 -146.2700 -50.3600 1 18 -145.9900 -46.2000
-7.9512088787e-01 -6.3988529671e-01 2.8003183313e+00
138 71 29
13 0 19 7.2900 7.9000 1 21 8.3000 11.8200 2 19 1.7800 7.0000 3 24 -3.5000 10.5300 4 19 -3.4500 14.0600 5 19 -4.4100 18.0100 6 21 1.8600 14.9700 7 13 -0.9200 7.6700 8 13 -2.3200 -4.6000 9 10 1.0100 9.3200 10 12 -1.8400 7.6000 11 20 -1.4600 9.2100 12 10 -3.4500 10.4400
-6.4952668291e-01 -7.5049987119e-01 2.9310492164e+00
13 3 1
11 0 20 -14.1000 20.0300 1 22 -13.3100 23.2100 2 20 -19.7500 19.6200 3 25 -26.3400 22.4600 4 15 -27.3200 25.5700 5 15 -28.6100 29.9200 6 17 -23.0900 26.3800 7 11 -26.3800 19.4500 8 9 -28.8300 7.0400 9 8 -26.5600 20.1600 10 5 -29.9100 18.3600
-1.7107357740e-01 1.6802659030e-01 3.4313757811e+00
64 34 10
3 0 22 -81.1500 -97.1000 1 24 -80.8100 -93.0500 2 21 -88.6800 -99.0900
-2.0362070250e-01 1.0662841396e-01 3.2204794850e+00
165 130 75
4 0 23 -74.4200 -89.9700 1 25 -74.8300 -85.8900 2 22 -81.5000 -91.5500 3 21 -85.2300 -95.0400
-3.3164039666e-01 7.3461506204e-02 3.0729125189e+00
192 123 74
4 0 24 -56.5800 -86.4000 1 26 -55.7100 -82.0200 2 23 -62.0500 -87.0100 3 26 -63.5300 -86.5400
3.6143550400e-01 5.8012545287e-02 3.5657768136e+00
162 130 69
2 0 25 -146.2700 -85.2900 1 27 -146.1400 -80.8300
3.6143550400e-01 5.8012545287e-02 3.5657768136e+00
162 130 69
2 0 26 -146.2700 -85.2900 1 28 -146.1400 -80.8300
3.8317834791e-01 -5.3890968915e-02 2.9477444095e+00
174 140 74
2 0 27 -151.6900 -70.9500 1 29 -151.4700 -66.6200
-5.5952955149e-01 -4.7693471256e-01 3.1071745597e+00
58 49 50
13 0 28 -28.5200 -15.8000 1 20 -27.6100 -12.2400 2 25 -34.8100 -16.2600 3 27 -41.5300 -14.3200 4 18 -43.0200 -12.2400 5 17 -44.7700 -7.7500 6 20 -39.8700 -10.9500 7 12 -44.2400 -17.3800 8 10 -47.2900 -30.4800 9 9 -45.2000 -17.3600 10 11 -49.0500 -18.0600 11 13 -50.0200 -15.7700 12 6 -53.5700 -16.9800
-3.9932218538e-01 2.3670121420e-01 2.9691753710e+00
14 3 1
8 0 32 -45.0200 -108.0500 1 51 -45.3000 -103.2100 2 73 -51.7200 -107.6300 5 25 -47.0600 -99.9200 7 30 -44.5600 -110.9000 9 25 -38.0400 -113.1500 11 22 -39.9900 -112.7000 12 20 -37.6200 -112.1300
-4.5569567500e-01 2.2699554287e-01 2.9133002475e+00
11 7 7
12 0 33 -37.3700 -106.2200 1 31 -36.4600 -102.0600 2 27 -42.2400 -106.6600 3 29 -41.2600 -104.8700 4 24 -38.1300 -101.7800 5 26 -37.8400 -96.9300 6 28 -31.3100 -100.2200 7 20 -34.6400 -108.1900 9 12 -27.6700 -109.8600 10 20 -30.8000 -111.3600 11 23 -29.5300 -109.1600 12 13 -27.2500 -108.1100
-3.9163251244e-01 1.9577211228e-01 2.9556963544e+00
147 91 43
12 0 34 -46.6600 -101.9400 1 32 -45.7800 -97.7400 2 28 -51.3900 -102.6300 3 30 -51.1600 -101.2100 4 25 -48.2300 -98.5100 5 27 -47.9600 -93.7800 6 29 -41.3700 -97.0400 7 21 -44.9700 -105.2100 9 17 -38.3100 -107.1800 10 21 -41.4100 -109.0000 11 24 -40.0200 -106.8900 12 14 -37.7200 -106.1500
-5.6929682107e-02 1.5648696793e-01 3.4517493490e+00
169 139 84
3 0 35 -94.9100 -96.8400 1 40 -94.8300 -92.1200 2 48 -103.0400 -96.9700
-3.0780692431e-01 -1.6037758043e-01 3.2813222110e+00
190 163 102
7 0 36 -63.1000 -56.8600 1 42 -62.2300 -52.8000 2 29 -70.0400 -57.4200 3 33 -76.1900 -57.9400 4 27 -78.3500 -56.4000 5 50 -80.0700 -53.6100 7 25 -82.1400 -62.6800
-5.9917037068e-01 -7.7782471732e-01 2.9693128162e+00
200 174 116
11 0 39 -21.3100 22.6100 1 34 -20.2900 26.8100 2 30 -27.1600 22.1500 3 35 -33.9800 24.4700 4 29 -35.2100 27.5500 5 33 -36.9200 31.9300 6 33 -31.2200 28.9300 7 27 -34.3800 22.5100 8 26 -37.4000 9.9800 9 22 -35.4000 23.1500 10 29 -39.0000 22.1800
-8.3330670314e-01 -7.9357530961e-01 2.7592802039e+00
12 4 1
12 0 40 12.1100 28.4600 1 36 13.6000 32.0700 2 31 7.3500 27.2100 3 36 1.1200 30.6500 5 43 0.3000 38.0600 6 43 6.2400 35.2900 7 28 4.0700 28.0600 8 33 2.0400 15.8800 9 23 5.5600 29.2500 10 30 3.1800 27.6500 11 36 3.0700 29.4800 12 26 1.2200 30.1700
2.5400078706e-01 -4.7617688296e-02 3.9982244442e-01
168 139 84
2 0 44 -141.0700 -60.6700 1 33 -139.6700 -58.2500
-6.5097142540e-01 -2.4317177808e-01 2.9229126319e+00
119 113 91
13 0 45 -12.5500 -44.5800 1 43 -12.6000 -41.0300 2 38 -18.1700 -44.8700 3 44 -21.4100 -42.3900 4 35 -20.9200 -39.0400 5 36 -22.0100 -34.9200 6 38 -16.1300 -37.6700 7 36 -19.2200 -44.7900 8 24 -20.8900 -58.1600 9 19 -16.4600 -44.8400 10 37 -20.0800 -46.3600 11 26 -20.3200 -44.6400 12 16 -20.5700 -43.6200
3.8200892824e-01 -2.9553753708e-01 3.0383529075e+00
19 11 2
2 0 46 -150.3000 -38.7300 1 45 -150.1000 -34.3300
-6.8058490691e-01 -6.7921234607e-01 2.8897605239e+00
197 133 91
13 0 48 -9.6700 11.9600 1 48 -8.6000 15.9500 2 42 -15.0500 11.2900 3 34 -20.8800 13.8600 4 28 -21.0500 16.9900 5 32 -22.0100 21.1700 6 27 -15.9400 17.9900 7 19 -18.9600 11.0100 8 21 -21.0600 -1.6400 9 14 -18.3300 11.6300 10 17 -21.4900 10.1100 11 21 -21.7500 11.8400 12 11 -24.0300 12.6000
-6.3940284997e-01 -8.6528522392e-01 2.9051569942e+00
202 175 122
4 0 49 -15.0200 35.0000 1 50 -13.8700 38.8800 2 45 -20.7100 34.2900 3 69 -28.0100 36.3000
-1.8724444916e-01 1.1432292443e-01 3.4468416089e+00
170 142 96
9 0 52 -79.1100 -89.2400 1 54 -79.1400 -85.0400 2 51 -87.9100 -90.6400 3 74 -96.3100 -93.9000 4 64 -100.8900 -94.7300 7 45 -106.9100 -104.3600 9 16 -103.8000 -110.6200 10 19 -108.8800 -112.3700 11 17 -108.5400 -111.4500
-2.7797715732e-01 -2.1530323887e-02 3.2792001117e+00
181 157 113
13 0 54 -68.1800 -76.1300 1 84 -67.1300 -72.0700 2 55 -74.5700 -76.5500 3 57 -78.5600 -76.9000 4 44 -79.5300 -74.8200 5 72 -80.6700 -71.0000 6 37 -77.0000 -73.7100 7 63 -81.1800 -81.0500 8 53 -84.6600 -95.3300 9 57 -80.5800 -83.8600 10 46 -86.1400 -84.9200 11 62 -86.6900 -83.1700 12 58 -88.2400 -84.1300
3.6349788192e-01 -1.2530541860e-01 3.7714705848e+00
17 9 0
3 0 55 -145.3900 -64.0400 1 57 -145.1100 -59.6700 2 56 -155.3700 -64.9800
-5.7998744287e-01 -3.4408626031e-01 3.0171343627e+00
144 134 116
11 0 58 -24.3900 -31.9700 1 46 -22.8900 -27.9900 2 41 -29.6500 -32.4500 3 63 -34.9400 -30.7400 4 37 -34.6400 -27.6500 5 38 -36.2200 -23.4600 6 40 -31.1000 -26.5800 7 38 -34.5200 -33.4600 9 20 -32.7400 -33.9800 10 39 -37.2700 -35.2200 12 22 -38.7800 -32.9200
-6.0394156660e-01 -6.6237046644e-01 3.0000114184e+00
165 140 99
11 0 60 -20.5600 8.8700 1 109 -19.5800 12.9400 2 62 -26.5100 8.4100 3 67 -33.1300 10.7400 4 49 -34.7500 13.1900 5 53 -36.5100 17.1800 6 60 -31.2800 14.0500 7 51 -35.0000 7.3200 8 45 -37.8800 -5.6300 9 45 -35.7700 7.3300 10 53 -39.4900 5.8700
-7.5595750896e-01 -6.5551966402e-01 2.8104250871e+00
173 104 63
10 0 61 1.5600 9.8300 1 110 3.0800 13.5400 2 88 -3.4500 8.9100 3 99 -8.8700 12.0500 6 93 -3.3800 16.6300 8 73 -7.5500 -3.0300 9 83 -4.0100 10.4800 10 90 -6.7200 8.9600 11 88 -6.5800 10.8700 12 76 -8.1900 11.8200
-7.4907516049e-01 -6.6878620897e-01 2.7355039416e+00
47 16 1
3 0 62 3.8800 13.7300 1 61 5.3000 17.6000 2 63 -0.8000 12.8500
-8.2612383764e-01 -7.2237834348e-01 2.7691167193e+00
98 53 31
7 0 63 11.9600 19.4700 1 62 13.9500 22.4500 2 64 7.0700 18.3700 5 96 0.4500 29.4900 9 85 4.8900 21.3800 10 92 2.2100 19.6800 11 91 2.7700 21.0500
-6.9061652944e-01 -7.4014928983e-01 2.8545564500e+00
39 5 2
10 0 64 -7.6400 19.4100 1 63 -6.5300 23.3400 2 65 -13.0400 18.6100 3 68 -19.1800 22.0200 4 50 -19.3600 25.0500 5 54 -20.2000 29.8700 6 41 -14.1200 25.8300 7 39 -16.7500 18.7500 8 29 -18.5100 6.1400 11 33 -17.4200 19.8000
-6.9365110551e-01 -7.8377977402e-01 2.8559525148e+00
186 137 97
11 0 66 -7.8700 24.9900 1 65 -6.7100 29.0000 3 47 -19.1200 27.0000 4 51 -19.7000 30.1200 5 55 -20.5400 34.4200 6 62 -14.7300 31.2600 7 41 -16.9600 24.4600 8 31 -18.8100 11.9600 9 31 -16.0700 25.6300 10 43 -18.4300 24.1700 12 24 -20.2300 26.6700
-6.9379070696e-01 -7.8357378224e-01 2.8559414926e+00
186 137 97
13 0 67 -7.8700 24.9900 1 66 -6.7100 29.0000 2 44 -12.7400 24.1900 3 48 -19.1200 27.0000 4 52 -19.7000 30.1200 5 56 -20.5400 34.4200 6 63 -14.7300 31.2600 7 42 -16.9600 24.4600 8 32 -18.8100 11.9600 9 32 -16.0700 25.6300 10 44 -18.4300 24.1700 11 35 -18.5000 26.0600 12 25 -20.2300 26.6700
-7.8719509083e-01 -8.1588183446e-01 2.7761354441e+00
116 66 37
12 0 68 5.8000 30.7200 1 67 7.1300 34.4800 2 67 0.6400 29.9600 4 53 -5.5200 36.0400 5 57 -6.0700 40.4300 6 64 0.0700 37.2300 7 52 -2.2800 30.2200 8 46 -3.9700 17.7700 9 48 -0.9300 31.6000 10 56 -3.3200 29.9200 11 49 -2.7100 31.3600 12 44 -4.9500 32.2500
2.2298355027e-01 2.9693488247e-01 3.8217514819e+00
23 4 0
3 0 70 -129.7100 -112.0100 1 70 -129.5900 -107.6200 2 71 -139.6700 -113.4200
2.2298355027e-01 2.9693488247e-01 3.8217514819e+00
23 4 0
3 0 71 -129.7100 -112.0100 1 71 -129.5900 -107.6200 2 72 -139.6700 -113.4200
-2.1578816403e-01 2.5424621861e-01 3.8173760287e+00
177 149 125
2 0 73 -79.6900 -105.4000 1 73 -79.7500 -101.2400
-1.0544756633e-01 1.3232991552e-01 3.9669394083e+00
18 5 0
2 0 76 -93.0100 -91.6500 1 78 -93.0800 -87.4000
8.0339439588e-03 9.1085194530e-02 3.2964907907e+00
180 161 131
2 0 77 -101.9600 -88.9000 1 81 -101.7200 -84.7000
-2.8021288566e-03 9.7670935614e-02 3.5102212655e+00
180 161 131
3 0 78 -101.9600 -88.9000 1 82 -101.7200 -84.7000 2 126 -110.0400 -90.9300
-1.1372617037e-01 4.9436757421e-02 3.4006381181e+00
170 138 94
4 0 79 -87.9200 -83.5000 1 83 -87.5400 -79.2700 3 55 -105.0200 -88.4900 4 107 -109.9300 -89.9900
4.1232669155e-01 -6.3357930561e-02 2.8418187524e+00
171 155 110
2 0 80 -156.6000 -69.4900 1 85 -156.2500 -65.1500
4.1232669155e-01 -6.3357930561e-02 2.8418187524e+00
171 155 110
2 0 81 -156.6000 -69.4900 1 86 -156.2500 -65.1500
3.6233734997e-01 -8.3144814454e-02 3.1077821868e+00
183 157 118
2 0 82 -147.9100 -67.3000 1 87 -147.6700 -62.9300
3.6233734997e-01 -8.3144814454e-02 3.1077821868e+00
183 157 118
2 0 83 -147.9100 -67.3000 1 88 -147.6700 -62.9300
3.4429175216e-01 -1.7716099731e-01 3.7829154554e+00
160 137 112
3 0 84 -143.1400 -57.5700 1 90 -142.6400 -53.7800 2 147 -152.8800 -59.6100
2.9208371711e-01 -1.0290787228e-01 1.6633763845e+00
160 137 112
2 0 85 -143.1400 -57.5700 1 91 -142.6400 -53.7800
-7.5823544516e-01 -2.2066653569e-01 2.8485130635e+00
150 142 129
12 0 86 2.7700 -46.9500 1 93 3.4900 -42.9800 2 81 -2.7300 -47.3500 3 81 -5.2300 -43.9400 4 70 -4.6300 -40.3900 5 76 -5.2600 -35.7600 6 78 0.2300 -38.8500 7 67 -2.5700 -46.1400 9 62 0.5200 -45.4000 10 74 -2.5900 -47.2000 11 69 -2.3400 -45.2200 12 62 -3.2600 -43.6300
-7.5823544516e-01 -2.2066653569e-01 2.8485130635e+00
150 142 129
12 0 87 2.7700 -46.9500 1 94 3.4900 -42.9800 2 82 -2.7300 -47.3500 3 82 -5.2300 -43.9400 4 71 -4.6300 -40.3900 5 77 -5.2600 -35.7600 6 79 0.2300 -38.8500 7 68 -2.5700 -46.1400 9 63 0.5200 -45.4000 10 75 -2.5900 -47.2000 11 70 -2.3400 -45.2200 12 63 -3.2600 -43.6300
-5.9918616231e-01 -2.3393490871e-01 2.9801279996e+00
130 117 111
9 0 88 -20.8100 -45.7600 1 173 -20.3800 -42.3700 2 155 -26.5800 -46.6500 5 74 -30.7900 -36.7800 6 77 -25.0300 -39.8400 7 130 -29.0200 -47.4400 9 61 -26.2700 -47.9800 10 72 -29.8200 -48.8600 11 68 -29.9000 -47.1100
4.0130088501e-01 -2.6357495603e-01 2.9354505457e+00
83 93 83
2 0 90 -153.6700 -42.1000 1 95 -153.4700 -37.7200
4.0130088501e-01 -2.6357495603e-01 2.9354505457e+00
83 93 83
2 0 91 -153.6700 -42.1000 1 96 -153.4700 -37.7200
-6.5100172688e-01 -2.8443405965e-01 2.9458832382e+00
33 29 18
13 0 93 -13.1700 -39.1200 1 97 -12.4300 -35.2500 2 159 -18.9200 -39.7900 3 88 -22.9400 -37.0700 4 72 -22.5200 -34.0300 5 81 -23.6000 -29.6700 6 82 -17.9900 -32.7800 7 70 -21.3900 -39.9900 8 58 -23.2600 -53.0500 9 68 -19.2300 -39.9700 10 78 -22.6900 -41.3500 11 73 -22.9100 -39.4000 12 66 -23.6900 -38.6900
-6.5810475315e-01 -5.6314237142e-01 2.9189819425e+00
29 16 6
3 0 95 -12.6200 -3.2800 1 104 -11.5600 0.4800 2 61 -18.2200 -3.7300
-6.7113602816e-01 -6.3503186550e-01 2.9061903442e+00
121 94 67
7 0 96 -10.7500 5.7800 1 106 -9.5800 9.8800 2 86 -16.2700 5.2300 3 66 -22.0800 7.8300 4 48 -22.6200 11.0700 5 52 -23.6500 15.4000 6 59 -17.7200 12.4100
-6.9440090327e-01 -6.3967389615e-01 2.8479333612e+00
47 5 0
13 0 97 -7.1400 6.9800 1 108 -6.0300 11.0400 2 87 -12.4400 6.4300 3 97 -17.5100 9.1000 4 83 -17.4300 12.3600 5 95 -17.9200 16.6600 6 92 -11.9000 13.4700 7 78 -14.7100 6.5000 8 44 -16.2200 -6.2200 9 44 -12.9000 7.3400 10 52 -15.7300 5.7500 11 48 -15.2900 7.6100 12 43 -16.7800 8.4400
-7.1324324866e-01 -9.0268172517e-01 2.8708848137e+00
25 12 1
8 0 99 -5.3300 39.8800 1 113 -4.3500 44.0400 2 91 -10.8600 39.3000 3 102 -17.9300 42.0200 4 54 -18.7800 45.0500 5 97 -20.2600 49.2000 6 158 -14.9300 45.8600 7 81 -17.2700 39.5300
-8.4603267986e-01 -9.4999203621e-01 2.8066207666e+00
184 158 120
11 0 100 14.0900 47.5800 1 115 15.2800 51.5200 2 92 8.4000 46.5800 3 103 0.4200 49.8600 4 85 -1.2000 52.7700 5 98 -2.6000 56.8100 8 75 -2.7400 34.6500 9 87 -0.8500 48.8100 10 94 -3.2900 47.2600 11 156 -3.8800 48.9100 12 142 -6.9300 49.6400
-8.2813619179e-01 -9.7814544171e-01 2.8714675594e+00
198 172 124
3 0 101 9.0500 48.9000 1 116 9.8700 53.0500 2 93 2.9900 48.1600
-1.3118191322e+00 3.7395691946e-01 3.6809742874e+00
93 75 51
2 0 102 40.5200 -115.7300 1 120 41.1000 -111.8300
-1.3904532566e-01 3.3584575701e-01 3.7925261338e+00
27 23 22
2 0 104 -88.1600 -115.1000 1 121 -88.1300 -110.8600
-3.0311752426e-01 2.4329519940e-01 3.0391172689e+00
120 91 78
10 0 108 -59.9700 -108.2700 1 124 -59.3300 -104.1200 2 99 -65.2300 -109.0100 4 91 -62.1700 -106.2900 5 104 -62.1000 -101.8900 6 99 -55.8800 -105.2700 7 83 -59.7500 -113.1800 9 92 -53.3500 -116.3300 11 93 -55.5900 -116.0000 12 80 -53.2700 -115.8500
-4.0963463718e-01 2.0603182507e-01 2.9494282002e+00
126 75 41
6 0 109 -43.6200 -103.8500 1 74 -43.6200 -99.5400 2 102 -48.9600 -104.4300 5 62 -45.3200 -95.3900 9 106 -36.0000 -109.0700 12 87 -35.0800 -107.5000
-2.5738217342e-01 1.5838058184e-01 3.0685569498e+00
166 110 89
4 0 115 -65.9000 -97.5600 1 130 -65.4000 -93.3400 2 112 -71.5000 -98.3600 3 116 -71.7800 -98.3800
-2.5738217342e-01 1.5838058184e-01 3.0685569498e+00
166 110 89
4 0 116 -65.9000 -97.5600 1 131 -65.4000 -93.3400 2 113 -71.5000 -98.3600 3 117 -71.7800 -98.3800
-3.0910546465e-01 1.2281245959e-01 3.0120172664e+00
121 48 1
13 0 121 -58.7200 -92.5300 1 139 -57.8100 -88.2100 2 121 -63.8700 -93.1700 3 123 -63.8800 -92.5400 4 105 -61.2200 -90.1400 5 117 -61.1400 -85.7500 6 70 -54.9700 -88.9200 7 105 -58.3700 -96.6500 8 49 -59.3400 -111.5100 9 53 -52.7200 -99.3700 10 64 -55.7800 -100.8700 11 55 -54.5600 -98.9500 12 52 -51.9700 -98.7500
-3.0910546465e-01 1.2281245959e-01 3.0120172664e+00
121 48 1
13 0 122 -58.7200 -92.5300 1 140 -57.8100 -88.2100 2 122 -63.8700 -93.1700 3 124 -63.8800 -92.5400 4 106 -61.2200 -90.1400 5 118 -61.1400 -85.7500 6 71 -54.9700 -88.9200 7 106 -58.3700 -96.6500 8 50 -59.3400 -111.5100 9 54 -52.7200 -99.3700 10 65 -55.7800 -100.8700 11 56 -54.5600 -98.9500 12 53 -51.9700 -98.7500
-4.6411845064e-01 1.1381808193e-01 2.9305819856e+00
158 95 59
7 0 126 -36.2500 -91.4700 1 77 -35.9600 -87.6300 4 112 -39.6300 -86.9900 6 72 -33.1100 -85.8800 10 122 -34.0400 -96.5400 11 58 -32.8400 -94.4500 12 102 -30.9800 -93.4700
-8.1350984020e-01 1.0843779869e-01 2.8061682613e+00
12 11 11
5 0 128 11.8000 -90.3300 1 145 12.2500 -86.3700 4 123 8.0400 -81.7000 6 128 14.0300 -79.8300 9 134 16.3600 -86.4600
4.4559904609e-01 1.1010512379e-01 4.3930511763e+00
29 6 0
2 0 129 -152.5600 -89.7400 1 79 -152.6200 -85.0800
4.4559904609e-01 1.1010512379e-01 4.3930511763e+00
29 6 0
2 0 130 -152.5600 -89.7400 1 80 -152.6200 -85.0800
-1.0539214166e+00 1.4345852211e-01 4.8373761082e+00
14 12 14
2 0 131 -13.0800 -88.6800 1 148 -12.9500 -84.5400
-3.7726375019e-01 4.1557308403e-02 3.1027454412e+00
49 8 1
12 0 137 -51.2800 -82.3800 1 155 -50.7400 -78.1100 2 134 -57.0800 -83.0800 3 135 -59.3700 -82.4000 4 124 -58.3800 -80.0200 5 124 -59.5000 -75.5600 6 129 -53.9500 -78.9000 7 121 -58.1300 -86.4900 8 52 -59.7800 -100.9300 9 56 -54.6300 -88.9300 11 61 -58.2700 -88.7100 12 57 -57.7500 -88.7800
1.2046623211e-01 -6.8862731546e-02 2.3898879154e+00
164 132 91
2 0 144 -112.7100 -66.8400 1 163 -112.1800 -62.8200
2.1677053152e-01 -6.9393821621e-03 -8.3954230528e-01
161 129 83
2 0 146 -117.7600 -63.2300 1 159 -112.7800 -76.0500
3.4732376324e-01 -1.3732364215e-01 2.2686234282e+00
144 140 118
2 0 152 -149.7200 -55.6400 1 92 -149.6400 -51.5700
4.1291950840e-01 -2.0596425704e-01 3.4792800444e+00
13 12 3
2 0 153 -152.3800 -53.3300 1 168 -152.2000 -48.8300
-3.6763856005e-01 -2.0485893885e-01 3.2359979761e+00
64 61 58
5 0 155 -54.7000 -50.9700 1 169 -54.2700 -46.9300 3 147 -67.4600 -51.3500 4 68 -69.1500 -49.4100 5 126 -71.9300 -45.6900
-6.5140623632e-01 -2.0683469138e-01 2.9135274588e+00
29 24 21
12 0 158 -12.4300 -48.9400 1 171 -11.9200 -44.8700 2 80 -17.9000 -49.6300 3 80 -20.9300 -46.9400 4 137 -20.4100 -43.5000 5 73 -20.6800 -39.1500 6 76 -14.6800 -42.3300 7 66 -18.0800 -49.5300 8 40 -19.3500 -62.9800 9 60 -15.2000 -49.5800 10 47 -18.2200 -51.3000 11 67 -18.7000 -49.0300
2.8426732124e-01 -1.7001556212e-01 1.9566803032e+00
156 121 83
2 0 161 -140.0200 -47.4000 1 172 -139.7500 -43.4700
-8.1390223337e-01 -2.4367091533e-01 2.8286567321e+00
104 97 94
5 0 162 10.2600 -43.5500 1 174 11.1500 -39.8000 3 151 1.6700 -40.2700 7 132 4.7500 -42.3000 9 145 7.5200 -41.4400
-7.0670835308e-01 -2.7343803328e-01 2.8865584293e+00
32 21 15
13 0 165 -4.7100 -40.5000 1 175 -3.8600 -36.5200 2 156 -10.2400 -40.9500 3 84 -13.4300 -37.6000 4 143 -13.4900 -34.4900 5 133 -14.5700 -30.1600 6 80 -8.1800 -33.1200 7 135 -11.5100 -40.3700 8 105 -13.0900 -53.4700 9 66 -8.4300 -39.6400 10 48 -11.5800 -41.0400 11 71 -11.7600 -39.3500 12 37 -12.4400 -37.8800
-7.0670835308e-01 -2.7343803328e-01 2.8865584293e+00
32 21 15
13 0 166 -4.7100 -40.5000 1 176 -3.8600 -36.5200 2 157 -10.2400 -40.9500 3 85 -13.4300 -37.6000 4 144 -13.4900 -34.4900 5 134 -14.5700 -30.1600 6 81 -8.1800 -33.1200 7 136 -11.5100 -40.3700 8 106 -13.0900 -53.4700 9 67 -8.4300 -39.6400 10 49 -11.5800 -41.0400 11 72 -11.7600 -39.3500 12 38 -12.4400 -37.8800
-5.4523307632e-01 -2.8395368779e-01 3.0430412764e+00
35 24 19
11 0 167 -29.0800 -40.0700 1 178 -28.1100 -36.0500 2 158 -35.2800 -40.4300 3 83 -39.0600 -39.1500 4 142 -39.6700 -35.7300 5 78 -40.7300 -31.8300 7 134 -39.4000 -42.0300 9 144 -37.4500 -42.5300 10 138 -41.9300 -43.7700 11 136 -42.3600 -41.9900 12 118 -42.9100 -41.4200
-6.1041913285e-01 -2.8486048362e-01 2.9743176473e+00
51 42 27
8 0 168 -18.8500 -39.2200 1 180 -18.4100 -35.2500 3 86 -28.9200 -37.5300 4 145 -28.4600 -34.5100 5 79 -29.8400 -30.2000 6 83 -24.0800 -33.2400 9 64 -25.7000 -40.6000 10 76 -29.0500 -41.9500
-6.1055611088e-01 -2.8536565917e-01 2.9750865284e+00
51 42 27
13 0 169 -18.8500 -39.2200 1 181 -18.4100 -35.2500 2 160 -25.1300 -39.9100 3 87 -28.9200 -37.5300 4 146 -28.4600 -34.5100 5 80 -29.8400 -30.2000 6 84 -24.0800 -33.2400 7 69 -27.8000 -40.5900 8 57 -29.8300 -53.9000 9 65 -25.7000 -40.6000 10 77 -29.0500 -41.9500 11 137 -29.3300 -40.4800 12 119 -30.5300 -39.4800
-5.6412838019e-01 -2.9761255696e-01 3.0214988766e+00
148 139 122
12 0 171 -25.9100 -38.0200 1 182 -25.3100 -33.9800 2 162 -31.9400 -38.6600 3 153 -36.4300 -36.7500 4 147 -36.2200 -33.8300 5 135 -37.9500 -29.6900 6 137 -32.3400 -32.6800 7 137 -36.1100 -39.8600 8 107 -38.3600 -53.0600 10 139 -38.1300 -41.5900 11 138 -38.0600 -39.6600 12 120 -39.3400 -39.2900
-5.3713116680e-01 -3.0639612590e-01 3.0515544461e+00
160 147 141
13 0 173 -30.1800 -37.0500 1 98 -29.4300 -33.0200 2 163 -36.2500 -37.6400 3 89 -40.7700 -36.0700 4 73 -41.2800 -33.3300 5 82 -42.6700 -29.1200 6 138 -37.0500 -32.1800 7 71 -41.0200 -39.1600 8 59 -43.2400 -52.4800 9 69 -39.7600 -39.8800 10 79 -43.5500 -41.0700 11 74 -43.8400 -39.2400 12 64 -45.2400 -38.9100
-5.3694375800e-01 -3.0640809107e-01 3.0516025173e+00
160 147 141
12 0 174 -30.1800 -37.0500 1 99 -29.4300 -33.0200 2 164 -36.2500 -37.6400 3 90 -40.7700 -36.0700 4 74 -41.2800 -33.3300 6 139 -37.0500 -32.1800 7 72 -41.0200 -39.1600 8 60 -43.2400 -52.4800 9 70 -39.7600 -39.8800 10 80 -43.5500 -41.0700 11 75 -43.8400 -39.2400 12 65 -45.2400 -38.9100
-6.3729802494e-01 -3.0675407660e-01 2.9592146791e+00
123 121 108
12 0 176 -15.0300 -36.2000 1 100 -15.0600 -32.5900 2 83 -21.3400 -37.0500 3 91 -25.3200 -34.5400 4 148 -25.1900 -31.4700 5 83 -26.5100 -27.2100 6 141 -19.6800 -29.5600 8 61 -25.8700 -50.4000 9 71 -22.4400 -37.6000 10 81 -25.4800 -38.8200 11 78 -25.5200 -36.7500 12 67 -26.9400 -36.1700
3.9566163464e-01 -3.0486209697e-01 2.8792160320e+00
95 102 92
2 0 178 -153.2200 -35.9100 1 184 -152.7200 -31.4800
-7.1602906791e-01 -3.3626829216e-01 2.9080879165e+00
31 25 19
7 0 182 -3.7600 -32.2600 1 186 -3.3600 -28.1000 4 151 -13.8500 -26.3100 6 144 -9.3600 -25.1900 7 144 -12.6600 -32.4600 8 113 -13.9800 -45.4100 12 124 -15.2900 -30.4200
-4.8499762583e-01 -4.4288628619e-01 3.0956892600e+00
190 172 133
3 0 186 -37.5500 -20.5600 1 187 -36.9700 -16.3900 3 158 -50.0500 -18.1800
-7.3699526188e-01 -4.9216316011e-01 2.9362148275e+00
71 56 45
7 0 188 -1.6800 -12.3400 1 102 -0.8000 -8.4200 2 171 -8.1800 -12.6800 3 95 -13.8700 -9.9700 4 79 -14.9900 -6.7200 5 89 -16.5700 -2.5200 6 90 -11.3200 -5.4900
-5.4180146905e-01 -5.1374672999e-01 3.1377449106e+00
196 174 124
5 0 189 -31.8600 -12.1400 1 188 -30.4100 -7.6000 5 141 -50.8500 -5.5600 7 148 -49.4700 -13.6200 8 115 -51.4700 -25.0700
-7.0170136997e-01 -5.6012203145e-01 2.8984340709e+00
50 6 1
3 0 194 -6.4500 -3.4100 1 192 -5.4500 0.5100 3 165 -17.4600 -1.2000
4.0319320741e-01 -5.1208782044e-01 2.6341723764e+00
35 10 1
2 0 195 -154.9400 -2.8800 1 193 -154.9800 1.4800
-7.4179920287e-01 -5.8571988065e-01 2.8320916192e+00
43 11 0
7 0 196 0.0000 0.7600 1 195 1.2100 4.7700 5 93 -11.1400 10.8400 8 119 -9.4800 -12.1200 9 158 -5.9300 1.5200 11 143 -8.8800 1.7200 12 134 -10.5000 2.7800
-7.4262247802e-01 -5.8723156154e-01 2.8332734349e+00
43 11 0
10 0 197 0.0000 0.7600 1 196 1.2100 4.7700 4 160 -10.6800 6.4000 5 94 -11.1400 10.8400 6 151 -5.3600 7.4800 8 120 -9.4800 -12.1200 9 159 -5.9300 1.5200 10 87 -9.0100 -0.0300 11 144 -8.8800 1.7200 12 135 -10.5000 2.7800
3.6558345974e-01 -4.2281288605e-01 1.6330759527e+00
52 8 1
2 0 198 -156.8700 6.4800 1 107 -156.9200 10.5000
-7.4122917125e-01 -6.4354180539e-01 2.8268361913e+00
84 21 0
10 0 199 -0.8400 7.7700 1 197 0.2700 11.9400 3 167 -11.3700 10.0500 4 161 -10.9500 13.3200 5 150 -11.6200 17.7400 6 153 -5.5800 14.6100 7 153 -8.2300 7.7000 8 125 -9.5200 -5.1800 9 161 -6.4000 8.6500 10 151 -8.8900 6.9700
4.0732236381e-01 -5.5842372919e-01 2.3925517126e+00
178 139 102
2 0 200 -157.3100 9.3700 1 198 -157.1300 13.7600
-6.2532155767e-01 -6.9617720083e-01 2.9751531951e+00
35 29 8
3 0 202 -18.3600 12.3500 1 199 -17.2900 16.1400 2 175 -24.2800 11.9600
-6.8588882792e-01 -9.0545395842e-01 2.9001209430e+00
178 155 115
13 0 206 -9.2000 39.6500 1 202 -8.1000 43.6000 2 90 -15.0600 39.0300 3 101 -22.5100 41.4500 4 84 -23.6000 44.1300 5 58 -25.0500 48.8100 6 65 -19.5100 45.6700 7 53 -22.0900 39.3300 8 48 -24.6400 26.9700 9 49 -22.7000 40.8600 10 57 -25.2300 39.8400 11 38 -26.1400 41.8000 12 28 -28.9300 42.3300
-7.8896281575e-01 -6.5430063210e-01 2.9171087234e+00
166 97 58
4 3 12 -7.6400 11.6100 4 8 -8.8600 15.1200 6 8 -4.8700 16.6700 7 5 -8.2900 9.9100
-3.8015223879e-01 2.4614032992e-01 2.9385644511e+00
17 6 3
2 3 50 -50.7800 -106.6900 6 45 -41.4600 -102.6200
-6.2771465743e-01 -7.6994262723e-01 2.9440601350e+00
29 19 0
2 3 171 -29.5200 24.8500 6 156 -26.6800 28.7800
-4.3106152412e-01 5.7087091818e-02 2.9811350842e+00
49 39 37
2 3 32 -47.5900 -83.0600 7 16 -43.9700 -86.2000
-2.2248119039e-01 3.0628136932e-02 3.6255713745e+00
160 133 83
3 3 42 -104.8800 -88.0200 4 33 -109.7900 -89.0500 7 32 -117.2200 -99.1000
-5.4282617863e-01 -3.5390927814e-01 3.0115467138e+00
61 51 49
2 3 155 -38.3500 -29.4300 7 145 -38.5100 -32.0800
-6.4498098251e-01 -5.9074140959e-01 2.8967749488e+00
18 12 4
2 3 166 -24.4000 2.4100 4 82 -24.5200 4.5200
-4.7874309676e-01 -4.6132462962e-01 3.0894394806e+00
194 173 132
2 4 76 -51.4600 -13.9900 6 146 -48.1900 -12.0900
1.1623334867e+00 5.0026462876e-01 4.7013647464e-01
178 141 99
2 4 97 -87.6100 -101.8400 12 86 35.4700 -109.0400
-2.7461729587e-01 1.3689589534e-01 3.0131530193e+00
101 40 4
2 4 104 -65.4700 -92.2600 6 117 -59.0000 -91.1400
-7.0352495900e-01 -2.5124463916e-01 2.8661813372e+00
128 124 112
3 4 140 -12.2600 -37.4700 8 104 -11.4100 -56.4000 12 117 -11.1500 -41.4000
-7.1265110582e-01 -8.3802269570e-01 2.9316196458e+00
19 18 18
2 6 22 -17.0300 39.1700 8 14 -23.1800 19.2600
-3.8352973974e-01 -5.3735688178e-02 3.1368498032e+00
12 12 12
2 6 74 -56.5200 -67.4500 8 54 -63.1400 -88.8600
-1.0713400510e+00 -3.9091913631e-01 2.7511379449e+00
39 25 14
2 6 87 39.9400 -11.9200 12 126 31.5700 -15.2600
-3.2336010157e-01 9.7920340928e-02 3.0331442543e+00
192 122 67
3 6 121 -55.2500 -85.9200 10 118 -56.4200 -97.7000 11 119 -55.5300 -95.8300
-6.3404840911e-01 -2.3331693884e-01 2.9157409388e+00
129 123 105
3 6 133 -17.3000 -39.4300 7 131 -20.8000 -46.5700 8 103 -22.0200 -59.6200
-5.8614954184e-01 -3.4060921711e-01 3.0078589639e+00
143 137 113
5 7 17 -33.0300 -33.7400 8 20 -35.2200 -47.1200 10 15 -35.5500 -35.8600 11 19 -35.9900 -33.9100 12 9 -36.7600 -33.4500
-7.9093915022e-01 -6.4324522030e-01 2.7870498049e+00
147 80 32
2 7 18 -0.7000 8.0000 10 16 -1.6000 7.7400
-7.5533395961e-01 -7.2749569610e-01 2.8133143455e+00
52 21 14
2 7 26 -7.2700 18.0100 10 27 -8.6900 17.8000
-2.6959886624e-01 1.2616347750e-01 3.2092193786e+00
8 5 5
2 7 31 -76.6900 -100.5300 10 32 -77.6000 -105.1700
-3.3894035001e-01 5.2261268462e-02 3.1214872346e+00
176 112 55
2 7 34 -63.5900 -88.8200 10 23 -63.7800 -92.8800
-2.8807762222e-01 1.1363635378e-01 3.0502722664e+00
174 117 84
2 7 107 -63.6300 -96.1700 10 114 -61.1300 -100.1100
-2.7572850401e-01 9.4656926901e-02 3.1818328375e+00
141 108 98
2 7 108 -74.4700 -96.1400 10 115 -74.7900 -99.9900
-2.9635111245e-01 6.8327627506e-02 3.1815411003e+00
30 5 2
2 7 112 -72.4000 -92.2000 10 123 -73.2600 -96.5300
-4.2849495407e-01 7.4765363894e-02 2.9670890196e+00
34 15 11
3 7 118 -43.1000 -88.9300 11 122 -40.1600 -90.4600 12 106 -38.5400 -89.9600
-7.6977785375e-01 -1.7997724559e-01 2.8461150415e+00
22 17 14
2 7 125 -0.5000 -51.8200 10 134 -0.3900 -52.4500
-4.0805810836e-01 -2.6428030706e-01 3.3303247323e+00
178 163 111
2 7 129 -74.8600 -48.3400 11 133 -82.8900 -49.3900
-6.1604771162e-01 -3.8156151522e-01 2.9670418962e+00
48 41 38
3 7 146 -27.5200 -28.0700 8 114 -29.9500 -41.3300 12 125 -31.0300 -27.0600
-6.8352665998e-01 -7.1940930495e-01 2.8337046000e+00
68 24 3
2 7 154 -16.4900 15.4400 12 138 -18.4300 18.2100
-5.9620595667e-01 -3.3915203389e-01 3.0218776752e+00
120 115 92
2 8 19 -35.2200 -47.1200 11 18 -35.9900 -33.9100
-4.1039830130e-01 4.3887501406e-02 3.0589138158e+00
40 19 16
3 8 98 -52.8900 -100.4800 10 132 -51.3800 -89.9000 11 126 -50.6500 -87.8900
-2.9110044905e-01 2.2824417085e-01 3.0267260462e+00
47 5 0
2 10 59 -57.0500 -114.6800 12 49 -53.0700 -112.5400
-3.5469358251e-01 6.6842156039e-02 3.0926495527e+00
196 125 77
2 10 67 -59.3600 -93.8800 12 54 -57.5100 -91.9200
-1.0138130653e+00 2.3676071249e-01 2.7698549883e+00
38 23 3
2 10 107 39.9000 -105.6100 11 113 39.5100 -102.9900
-4.1080072806e-01 2.2149506734e-02 3.3646620113e+00
11 6 10
2 10 130 -80.7200 -91.2100 11 124 -81.8700 -89.3900
-6.2803666827e-01 -3.3556335996e-01 2.9290989012e+00
34 34 23
2 10 143 -24.4700 -35.4800 12 123 -25.4800 -32.6500
-6.1245151603e-01 -6.9013707539e-01 3.0436589708e+00
176 157 102
2 10 152 -41.6100 10.7200 12 136 -44.6700 12.6000
-6.6884431807e-01 -8.1536492231e-01 2.9785104850e+00
167 144 108
2 10 159 -32.4000 28.0100 11 153 -32.8300 29.9300
-7.9717616205e-01 -8.1014289328e-01 2.7777974279e+00
123 68 39
2 11 37 -2.9700 31.2400 12 27 -4.9700 32.4200
-6.3284747850e-01 -6.4920728921e-01 3.0504672544e+00
160 137 96
2 11 87 -40.1900 7.7400 12 74 -42.9400 7.7700
-3.1180361850e-01 1.7671419365e-01 3.3192490746e+00
166 146 111
2 11 101 -83.8400 -110.8700 12 84 -83.3900 -111.5500
-3.4250632687e-01 5.6486601365e-02 3.1052818372e+00
180 124 97
2 11 121 -61.2700 -90.9200 12 105 -59.9300 -91.0200
-4.3731606940e-01 -1.8482357569e-01 3.3425624782e+00
19 16 18
2 11 129 -80.2400 -59.5300 12 113 -82.3000 -60.4200
